[0.352s] DEBUG:colcon:Command line arguments: ['/usr/bin/colcon', 'build']
[0.353s] DEBUG:colcon:Parsed command line arguments: Namespace(log_base=None, log_level=None, verb_name='build', build_base='build', install_base='install', merge_install=False, symlink_install=False, test_result_base=None, continue_on_error=False, executor='parallel', parallel_workers=4, event_handlers=None, ignore_user_meta=False, metas=['./colcon.meta'], base_paths=['.'], packages_ignore=None, packages_ignore_regex=None, paths=None, packages_up_to=None, packages_up_to_regex=None, packages_above=None, packages_above_and_dependencies=None, packages_above_depth=None, packages_select_by_dep=None, packages_skip_by_dep=None, packages_skip_up_to=None, packages_select_build_failed=False, packages_skip_build_finished=False, packages_select_test_failures=False, packages_skip_test_passed=False, packages_select=None, packages_skip=None, packages_select_regex=None, packages_skip_regex=None, packages_start=None, packages_end=None, allow_overriding=[], cmake_args=None, cmake_target=None, cmake_target_skip_unavailable=False, cmake_clean_cache=False, cmake_clean_first=False, cmake_force_configure=False, ament_cmake_args=None, catkin_cmake_args=None, catkin_skip_building_tests=False, mixin_files=None, mixin=None, verb_parser=<colcon_mixin.mixin.mixin_argument.MixinArgumentDecorator object at 0x79b31d5b6f60>, verb_extension=<colcon_core.verb.build.BuildVerb object at 0x79b31d46bc20>, main=<bound method BuildVerb.main of <colcon_core.verb.build.BuildVerb object at 0x79b31d46bc20>>, mixin_verb=('build',))
[0.544s] Level 1:colcon.colcon_core.package_discovery:discover_packages(colcon_meta) check parameters
[0.545s] Level 1:colcon.colcon_core.package_discovery:discover_packages(recursive) check parameters
[0.545s] Level 1:colcon.colcon_core.package_discovery:discover_packages(ignore) check parameters
[0.545s] Level 1:colcon.colcon_core.package_discovery:discover_packages(path) check parameters
[0.545s] Level 1:colcon.colcon_core.package_discovery:discover_packages(colcon_meta) discover
[0.545s] Level 1:colcon.colcon_core.package_discovery:discover_packages(recursive) discover
[0.545s] INFO:colcon.colcon_core.package_discovery:Crawling recursively for packages in '/home/junge/ros2_ws'
[0.545s] Level 1:colcon.colcon_core.package_identification:_identify(.) by extensions ['ignore', 'ignore_ament_install']
[0.546s] Level 1:colcon.colcon_core.package_identification:_identify(.) by extension 'ignore'
[0.546s] Level 1:colcon.colcon_core.package_identification:_identify(.) by extension 'ignore_ament_install'
[0.546s] Level 1:colcon.colcon_core.package_identification:_identify(.) by extensions ['colcon_pkg']
[0.546s] Level 1:colcon.colcon_core.package_identification:_identify(.) by extension 'colcon_pkg'
[0.546s] Level 1:colcon.colcon_core.package_identification:_identify(.) by extensions ['colcon_meta']
[0.546s] Level 1:colcon.colcon_core.package_identification:_identify(.) by extension 'colcon_meta'
[0.547s] Level 1:colcon.colcon_core.package_identification:_identify(.) by extensions ['ros']
[0.547s] Level 1:colcon.colcon_core.package_identification:_identify(.) by extension 'ros'
[0.627s] Level 1:colcon.colcon_core.package_identification:_identify(.) by extensions ['cmake', 'python']
[0.628s] Level 1:colcon.colcon_core.package_identification:_identify(.) by extension 'cmake'
[0.628s] Level 1:colcon.colcon_core.package_identification:_identify(.) by extension 'python'
[0.628s] Level 1:colcon.colcon_core.package_identification:_identify(.) by extensions ['python_setup_py']
[0.628s] Level 1:colcon.colcon_core.package_identification:_identify(.) by extension 'python_setup_py'
[0.628s] Level 1:colcon.colcon_core.package_identification:_identify(build) by extensions ['ignore', 'ignore_ament_install']
[0.628s] Level 1:colcon.colcon_core.package_identification:_identify(build) by extension 'ignore'
[0.629s] Level 1:colcon.colcon_core.package_identification:_identify(build) ignored
[0.629s] Level 1:colcon.colcon_core.package_identification:_identify(install) by extensions ['ignore', 'ignore_ament_install']
[0.629s] Level 1:colcon.colcon_core.package_identification:_identify(install) by extension 'ignore'
[0.629s] Level 1:colcon.colcon_core.package_identification:_identify(install) ignored
[0.629s] Level 1:colcon.colcon_core.package_identification:_identify(log) by extensions ['ignore', 'ignore_ament_install']
[0.630s] Level 1:colcon.colcon_core.package_identification:_identify(log) by extension 'ignore'
[0.630s] Level 1:colcon.colcon_core.package_identification:_identify(log) ignored
[0.630s] Level 1:colcon.colcon_core.package_identification:_identify(src) by extensions ['ignore', 'ignore_ament_install']
[0.630s] Level 1:colcon.colcon_core.package_identification:_identify(src) by extension 'ignore'
[0.630s] Level 1:colcon.colcon_core.package_identification:_identify(src) by extension 'ignore_ament_install'
[0.630s] Level 1:colcon.colcon_core.package_identification:_identify(src) by extensions ['colcon_pkg']
[0.630s] Level 1:colcon.colcon_core.package_identification:_identify(src) by extension 'colcon_pkg'
[0.631s] Level 1:colcon.colcon_core.package_identification:_identify(src) by extensions ['colcon_meta']
[0.631s] Level 1:colcon.colcon_core.package_identification:_identify(src) by extension 'colcon_meta'
[0.631s] Level 1:colcon.colcon_core.package_identification:_identify(src) by extensions ['ros']
[0.631s] Level 1:colcon.colcon_core.package_identification:_identify(src) by extension 'ros'
[0.631s] Level 1:colcon.colcon_core.package_identification:_identify(src) by extensions ['cmake', 'python']
[0.631s] Level 1:colcon.colcon_core.package_identification:_identify(src) by extension 'cmake'
[0.631s] Level 1:colcon.colcon_core.package_identification:_identify(src) by extension 'python'
[0.631s] Level 1:colcon.colcon_core.package_identification:_identify(src) by extensions ['python_setup_py']
[0.631s] Level 1:colcon.colcon_core.package_identification:_identify(src) by extension 'python_setup_py'
[0.632s] Level 1:colcon.colcon_core.package_identification:_identify(src/my_py_pkg) by extensions ['ignore', 'ignore_ament_install']
[0.632s] Level 1:colcon.colcon_core.package_identification:_identify(src/my_py_pkg) by extension 'ignore'
[0.632s] Level 1:colcon.colcon_core.package_identification:_identify(src/my_py_pkg) by extension 'ignore_ament_install'
[0.632s] Level 1:colcon.colcon_core.package_identification:_identify(src/my_py_pkg) by extensions ['colcon_pkg']
[0.632s] Level 1:colcon.colcon_core.package_identification:_identify(src/my_py_pkg) by extension 'colcon_pkg'
[0.632s] Level 1:colcon.colcon_core.package_identification:_identify(src/my_py_pkg) by extensions ['colcon_meta']
[0.632s] Level 1:colcon.colcon_core.package_identification:_identify(src/my_py_pkg) by extension 'colcon_meta'
[0.632s] Level 1:colcon.colcon_core.package_identification:_identify(src/my_py_pkg) by extensions ['ros']
[0.632s] Level 1:colcon.colcon_core.package_identification:_identify(src/my_py_pkg) by extension 'ros'
[0.638s] DEBUG:colcon.colcon_core.package_identification:Package 'src/my_py_pkg' with type 'ros.ament_python' and name 'my_py_pkg'
[0.639s] Level 1:colcon.colcon_core.package_identification:_identify(src/my_robot_bringup) by extensions ['ignore', 'ignore_ament_install']
[0.639s] Level 1:colcon.colcon_core.package_identification:_identify(src/my_robot_bringup) by extension 'ignore'
[0.639s] Level 1:colcon.colcon_core.package_identification:_identify(src/my_robot_bringup) by extension 'ignore_ament_install'
[0.639s] Level 1:colcon.colcon_core.package_identification:_identify(src/my_robot_bringup) by extensions ['colcon_pkg']
[0.639s] Level 1:colcon.colcon_core.package_identification:_identify(src/my_robot_bringup) by extension 'colcon_pkg'
[0.639s] Level 1:colcon.colcon_core.package_identification:_identify(src/my_robot_bringup) by extensions ['colcon_meta']
[0.639s] Level 1:colcon.colcon_core.package_identification:_identify(src/my_robot_bringup) by extension 'colcon_meta'
[0.639s] Level 1:colcon.colcon_core.package_identification:_identify(src/my_robot_bringup) by extensions ['ros']
[0.639s] Level 1:colcon.colcon_core.package_identification:_identify(src/my_robot_bringup) by extension 'ros'
[0.641s] DEBUG:colcon.colcon_core.package_identification:Package 'src/my_robot_bringup' with type 'ros.ament_cmake' and name 'my_robot_bringup'
[0.641s] Level 1:colcon.colcon_core.package_identification:_identify(src/my_robot_interfaces) by extensions ['ignore', 'ignore_ament_install']
[0.641s] Level 1:colcon.colcon_core.package_identification:_identify(src/my_robot_interfaces) by extension 'ignore'
[0.641s] Level 1:colcon.colcon_core.package_identification:_identify(src/my_robot_interfaces) by extension 'ignore_ament_install'
[0.641s] Level 1:colcon.colcon_core.package_identification:_identify(src/my_robot_interfaces) by extensions ['colcon_pkg']
[0.641s] Level 1:colcon.colcon_core.package_identification:_identify(src/my_robot_interfaces) by extension 'colcon_pkg'
[0.642s] Level 1:colcon.colcon_core.package_identification:_identify(src/my_robot_interfaces) by extensions ['colcon_meta']
[0.642s] Level 1:colcon.colcon_core.package_identification:_identify(src/my_robot_interfaces) by extension 'colcon_meta'
[0.642s] Level 1:colcon.colcon_core.package_identification:_identify(src/my_robot_interfaces) by extensions ['ros']
[0.642s] Level 1:colcon.colcon_core.package_identification:_identify(src/my_robot_interfaces) by extension 'ros'
[0.643s] DEBUG:colcon.colcon_core.package_identification:Package 'src/my_robot_interfaces' with type 'ros.ament_cmake' and name 'my_robot_interfaces'
[0.643s] Level 1:colcon.colcon_core.package_discovery:discover_packages(recursive) using defaults
[0.643s] Level 1:colcon.colcon_core.package_discovery:discover_packages(ignore) discover
[0.643s] Level 1:colcon.colcon_core.package_discovery:discover_packages(ignore) using defaults
[0.643s] Level 1:colcon.colcon_core.package_discovery:discover_packages(path) discover
[0.643s] Level 1:colcon.colcon_core.package_discovery:discover_packages(path) using defaults
[0.693s] Level 1:colcon.colcon_core.package_discovery:discover_packages(prefix_path) check parameters
[0.693s] Level 1:colcon.colcon_core.package_discovery:discover_packages(prefix_path) discover
[0.698s] DEBUG:colcon.colcon_installed_package_information.package_discovery:Found 2 installed packages in /home/junge/install
[0.699s] DEBUG:colcon.colcon_installed_package_information.package_discovery:Found 3 installed packages in /home/junge/ros2_ws/install
[0.708s] DEBUG:colcon.colcon_installed_package_information.package_discovery:Found 285 installed packages in /opt/ros/jazzy
[0.712s] Level 1:colcon.colcon_core.package_discovery:discover_packages(prefix_path) using defaults
[0.858s] Level 5:colcon.colcon_core.verb:set package 'my_robot_interfaces' build argument 'cmake_args' from command line to 'None'
[0.858s] Level 5:colcon.colcon_core.verb:set package 'my_robot_interfaces' build argument 'cmake_target' from command line to 'None'
[0.858s] Level 5:colcon.colcon_core.verb:set package 'my_robot_interfaces' build argument 'cmake_target_skip_unavailable' from command line to 'False'
[0.858s] Level 5:colcon.colcon_core.verb:set package 'my_robot_interfaces' build argument 'cmake_clean_cache' from command line to 'False'
[0.858s] Level 5:colcon.colcon_core.verb:set package 'my_robot_interfaces' build argument 'cmake_clean_first' from command line to 'False'
[0.859s] Level 5:colcon.colcon_core.verb:set package 'my_robot_interfaces' build argument 'cmake_force_configure' from command line to 'False'
[0.859s] Level 5:colcon.colcon_core.verb:set package 'my_robot_interfaces' build argument 'ament_cmake_args' from command line to 'None'
[0.859s] Level 5:colcon.colcon_core.verb:set package 'my_robot_interfaces' build argument 'catkin_cmake_args' from command line to 'None'
[0.859s] Level 5:colcon.colcon_core.verb:set package 'my_robot_interfaces' build argument 'catkin_skip_building_tests' from command line to 'False'
[0.859s] DEBUG:colcon.colcon_core.verb:Building package 'my_robot_interfaces' with the following arguments: {'ament_cmake_args': None, 'build_base': '/home/junge/ros2_ws/build/my_robot_interfaces', 'catkin_cmake_args': None, 'catkin_skip_building_tests': False, 'cmake_args': None, 'cmake_clean_cache': False, 'cmake_clean_first': False, 'cmake_force_configure': False, 'cmake_target': None, 'cmake_target_skip_unavailable': False, 'install_base': '/home/junge/ros2_ws/install/my_robot_interfaces', 'merge_install': False, 'path': '/home/junge/ros2_ws/src/my_robot_interfaces', 'symlink_install': False, 'test_result_base': None}
[0.860s] Level 5:colcon.colcon_core.verb:set package 'my_py_pkg' build argument 'cmake_args' from command line to 'None'
[0.860s] Level 5:colcon.colcon_core.verb:set package 'my_py_pkg' build argument 'cmake_target' from command line to 'None'
[0.860s] Level 5:colcon.colcon_core.verb:set package 'my_py_pkg' build argument 'cmake_target_skip_unavailable' from command line to 'False'
[0.860s] Level 5:colcon.colcon_core.verb:set package 'my_py_pkg' build argument 'cmake_clean_cache' from command line to 'False'
[0.860s] Level 5:colcon.colcon_core.verb:set package 'my_py_pkg' build argument 'cmake_clean_first' from command line to 'False'
[0.860s] Level 5:colcon.colcon_core.verb:set package 'my_py_pkg' build argument 'cmake_force_configure' from command line to 'False'
[0.860s] Level 5:colcon.colcon_core.verb:set package 'my_py_pkg' build argument 'ament_cmake_args' from command line to 'None'
[0.860s] Level 5:colcon.colcon_core.verb:set package 'my_py_pkg' build argument 'catkin_cmake_args' from command line to 'None'
[0.860s] Level 5:colcon.colcon_core.verb:set package 'my_py_pkg' build argument 'catkin_skip_building_tests' from command line to 'False'
[0.860s] DEBUG:colcon.colcon_core.verb:Building package 'my_py_pkg' with the following arguments: {'ament_cmake_args': None, 'build_base': '/home/junge/ros2_ws/build/my_py_pkg', 'catkin_cmake_args': None, 'catkin_skip_building_tests': False, 'cmake_args': None, 'cmake_clean_cache': False, 'cmake_clean_first': False, 'cmake_force_configure': False, 'cmake_target': None, 'cmake_target_skip_unavailable': False, 'install_base': '/home/junge/ros2_ws/install/my_py_pkg', 'merge_install': False, 'path': '/home/junge/ros2_ws/src/my_py_pkg', 'symlink_install': False, 'test_result_base': None}
[0.861s] Level 5:colcon.colcon_core.verb:set package 'my_robot_bringup' build argument 'cmake_args' from command line to 'None'
[0.861s] Level 5:colcon.colcon_core.verb:set package 'my_robot_bringup' build argument 'cmake_target' from command line to 'None'
[0.861s] Level 5:colcon.colcon_core.verb:set package 'my_robot_bringup' build argument 'cmake_target_skip_unavailable' from command line to 'False'
[0.862s] Level 5:colcon.colcon_core.verb:set package 'my_robot_bringup' build argument 'cmake_clean_cache' from command line to 'False'
[0.862s] Level 5:colcon.colcon_core.verb:set package 'my_robot_bringup' build argument 'cmake_clean_first' from command line to 'False'
[0.862s] Level 5:colcon.colcon_core.verb:set package 'my_robot_bringup' build argument 'cmake_force_configure' from command line to 'False'
[0.862s] Level 5:colcon.colcon_core.verb:set package 'my_robot_bringup' build argument 'ament_cmake_args' from command line to 'None'
[0.862s] Level 5:colcon.colcon_core.verb:set package 'my_robot_bringup' build argument 'catkin_cmake_args' from command line to 'None'
[0.862s] Level 5:colcon.colcon_core.verb:set package 'my_robot_bringup' build argument 'catkin_skip_building_tests' from command line to 'False'
[0.862s] DEBUG:colcon.colcon_core.verb:Building package 'my_robot_bringup' with the following arguments: {'ament_cmake_args': None, 'build_base': '/home/junge/ros2_ws/build/my_robot_bringup', 'catkin_cmake_args': None, 'catkin_skip_building_tests': False, 'cmake_args': None, 'cmake_clean_cache': False, 'cmake_clean_first': False, 'cmake_force_configure': False, 'cmake_target': None, 'cmake_target_skip_unavailable': False, 'install_base': '/home/junge/ros2_ws/install/my_robot_bringup', 'merge_install': False, 'path': '/home/junge/ros2_ws/src/my_robot_bringup', 'symlink_install': False, 'test_result_base': None}
[0.862s] INFO:colcon.colcon_core.executor:Executing jobs using 'parallel' executor
[0.865s] DEBUG:colcon.colcon_parallel_executor.executor.parallel:run_until_complete
[0.865s] INFO:colcon.colcon_ros.task.ament_cmake.build:Building ROS package in '/home/junge/ros2_ws/src/my_robot_interfaces' with build type 'ament_cmake'
[0.865s] INFO:colcon.colcon_cmake.task.cmake.build:Building CMake package in '/home/junge/ros2_ws/src/my_robot_interfaces'
[0.874s] INFO:colcon.colcon_core.plugin_system:Skipping extension 'colcon_core.shell.bat': Not used on non-Windows systems
[0.875s] INFO:colcon.colcon_core.shell:Skip shell extension 'powershell' for command environment: Not usable outside of PowerShell
[0.875s] DEBUG:colcon.colcon_core.shell:Skip shell extension 'dsv' for command environment
[0.977s] DEBUG:colcon.colcon_core.event_handler.log_command:Invoking command in '/home/junge/ros2_ws/build/my_robot_interfaces': CMAKE_PREFIX_PATH=${CMAKE_PREFIX_PATH}:/home/junge/install/my_py_pkg:/home/junge/ros2_ws/install/my_py_pkg:/opt/ros/jazzy DEBUGINFOD_URLS=https://debuginfod.ubuntu.com /usr/bin/cmake --build /home/junge/ros2_ws/build/my_robot_interfaces -- -j4 -l4
[10.686s] DEBUG:colcon.colcon_core.event_handler.log_command:Invoked command in '/home/junge/ros2_ws/build/my_robot_interfaces' returned '0': CMAKE_PREFIX_PATH=${CMAKE_PREFIX_PATH}:/home/junge/install/my_py_pkg:/home/junge/ros2_ws/install/my_py_pkg:/opt/ros/jazzy DEBUGINFOD_URLS=https://debuginfod.ubuntu.com /usr/bin/cmake --build /home/junge/ros2_ws/build/my_robot_interfaces -- -j4 -l4
[10.751s] DEBUG:colcon.colcon_core.event_handler.log_command:Invoking command in '/home/junge/ros2_ws/build/my_robot_interfaces': CMAKE_PREFIX_PATH=${CMAKE_PREFIX_PATH}:/home/junge/install/my_py_pkg:/home/junge/ros2_ws/install/my_py_pkg:/opt/ros/jazzy DEBUGINFOD_URLS=https://debuginfod.ubuntu.com /usr/bin/cmake --install /home/junge/ros2_ws/build/my_robot_interfaces
[11.375s] Level 1:colcon.colcon_core.environment:create_environment_scripts_only(my_robot_interfaces)
[11.378s] DEBUG:colcon.colcon_core.event_handler.log_command:Invoked command in '/home/junge/ros2_ws/build/my_robot_interfaces' returned '0': CMAKE_PREFIX_PATH=${CMAKE_PREFIX_PATH}:/home/junge/install/my_py_pkg:/home/junge/ros2_ws/install/my_py_pkg:/opt/ros/jazzy DEBUGINFOD_URLS=https://debuginfod.ubuntu.com /usr/bin/cmake --install /home/junge/ros2_ws/build/my_robot_interfaces
[11.381s] Level 1:colcon.colcon_core.environment:checking '/home/junge/ros2_ws/install/my_robot_interfaces' for CMake module files
[11.384s] Level 1:colcon.colcon_core.environment:checking '/home/junge/ros2_ws/install/my_robot_interfaces' for CMake config files
[11.387s] Level 1:colcon.colcon_core.shell:create_environment_hook('my_robot_interfaces', 'cmake_prefix_path')
[11.388s] INFO:colcon.colcon_core.shell:Creating environment hook '/home/junge/ros2_ws/install/my_robot_interfaces/share/my_robot_interfaces/hook/cmake_prefix_path.ps1'
[11.389s] INFO:colcon.colcon_core.shell:Creating environment descriptor '/home/junge/ros2_ws/install/my_robot_interfaces/share/my_robot_interfaces/hook/cmake_prefix_path.dsv'
[11.390s] INFO:colcon.colcon_core.shell:Creating environment hook '/home/junge/ros2_ws/install/my_robot_interfaces/share/my_robot_interfaces/hook/cmake_prefix_path.sh'
[11.393s] Level 1:colcon.colcon_core.environment:checking '/home/junge/ros2_ws/install/my_robot_interfaces/lib'
[11.393s] Level 1:colcon.colcon_core.shell:create_environment_hook('my_robot_interfaces', 'ld_library_path_lib')
[11.393s] INFO:colcon.colcon_core.shell:Creating environment hook '/home/junge/ros2_ws/install/my_robot_interfaces/share/my_robot_interfaces/hook/ld_library_path_lib.ps1'
[11.394s] INFO:colcon.colcon_core.shell:Creating environment descriptor '/home/junge/ros2_ws/install/my_robot_interfaces/share/my_robot_interfaces/hook/ld_library_path_lib.dsv'
[11.395s] INFO:colcon.colcon_core.shell:Creating environment hook '/home/junge/ros2_ws/install/my_robot_interfaces/share/my_robot_interfaces/hook/ld_library_path_lib.sh'
[11.396s] Level 1:colcon.colcon_core.environment:checking '/home/junge/ros2_ws/install/my_robot_interfaces/bin'
[11.396s] Level 1:colcon.colcon_core.environment:checking '/home/junge/ros2_ws/install/my_robot_interfaces/lib/pkgconfig/my_robot_interfaces.pc'
[11.397s] Level 1:colcon.colcon_core.environment:checking '/home/junge/ros2_ws/install/my_robot_interfaces/lib/python3.12/site-packages'
[11.397s] Level 1:colcon.colcon_core.shell:create_environment_hook('my_robot_interfaces', 'pythonpath')
[11.397s] INFO:colcon.colcon_core.shell:Creating environment hook '/home/junge/ros2_ws/install/my_robot_interfaces/share/my_robot_interfaces/hook/pythonpath.ps1'
[11.398s] INFO:colcon.colcon_core.shell:Creating environment descriptor '/home/junge/ros2_ws/install/my_robot_interfaces/share/my_robot_interfaces/hook/pythonpath.dsv'
[11.399s] INFO:colcon.colcon_core.shell:Creating environment hook '/home/junge/ros2_ws/install/my_robot_interfaces/share/my_robot_interfaces/hook/pythonpath.sh'
[11.401s] Level 1:colcon.colcon_core.environment:checking '/home/junge/ros2_ws/install/my_robot_interfaces/bin'
[11.401s] INFO:colcon.colcon_core.shell:Creating package script '/home/junge/ros2_ws/install/my_robot_interfaces/share/my_robot_interfaces/package.ps1'
[11.404s] INFO:colcon.colcon_core.shell:Creating package descriptor '/home/junge/ros2_ws/install/my_robot_interfaces/share/my_robot_interfaces/package.dsv'
[11.405s] INFO:colcon.colcon_core.shell:Creating package script '/home/junge/ros2_ws/install/my_robot_interfaces/share/my_robot_interfaces/package.sh'
[11.406s] INFO:colcon.colcon_core.shell:Creating package script '/home/junge/ros2_ws/install/my_robot_interfaces/share/my_robot_interfaces/package.bash'
[11.409s] INFO:colcon.colcon_core.shell:Creating package script '/home/junge/ros2_ws/install/my_robot_interfaces/share/my_robot_interfaces/package.zsh'
[11.413s] Level 1:colcon.colcon_core.environment:create_file_with_runtime_dependencies(/home/junge/ros2_ws/install/my_robot_interfaces/share/colcon-core/packages/my_robot_interfaces)
[11.416s] Level 1:colcon.colcon_core.environment:create_environment_scripts_only(my_robot_interfaces)
[11.416s] Level 1:colcon.colcon_core.environment:checking '/home/junge/ros2_ws/install/my_robot_interfaces' for CMake module files
[11.419s] Level 1:colcon.colcon_core.environment:checking '/home/junge/ros2_ws/install/my_robot_interfaces' for CMake config files
[11.422s] Level 1:colcon.colcon_core.shell:create_environment_hook('my_robot_interfaces', 'cmake_prefix_path')
[11.423s] INFO:colcon.colcon_core.shell:Creating environment hook '/home/junge/ros2_ws/install/my_robot_interfaces/share/my_robot_interfaces/hook/cmake_prefix_path.ps1'
[11.424s] INFO:colcon.colcon_core.shell:Creating environment descriptor '/home/junge/ros2_ws/install/my_robot_interfaces/share/my_robot_interfaces/hook/cmake_prefix_path.dsv'
[11.427s] INFO:colcon.colcon_core.shell:Creating environment hook '/home/junge/ros2_ws/install/my_robot_interfaces/share/my_robot_interfaces/hook/cmake_prefix_path.sh'
[11.429s] Level 1:colcon.colcon_core.environment:checking '/home/junge/ros2_ws/install/my_robot_interfaces/lib'
[11.429s] Level 1:colcon.colcon_core.shell:create_environment_hook('my_robot_interfaces', 'ld_library_path_lib')
[11.430s] INFO:colcon.colcon_core.shell:Creating environment hook '/home/junge/ros2_ws/install/my_robot_interfaces/share/my_robot_interfaces/hook/ld_library_path_lib.ps1'
[11.430s] INFO:colcon.colcon_core.shell:Creating environment descriptor '/home/junge/ros2_ws/install/my_robot_interfaces/share/my_robot_interfaces/hook/ld_library_path_lib.dsv'
[11.431s] INFO:colcon.colcon_core.shell:Creating environment hook '/home/junge/ros2_ws/install/my_robot_interfaces/share/my_robot_interfaces/hook/ld_library_path_lib.sh'
[11.432s] Level 1:colcon.colcon_core.environment:checking '/home/junge/ros2_ws/install/my_robot_interfaces/bin'
[11.432s] Level 1:colcon.colcon_core.environment:checking '/home/junge/ros2_ws/install/my_robot_interfaces/lib/pkgconfig/my_robot_interfaces.pc'
[11.432s] Level 1:colcon.colcon_core.environment:checking '/home/junge/ros2_ws/install/my_robot_interfaces/lib/python3.12/site-packages'
[11.433s] Level 1:colcon.colcon_core.shell:create_environment_hook('my_robot_interfaces', 'pythonpath')
[11.433s] INFO:colcon.colcon_core.shell:Creating environment hook '/home/junge/ros2_ws/install/my_robot_interfaces/share/my_robot_interfaces/hook/pythonpath.ps1'
[11.434s] INFO:colcon.colcon_core.shell:Creating environment descriptor '/home/junge/ros2_ws/install/my_robot_interfaces/share/my_robot_interfaces/hook/pythonpath.dsv'
[11.434s] INFO:colcon.colcon_core.shell:Creating environment hook '/home/junge/ros2_ws/install/my_robot_interfaces/share/my_robot_interfaces/hook/pythonpath.sh'
[11.435s] Level 1:colcon.colcon_core.environment:checking '/home/junge/ros2_ws/install/my_robot_interfaces/bin'
[11.436s] INFO:colcon.colcon_core.shell:Creating package script '/home/junge/ros2_ws/install/my_robot_interfaces/share/my_robot_interfaces/package.ps1'
[11.437s] INFO:colcon.colcon_core.shell:Creating package descriptor '/home/junge/ros2_ws/install/my_robot_interfaces/share/my_robot_interfaces/package.dsv'
[11.438s] INFO:colcon.colcon_core.shell:Creating package script '/home/junge/ros2_ws/install/my_robot_interfaces/share/my_robot_interfaces/package.sh'
[11.439s] INFO:colcon.colcon_core.shell:Creating package script '/home/junge/ros2_ws/install/my_robot_interfaces/share/my_robot_interfaces/package.bash'
[11.439s] INFO:colcon.colcon_core.shell:Creating package script '/home/junge/ros2_ws/install/my_robot_interfaces/share/my_robot_interfaces/package.zsh'
[11.440s] Level 1:colcon.colcon_core.environment:create_file_with_runtime_dependencies(/home/junge/ros2_ws/install/my_robot_interfaces/share/colcon-core/packages/my_robot_interfaces)
[11.441s] INFO:colcon.colcon_ros.task.ament_python.build:Building ROS package in '/home/junge/ros2_ws/src/my_py_pkg' with build type 'ament_python'
[11.441s] Level 1:colcon.colcon_core.shell:create_environment_hook('my_py_pkg', 'ament_prefix_path')
[11.441s] INFO:colcon.colcon_core.shell:Creating environment hook '/home/junge/ros2_ws/install/my_py_pkg/share/my_py_pkg/hook/ament_prefix_path.ps1'
[11.443s] INFO:colcon.colcon_core.shell:Creating environment descriptor '/home/junge/ros2_ws/install/my_py_pkg/share/my_py_pkg/hook/ament_prefix_path.dsv'
[11.444s] INFO:colcon.colcon_core.shell:Creating environment hook '/home/junge/ros2_ws/install/my_py_pkg/share/my_py_pkg/hook/ament_prefix_path.sh'
[11.445s] INFO:colcon.colcon_core.shell:Skip shell extension 'powershell' for command environment: Not usable outside of PowerShell
[11.445s] DEBUG:colcon.colcon_core.shell:Skip shell extension 'dsv' for command environment
[12.372s] INFO:colcon.colcon_core.task.python.build:Building Python package in '/home/junge/ros2_ws/src/my_py_pkg'
[12.372s] INFO:colcon.colcon_core.shell:Skip shell extension 'powershell' for command environment: Not usable outside of PowerShell
[12.372s] DEBUG:colcon.colcon_core.shell:Skip shell extension 'dsv' for command environment
[17.680s] DEBUG:colcon.colcon_core.event_handler.log_command:Invoking command in '/home/junge/ros2_ws/build/my_py_pkg': CMAKE_PREFIX_PATH=/home/junge/ros2_ws/install/my_robot_interfaces:/home/junge/install/my_robot_bringup:/home/junge/ros2_ws/install/my_robot_bringup:/opt/ros/jazzy/opt/gz_math_vendor:/opt/ros/jazzy/opt/gz_utils_vendor:/opt/ros/jazzy/opt/gz_cmake_vendor DEBUGINFOD_URLS=https://debuginfod.ubuntu.com PYTHONPATH=/home/junge/ros2_ws/build/my_py_pkg/prefix_override:/usr/lib/python3/dist-packages/colcon_core/task/python/colcon_distutils_commands:/home/junge/ros2_ws/install/my_py_pkg/lib/python3.12/site-packages:/home/junge/ros2_ws/install/my_robot_interfaces/lib/python3.12/site-packages:/home/junge/build/my_py_pkg:/home/junge/install/my_py_pkg/lib/python3.12/site-packages:/home/junge/ros2_ws/build/my_py_pkg:/home/junge/ros2_ws/install/my_py_pkg/lib/python3.12/site-packages:/opt/ros/jazzy/lib/python3.12/site-packages /usr/bin/python3 -W ignore:setup.py install is deprecated -W ignore:easy_install command is deprecated setup.py develop --uninstall --editable --build-directory /home/junge/ros2_ws/build/my_py_pkg/build
[21.426s] DEBUG:colcon.colcon_core.event_handler.log_command:Invoked command in '/home/junge/ros2_ws/build/my_py_pkg' returned '0': CMAKE_PREFIX_PATH=/home/junge/ros2_ws/install/my_robot_interfaces:/home/junge/install/my_robot_bringup:/home/junge/ros2_ws/install/my_robot_bringup:/opt/ros/jazzy/opt/gz_math_vendor:/opt/ros/jazzy/opt/gz_utils_vendor:/opt/ros/jazzy/opt/gz_cmake_vendor DEBUGINFOD_URLS=https://debuginfod.ubuntu.com PYTHONPATH=/home/junge/ros2_ws/build/my_py_pkg/prefix_override:/usr/lib/python3/dist-packages/colcon_core/task/python/colcon_distutils_commands:/home/junge/ros2_ws/install/my_py_pkg/lib/python3.12/site-packages:/home/junge/ros2_ws/install/my_robot_interfaces/lib/python3.12/site-packages:/home/junge/build/my_py_pkg:/home/junge/install/my_py_pkg/lib/python3.12/site-packages:/home/junge/ros2_ws/build/my_py_pkg:/home/junge/ros2_ws/install/my_py_pkg/lib/python3.12/site-packages:/opt/ros/jazzy/lib/python3.12/site-packages /usr/bin/python3 -W ignore:setup.py install is deprecated -W ignore:easy_install command is deprecated setup.py develop --uninstall --editable --build-directory /home/junge/ros2_ws/build/my_py_pkg/build
[21.437s] DEBUG:colcon.colcon_core.event_handler.log_command:Invoking command in '/home/junge/ros2_ws/src/my_py_pkg': CMAKE_PREFIX_PATH=/home/junge/ros2_ws/install/my_robot_interfaces:/home/junge/install/my_robot_bringup:/home/junge/ros2_ws/install/my_robot_bringup:/opt/ros/jazzy/opt/gz_math_vendor:/opt/ros/jazzy/opt/gz_utils_vendor:/opt/ros/jazzy/opt/gz_cmake_vendor DEBUGINFOD_URLS=https://debuginfod.ubuntu.com PYTHONPATH=/home/junge/ros2_ws/build/my_py_pkg/prefix_override:/usr/lib/python3/dist-packages/colcon_core/task/python/colcon_distutils_commands:/home/junge/ros2_ws/install/my_py_pkg/lib/python3.12/site-packages:/home/junge/ros2_ws/install/my_robot_interfaces/lib/python3.12/site-packages:/home/junge/build/my_py_pkg:/home/junge/install/my_py_pkg/lib/python3.12/site-packages:/home/junge/ros2_ws/build/my_py_pkg:/home/junge/ros2_ws/install/my_py_pkg/lib/python3.12/site-packages:/opt/ros/jazzy/lib/python3.12/site-packages /usr/bin/python3 -W ignore:setup.py install is deprecated -W ignore:easy_install command is deprecated setup.py egg_info --egg-base ../../build/my_py_pkg build --build-base /home/junge/ros2_ws/build/my_py_pkg/build install --record /home/junge/ros2_ws/build/my_py_pkg/install.log --single-version-externally-managed install_data --force
[26.450s] Level 1:colcon.colcon_core.environment:checking '/home/junge/ros2_ws/install/my_py_pkg' for CMake module files
[26.450s] DEBUG:colcon.colcon_core.event_handler.log_command:Invoked command in '/home/junge/ros2_ws/src/my_py_pkg' returned '0': CMAKE_PREFIX_PATH=/home/junge/ros2_ws/install/my_robot_interfaces:/home/junge/install/my_robot_bringup:/home/junge/ros2_ws/install/my_robot_bringup:/opt/ros/jazzy/opt/gz_math_vendor:/opt/ros/jazzy/opt/gz_utils_vendor:/opt/ros/jazzy/opt/gz_cmake_vendor DEBUGINFOD_URLS=https://debuginfod.ubuntu.com PYTHONPATH=/home/junge/ros2_ws/build/my_py_pkg/prefix_override:/usr/lib/python3/dist-packages/colcon_core/task/python/colcon_distutils_commands:/home/junge/ros2_ws/install/my_py_pkg/lib/python3.12/site-packages:/home/junge/ros2_ws/install/my_robot_interfaces/lib/python3.12/site-packages:/home/junge/build/my_py_pkg:/home/junge/install/my_py_pkg/lib/python3.12/site-packages:/home/junge/ros2_ws/build/my_py_pkg:/home/junge/ros2_ws/install/my_py_pkg/lib/python3.12/site-packages:/opt/ros/jazzy/lib/python3.12/site-packages /usr/bin/python3 -W ignore:setup.py install is deprecated -W ignore:easy_install command is deprecated setup.py egg_info --egg-base ../../build/my_py_pkg build --build-base /home/junge/ros2_ws/build/my_py_pkg/build install --record /home/junge/ros2_ws/build/my_py_pkg/install.log --single-version-externally-managed install_data --force
[26.452s] Level 1:colcon.colcon_core.environment:checking '/home/junge/ros2_ws/install/my_py_pkg' for CMake config files
[26.454s] Level 1:colcon.colcon_core.environment:checking '/home/junge/ros2_ws/install/my_py_pkg/lib'
[26.456s] Level 1:colcon.colcon_core.environment:checking '/home/junge/ros2_ws/install/my_py_pkg/bin'
[26.456s] Level 1:colcon.colcon_core.environment:checking '/home/junge/ros2_ws/install/my_py_pkg/lib/pkgconfig/my_py_pkg.pc'
[26.457s] Level 1:colcon.colcon_core.environment:checking '/home/junge/ros2_ws/install/my_py_pkg/lib/python3.12/site-packages'
[26.458s] Level 1:colcon.colcon_core.shell:create_environment_hook('my_py_pkg', 'pythonpath')
[26.458s] INFO:colcon.colcon_core.shell:Creating environment hook '/home/junge/ros2_ws/install/my_py_pkg/share/my_py_pkg/hook/pythonpath.ps1'
[26.459s] INFO:colcon.colcon_core.shell:Creating environment descriptor '/home/junge/ros2_ws/install/my_py_pkg/share/my_py_pkg/hook/pythonpath.dsv'
[26.460s] INFO:colcon.colcon_core.shell:Creating environment hook '/home/junge/ros2_ws/install/my_py_pkg/share/my_py_pkg/hook/pythonpath.sh'
[26.461s] Level 1:colcon.colcon_core.environment:checking '/home/junge/ros2_ws/install/my_py_pkg/bin'
[26.462s] Level 1:colcon.colcon_core.environment:create_environment_scripts_only(my_py_pkg)
[26.462s] INFO:colcon.colcon_core.shell:Creating package script '/home/junge/ros2_ws/install/my_py_pkg/share/my_py_pkg/package.ps1'
[26.463s] INFO:colcon.colcon_core.shell:Creating package descriptor '/home/junge/ros2_ws/install/my_py_pkg/share/my_py_pkg/package.dsv'
[26.464s] INFO:colcon.colcon_core.shell:Creating package script '/home/junge/ros2_ws/install/my_py_pkg/share/my_py_pkg/package.sh'
[26.465s] INFO:colcon.colcon_core.shell:Creating package script '/home/junge/ros2_ws/install/my_py_pkg/share/my_py_pkg/package.bash'
[26.466s] INFO:colcon.colcon_core.shell:Creating package script '/home/junge/ros2_ws/install/my_py_pkg/share/my_py_pkg/package.zsh'
[26.467s] Level 1:colcon.colcon_core.environment:create_file_with_runtime_dependencies(/home/junge/ros2_ws/install/my_py_pkg/share/colcon-core/packages/my_py_pkg)
[26.467s] INFO:colcon.colcon_ros.task.ament_cmake.build:Building ROS package in '/home/junge/ros2_ws/src/my_robot_bringup' with build type 'ament_cmake'
[26.468s] INFO:colcon.colcon_cmake.task.cmake.build:Building CMake package in '/home/junge/ros2_ws/src/my_robot_bringup'
[26.468s] INFO:colcon.colcon_core.shell:Skip shell extension 'powershell' for command environment: Not usable outside of PowerShell
[26.468s] DEBUG:colcon.colcon_core.shell:Skip shell extension 'dsv' for command environment
[26.709s] DEBUG:colcon.colcon_core.event_handler.log_command:Invoking command in '/home/junge/ros2_ws/build/my_robot_bringup': AMENT_PREFIX_PATH=/home/junge/ros2_ws/install/my_py_pkg:/home/junge/install/my_robot_bringup:/home/junge/install/my_py_pkg:/home/junge/ros2_ws/install/my_robot_bringup:/home/junge/ros2_ws/install/my_robot_interfaces:/opt/ros/jazzy CMAKE_PREFIX_PATH=/home/junge/ros2_ws/install/my_robot_interfaces:/home/junge/install/my_robot_bringup:/home/junge/ros2_ws/install/my_robot_bringup:/opt/ros/jazzy/opt/gz_math_vendor:/opt/ros/jazzy/opt/gz_utils_vendor:/opt/ros/jazzy/opt/gz_cmake_vendor:/home/junge/install/my_py_pkg:/home/junge/ros2_ws/install/my_py_pkg:/opt/ros/jazzy DEBUGINFOD_URLS=https://debuginfod.ubuntu.com PYTHONPATH=/home/junge/ros2_ws/install/my_py_pkg/lib/python3.12/site-packages:/home/junge/ros2_ws/install/my_robot_interfaces/lib/python3.12/site-packages:/home/junge/build/my_py_pkg:/home/junge/install/my_py_pkg/lib/python3.12/site-packages:/home/junge/ros2_ws/build/my_py_pkg:/opt/ros/jazzy/lib/python3.12/site-packages /usr/bin/cmake --build /home/junge/ros2_ws/build/my_robot_bringup -- -j4 -l4
[27.279s] DEBUG:colcon.colcon_core.event_handler.log_command:Invoked command in '/home/junge/ros2_ws/build/my_robot_bringup' returned '0': AMENT_PREFIX_PATH=/home/junge/ros2_ws/install/my_py_pkg:/home/junge/install/my_robot_bringup:/home/junge/install/my_py_pkg:/home/junge/ros2_ws/install/my_robot_bringup:/home/junge/ros2_ws/install/my_robot_interfaces:/opt/ros/jazzy CMAKE_PREFIX_PATH=/home/junge/ros2_ws/install/my_robot_interfaces:/home/junge/install/my_robot_bringup:/home/junge/ros2_ws/install/my_robot_bringup:/opt/ros/jazzy/opt/gz_math_vendor:/opt/ros/jazzy/opt/gz_utils_vendor:/opt/ros/jazzy/opt/gz_cmake_vendor:/home/junge/install/my_py_pkg:/home/junge/ros2_ws/install/my_py_pkg:/opt/ros/jazzy DEBUGINFOD_URLS=https://debuginfod.ubuntu.com PYTHONPATH=/home/junge/ros2_ws/install/my_py_pkg/lib/python3.12/site-packages:/home/junge/ros2_ws/install/my_robot_interfaces/lib/python3.12/site-packages:/home/junge/build/my_py_pkg:/home/junge/install/my_py_pkg/lib/python3.12/site-packages:/home/junge/ros2_ws/build/my_py_pkg:/opt/ros/jazzy/lib/python3.12/site-packages /usr/bin/cmake --build /home/junge/ros2_ws/build/my_robot_bringup -- -j4 -l4
[27.316s] DEBUG:colcon.colcon_core.event_handler.log_command:Invoking command in '/home/junge/ros2_ws/build/my_robot_bringup': AMENT_PREFIX_PATH=/home/junge/ros2_ws/install/my_py_pkg:/home/junge/install/my_robot_bringup:/home/junge/install/my_py_pkg:/home/junge/ros2_ws/install/my_robot_bringup:/home/junge/ros2_ws/install/my_robot_interfaces:/opt/ros/jazzy CMAKE_PREFIX_PATH=/home/junge/ros2_ws/install/my_robot_interfaces:/home/junge/install/my_robot_bringup:/home/junge/ros2_ws/install/my_robot_bringup:/opt/ros/jazzy/opt/gz_math_vendor:/opt/ros/jazzy/opt/gz_utils_vendor:/opt/ros/jazzy/opt/gz_cmake_vendor:/home/junge/install/my_py_pkg:/home/junge/ros2_ws/install/my_py_pkg:/opt/ros/jazzy DEBUGINFOD_URLS=https://debuginfod.ubuntu.com PYTHONPATH=/home/junge/ros2_ws/install/my_py_pkg/lib/python3.12/site-packages:/home/junge/ros2_ws/install/my_robot_interfaces/lib/python3.12/site-packages:/home/junge/build/my_py_pkg:/home/junge/install/my_py_pkg/lib/python3.12/site-packages:/home/junge/ros2_ws/build/my_py_pkg:/opt/ros/jazzy/lib/python3.12/site-packages /usr/bin/cmake --install /home/junge/ros2_ws/build/my_robot_bringup
[27.398s] Level 1:colcon.colcon_core.environment:create_environment_scripts_only(my_robot_bringup)
[27.399s] Level 1:colcon.colcon_core.environment:checking '/home/junge/ros2_ws/install/my_robot_bringup' for CMake module files
[27.400s] DEBUG:colcon.colcon_core.event_handler.log_command:Invoked command in '/home/junge/ros2_ws/build/my_robot_bringup' returned '0': AMENT_PREFIX_PATH=/home/junge/ros2_ws/install/my_py_pkg:/home/junge/install/my_robot_bringup:/home/junge/install/my_py_pkg:/home/junge/ros2_ws/install/my_robot_bringup:/home/junge/ros2_ws/install/my_robot_interfaces:/opt/ros/jazzy CMAKE_PREFIX_PATH=/home/junge/ros2_ws/install/my_robot_interfaces:/home/junge/install/my_robot_bringup:/home/junge/ros2_ws/install/my_robot_bringup:/opt/ros/jazzy/opt/gz_math_vendor:/opt/ros/jazzy/opt/gz_utils_vendor:/opt/ros/jazzy/opt/gz_cmake_vendor:/home/junge/install/my_py_pkg:/home/junge/ros2_ws/install/my_py_pkg:/opt/ros/jazzy DEBUGINFOD_URLS=https://debuginfod.ubuntu.com PYTHONPATH=/home/junge/ros2_ws/install/my_py_pkg/lib/python3.12/site-packages:/home/junge/ros2_ws/install/my_robot_interfaces/lib/python3.12/site-packages:/home/junge/build/my_py_pkg:/home/junge/install/my_py_pkg/lib/python3.12/site-packages:/home/junge/ros2_ws/build/my_py_pkg:/opt/ros/jazzy/lib/python3.12/site-packages /usr/bin/cmake --install /home/junge/ros2_ws/build/my_robot_bringup
[27.401s] Level 1:colcon.colcon_core.environment:checking '/home/junge/ros2_ws/install/my_robot_bringup' for CMake config files
[27.413s] Level 1:colcon.colcon_core.shell:create_environment_hook('my_robot_bringup', 'cmake_prefix_path')
[27.414s] INFO:colcon.colcon_core.shell:Creating environment hook '/home/junge/ros2_ws/install/my_robot_bringup/share/my_robot_bringup/hook/cmake_prefix_path.ps1'
[27.414s] INFO:colcon.colcon_core.shell:Creating environment descriptor '/home/junge/ros2_ws/install/my_robot_bringup/share/my_robot_bringup/hook/cmake_prefix_path.dsv'
[27.415s] INFO:colcon.colcon_core.shell:Creating environment hook '/home/junge/ros2_ws/install/my_robot_bringup/share/my_robot_bringup/hook/cmake_prefix_path.sh'
[27.416s] Level 1:colcon.colcon_core.environment:checking '/home/junge/ros2_ws/install/my_robot_bringup/bin'
[27.417s] Level 1:colcon.colcon_core.environment:checking '/home/junge/ros2_ws/install/my_robot_bringup/lib/pkgconfig/my_robot_bringup.pc'
[27.417s] Level 1:colcon.colcon_core.environment:checking '/home/junge/ros2_ws/install/my_robot_bringup/lib/python3.12/site-packages'
[27.417s] Level 1:colcon.colcon_core.environment:checking '/home/junge/ros2_ws/install/my_robot_bringup/bin'
[27.418s] INFO:colcon.colcon_core.shell:Creating package script '/home/junge/ros2_ws/install/my_robot_bringup/share/my_robot_bringup/package.ps1'
[27.419s] INFO:colcon.colcon_core.shell:Creating package descriptor '/home/junge/ros2_ws/install/my_robot_bringup/share/my_robot_bringup/package.dsv'
[27.420s] INFO:colcon.colcon_core.shell:Creating package script '/home/junge/ros2_ws/install/my_robot_bringup/share/my_robot_bringup/package.sh'
[27.421s] INFO:colcon.colcon_core.shell:Creating package script '/home/junge/ros2_ws/install/my_robot_bringup/share/my_robot_bringup/package.bash'
[27.421s] INFO:colcon.colcon_core.shell:Creating package script '/home/junge/ros2_ws/install/my_robot_bringup/share/my_robot_bringup/package.zsh'
[27.422s] Level 1:colcon.colcon_core.environment:create_file_with_runtime_dependencies(/home/junge/ros2_ws/install/my_robot_bringup/share/colcon-core/packages/my_robot_bringup)
[27.423s] Level 1:colcon.colcon_core.environment:create_environment_scripts_only(my_robot_bringup)
[27.423s] Level 1:colcon.colcon_core.environment:checking '/home/junge/ros2_ws/install/my_robot_bringup' for CMake module files
[27.425s] Level 1:colcon.colcon_core.environment:checking '/home/junge/ros2_ws/install/my_robot_bringup' for CMake config files
[27.426s] Level 1:colcon.colcon_core.shell:create_environment_hook('my_robot_bringup', 'cmake_prefix_path')
[27.426s] INFO:colcon.colcon_core.shell:Creating environment hook '/home/junge/ros2_ws/install/my_robot_bringup/share/my_robot_bringup/hook/cmake_prefix_path.ps1'
[27.427s] INFO:colcon.colcon_core.shell:Creating environment descriptor '/home/junge/ros2_ws/install/my_robot_bringup/share/my_robot_bringup/hook/cmake_prefix_path.dsv'
[27.428s] INFO:colcon.colcon_core.shell:Creating environment hook '/home/junge/ros2_ws/install/my_robot_bringup/share/my_robot_bringup/hook/cmake_prefix_path.sh'
[27.429s] Level 1:colcon.colcon_core.environment:checking '/home/junge/ros2_ws/install/my_robot_bringup/bin'
[27.429s] Level 1:colcon.colcon_core.environment:checking '/home/junge/ros2_ws/install/my_robot_bringup/lib/pkgconfig/my_robot_bringup.pc'
[27.429s] Level 1:colcon.colcon_core.environment:checking '/home/junge/ros2_ws/install/my_robot_bringup/lib/python3.12/site-packages'
[27.430s] Level 1:colcon.colcon_core.environment:checking '/home/junge/ros2_ws/install/my_robot_bringup/bin'
[27.430s] INFO:colcon.colcon_core.shell:Creating package script '/home/junge/ros2_ws/install/my_robot_bringup/share/my_robot_bringup/package.ps1'
[27.431s] INFO:colcon.colcon_core.shell:Creating package descriptor '/home/junge/ros2_ws/install/my_robot_bringup/share/my_robot_bringup/package.dsv'
[27.432s] INFO:colcon.colcon_core.shell:Creating package script '/home/junge/ros2_ws/install/my_robot_bringup/share/my_robot_bringup/package.sh'
[27.432s] INFO:colcon.colcon_core.shell:Creating package script '/home/junge/ros2_ws/install/my_robot_bringup/share/my_robot_bringup/package.bash'
[27.433s] INFO:colcon.colcon_core.shell:Creating package script '/home/junge/ros2_ws/install/my_robot_bringup/share/my_robot_bringup/package.zsh'
[27.434s] Level 1:colcon.colcon_core.environment:create_file_with_runtime_dependencies(/home/junge/ros2_ws/install/my_robot_bringup/share/colcon-core/packages/my_robot_bringup)
[27.435s] DEBUG:colcon.colcon_parallel_executor.executor.parallel:closing loop
[27.436s] DEBUG:colcon.colcon_parallel_executor.executor.parallel:loop closed
[27.436s] DEBUG:colcon.colcon_parallel_executor.executor.parallel:run_until_complete finished with '0'
[27.436s] DEBUG:colcon.colcon_core.event_reactor:joining thread
[27.485s] INFO:colcon.colcon_core.plugin_system:Skipping extension 'colcon_notification.desktop_notification.terminal_notifier': Not used on non-Darwin systems
[27.486s] INFO:colcon.colcon_core.plugin_system:Skipping extension 'colcon_notification.desktop_notification.win32': Not used on non-Windows systems
[27.486s] INFO:colcon.colcon_notification.desktop_notification:Sending desktop notification using 'notify2'
[27.557s] DEBUG:colcon.colcon_core.event_reactor:joined thread
[27.557s] INFO:colcon.colcon_core.shell:Creating prefix script '/home/junge/ros2_ws/install/local_setup.ps1'
[27.560s] INFO:colcon.colcon_core.shell:Creating prefix util module '/home/junge/ros2_ws/install/_local_setup_util_ps1.py'
[27.563s] INFO:colcon.colcon_core.shell:Creating prefix chain script '/home/junge/ros2_ws/install/setup.ps1'
[27.567s] INFO:colcon.colcon_core.shell:Creating prefix script '/home/junge/ros2_ws/install/local_setup.sh'
[27.568s] INFO:colcon.colcon_core.shell:Creating prefix util module '/home/junge/ros2_ws/install/_local_setup_util_sh.py'
[27.571s] INFO:colcon.colcon_core.shell:Creating prefix chain script '/home/junge/ros2_ws/install/setup.sh'
[27.576s] INFO:colcon.colcon_core.shell:Creating prefix script '/home/junge/ros2_ws/install/local_setup.bash'
[27.579s] INFO:colcon.colcon_core.shell:Creating prefix chain script '/home/junge/ros2_ws/install/setup.bash'
[27.586s] INFO:colcon.colcon_core.shell:Creating prefix script '/home/junge/ros2_ws/install/local_setup.zsh'
[27.588s] INFO:colcon.colcon_core.shell:Creating prefix chain script '/home/junge/ros2_ws/install/setup.zsh'
