[1.449s] Invoking command in '/home/junge/ros2_ws/build/my_robot_bringup': AMENT_PREFIX_PATH=/home/junge/ros2_ws/install/my_py_pkg:/home/junge/ros2_ws/install/my_robot_bringup:/home/junge/ros2_ws/install/my_robot_interfaces:/opt/ros/jazzy CMAKE_PREFIX_PATH=/home/junge/ros2_ws/install/my_robot_interfaces:/home/junge/ros2_ws/install/my_robot_bringup:/opt/ros/jazzy/opt/gz_math_vendor:/opt/ros/jazzy/opt/gz_utils_vendor:/opt/ros/jazzy/opt/gz_cmake_vendor:/home/junge/ros2_ws/install/my_py_pkg:/opt/ros/jazzy DEBUGINFOD_URLS=https://debuginfod.ubuntu.com /usr/bin/cmake --build /home/junge/ros2_ws/build/my_robot_bringup -- -j4 -l4
[5.874s] Invoked command in '/home/junge/ros2_ws/build/my_robot_bringup' returned '0': AMENT_PREFIX_PATH=/home/junge/ros2_ws/install/my_py_pkg:/home/junge/ros2_ws/install/my_robot_bringup:/home/junge/ros2_ws/install/my_robot_interfaces:/opt/ros/jazzy CMAKE_PREFIX_PATH=/home/junge/ros2_ws/install/my_robot_interfaces:/home/junge/ros2_ws/install/my_robot_bringup:/opt/ros/jazzy/opt/gz_math_vendor:/opt/ros/jazzy/opt/gz_utils_vendor:/opt/ros/jazzy/opt/gz_cmake_vendor:/home/junge/ros2_ws/install/my_py_pkg:/opt/ros/jazzy DEBUGINFOD_URLS=https://debuginfod.ubuntu.com /usr/bin/cmake --build /home/junge/ros2_ws/build/my_robot_bringup -- -j4 -l4
[6.123s] Invoking command in '/home/junge/ros2_ws/build/my_robot_bringup': AMENT_PREFIX_PATH=/home/junge/ros2_ws/install/my_py_pkg:/home/junge/ros2_ws/install/my_robot_bringup:/home/junge/ros2_ws/install/my_robot_interfaces:/opt/ros/jazzy CMAKE_PREFIX_PATH=/home/junge/ros2_ws/install/my_robot_interfaces:/home/junge/ros2_ws/install/my_robot_bringup:/opt/ros/jazzy/opt/gz_math_vendor:/opt/ros/jazzy/opt/gz_utils_vendor:/opt/ros/jazzy/opt/gz_cmake_vendor:/home/junge/ros2_ws/install/my_py_pkg:/opt/ros/jazzy DEBUGINFOD_URLS=https://debuginfod.ubuntu.com /usr/bin/cmake --install /home/junge/ros2_ws/build/my_robot_bringup
[6.228s] -- Install configuration: ""
[6.294s] -- Up-to-date: /home/junge/ros2_ws/install/my_robot_bringup/share/my_robot_bringup//launch
[6.417s] -- Installing: /home/junge/ros2_ws/install/my_robot_bringup/share/my_robot_bringup//launch/number_app.launch.xml
[6.417s] -- Up-to-date: /home/junge/ros2_ws/install/my_robot_bringup/share/ament_index/resource_index/package_run_dependencies/my_robot_bringup
[6.428s] -- Up-to-date: /home/junge/ros2_ws/install/my_robot_bringup/share/ament_index/resource_index/parent_prefix_path/my_robot_bringup
[6.429s] -- Up-to-date: /home/junge/ros2_ws/install/my_robot_bringup/share/my_robot_bringup/environment/ament_prefix_path.sh
[6.429s] -- Up-to-date: /home/junge/ros2_ws/install/my_robot_bringup/share/my_robot_bringup/environment/ament_prefix_path.dsv
[6.430s] -- Up-to-date: /home/junge/ros2_ws/install/my_robot_bringup/share/my_robot_bringup/environment/path.sh
[6.430s] -- Up-to-date: /home/junge/ros2_ws/install/my_robot_bringup/share/my_robot_bringup/environment/path.dsv
[6.431s] -- Up-to-date: /home/junge/ros2_ws/install/my_robot_bringup/share/my_robot_bringup/local_setup.bash
[6.431s] -- Up-to-date: /home/junge/ros2_ws/install/my_robot_bringup/share/my_robot_bringup/local_setup.sh
[6.431s] -- Up-to-date: /home/junge/ros2_ws/install/my_robot_bringup/share/my_robot_bringup/local_setup.zsh
[6.431s] -- Up-to-date: /home/junge/ros2_ws/install/my_robot_bringup/share/my_robot_bringup/local_setup.dsv
[6.431s] -- Up-to-date: /home/junge/ros2_ws/install/my_robot_bringup/share/my_robot_bringup/package.dsv
[6.441s] -- Up-to-date: /home/junge/ros2_ws/install/my_robot_bringup/share/ament_index/resource_index/packages/my_robot_bringup
[6.472s] -- Up-to-date: /home/junge/ros2_ws/install/my_robot_bringup/share/my_robot_bringup/cmake/my_robot_bringupConfig.cmake
[6.472s] -- Up-to-date: /home/junge/ros2_ws/install/my_robot_bringup/share/my_robot_bringup/cmake/my_robot_bringupConfig-version.cmake
[6.473s] -- Up-to-date: /home/junge/ros2_ws/install/my_robot_bringup/share/my_robot_bringup/package.xml
[6.477s] Invoked command in '/home/junge/ros2_ws/build/my_robot_bringup' returned '0': AMENT_PREFIX_PATH=/home/junge/ros2_ws/install/my_py_pkg:/home/junge/ros2_ws/install/my_robot_bringup:/home/junge/ros2_ws/install/my_robot_interfaces:/opt/ros/jazzy CMAKE_PREFIX_PATH=/home/junge/ros2_ws/install/my_robot_interfaces:/home/junge/ros2_ws/install/my_robot_bringup:/opt/ros/jazzy/opt/gz_math_vendor:/opt/ros/jazzy/opt/gz_utils_vendor:/opt/ros/jazzy/opt/gz_cmake_vendor:/home/junge/ros2_ws/install/my_py_pkg:/opt/ros/jazzy DEBUGINFOD_URLS=https://debuginfod.ubuntu.com /usr/bin/cmake --install /home/junge/ros2_ws/build/my_robot_bringup
