[6.328s] Invoking command in '/home/junge/ros2_ws/build/my_py_pkg': DEBUGINFOD_URLS=https://debuginfod.ubuntu.com PYTHONPATH=/home/junge/ros2_ws/build/my_py_pkg/prefix_override:/usr/lib/python3/dist-packages/colcon_core/task/python/colcon_distutils_commands:/home/junge/ros2_ws/install/my_py_pkg/lib/python3.12/site-packages:/home/junge/ros2_ws/install/my_robot_interfaces/lib/python3.12/site-packages:/home/junge/ros2_ws/install/my_py_pkg/lib/python3.12/site-packages:/opt/ros/jazzy/lib/python3.12/site-packages /usr/bin/python3 -W ignore:setup.py install is deprecated -W ignore:easy_install command is deprecated setup.py develop --editable --build-directory /home/junge/ros2_ws/build/my_py_pkg/build --no-deps symlink_data --force
[7.394s] running develop
[8.010s] running egg_info
[8.064s] writing my_py_pkg.egg-info/PKG-INFO
[8.069s] writing dependency_links to my_py_pkg.egg-info/dependency_links.txt
[8.069s] writing entry points to my_py_pkg.egg-info/entry_points.txt
[8.069s] writing requirements to my_py_pkg.egg-info/requires.txt
[8.069s] writing top-level names to my_py_pkg.egg-info/top_level.txt
[8.178s] reading manifest file 'my_py_pkg.egg-info/SOURCES.txt'
[8.181s] writing manifest file 'my_py_pkg.egg-info/SOURCES.txt'
[8.239s] running build_ext
[8.239s] Creating /home/junge/ros2_ws/install/my_py_pkg/lib/python3.12/site-packages/my-py-pkg.egg-link (link to .)
[8.241s] Installing add_two_ints_client script to /home/junge/ros2_ws/install/my_py_pkg/lib/my_py_pkg
[8.241s] Installing add_two_ints_client_no_oop script to /home/junge/ros2_ws/install/my_py_pkg/lib/my_py_pkg
[8.242s] Installing add_two_ints_server script to /home/junge/ros2_ws/install/my_py_pkg/lib/my_py_pkg
[8.242s] Installing hw_status_publisher script to /home/junge/ros2_ws/install/my_py_pkg/lib/my_py_pkg
[8.243s] Installing led_panel script to /home/junge/ros2_ws/install/my_py_pkg/lib/my_py_pkg
[8.244s] Installing number_counter script to /home/junge/ros2_ws/install/my_py_pkg/lib/my_py_pkg
[8.245s] Installing number_publisher script to /home/junge/ros2_ws/install/my_py_pkg/lib/my_py_pkg
[8.245s] Installing py_node script to /home/junge/ros2_ws/install/my_py_pkg/lib/my_py_pkg
[8.245s] Installing robot_news_station script to /home/junge/ros2_ws/install/my_py_pkg/lib/my_py_pkg
[8.246s] Installing smartphone script to /home/junge/ros2_ws/install/my_py_pkg/lib/my_py_pkg
[8.246s] 
[8.246s] Installed /home/junge/ros2_ws/build/my_py_pkg
[8.247s] running symlink_data
[8.247s] symbolically linking /home/junge/ros2_ws/build/my_py_pkg/resource/my_py_pkg -> /home/junge/ros2_ws/install/my_py_pkg/share/ament_index/resource_index/packages
[8.247s] symbolically linking /home/junge/ros2_ws/build/my_py_pkg/package.xml -> /home/junge/ros2_ws/install/my_py_pkg/share/my_py_pkg
[8.313s] Invoked command in '/home/junge/ros2_ws/build/my_py_pkg' returned '0': DEBUGINFOD_URLS=https://debuginfod.ubuntu.com PYTHONPATH=/home/junge/ros2_ws/build/my_py_pkg/prefix_override:/usr/lib/python3/dist-packages/colcon_core/task/python/colcon_distutils_commands:/home/junge/ros2_ws/install/my_py_pkg/lib/python3.12/site-packages:/home/junge/ros2_ws/install/my_robot_interfaces/lib/python3.12/site-packages:/home/junge/ros2_ws/install/my_py_pkg/lib/python3.12/site-packages:/opt/ros/jazzy/lib/python3.12/site-packages /usr/bin/python3 -W ignore:setup.py install is deprecated -W ignore:easy_install command is deprecated setup.py develop --editable --build-directory /home/junge/ros2_ws/build/my_py_pkg/build --no-deps symlink_data --force
