[2.062s] DEBUG:colcon:Command line arguments: ['/usr/bin/colcon', 'build', '--packages-select', 'my_robot_bringup']
[2.063s] DEBUG:colcon:Parsed command line arguments: Namespace(log_base=None, log_level=None, verb_name='build', build_base='build', install_base='install', merge_install=False, symlink_install=False, test_result_base=None, continue_on_error=False, executor='parallel', parallel_workers=4, event_handlers=None, ignore_user_meta=False, metas=['./colcon.meta'], base_paths=['.'], packages_ignore=None, packages_ignore_regex=None, paths=None, packages_up_to=None, packages_up_to_regex=None, packages_above=None, packages_above_and_dependencies=None, packages_above_depth=None, packages_select_by_dep=None, packages_skip_by_dep=None, packages_skip_up_to=None, packages_select_build_failed=False, packages_skip_build_finished=False, packages_select_test_failures=False, packages_skip_test_passed=False, packages_select=['my_robot_bringup'], packages_skip=None, packages_select_regex=None, packages_skip_regex=None, packages_start=None, packages_end=None, allow_overriding=[], cmake_args=None, cmake_target=None, cmake_target_skip_unavailable=False, cmake_clean_cache=False, cmake_clean_first=False, cmake_force_configure=False, ament_cmake_args=None, catkin_cmake_args=None, catkin_skip_building_tests=False, mixin_files=None, mixin=None, verb_parser=<colcon_mixin.mixin.mixin_argument.MixinArgumentDecorator object at 0x77bdfa37ff80>, verb_extension=<colcon_core.verb.build.BuildVerb object at 0x77bdfa37fb60>, main=<bound method BuildVerb.main of <colcon_core.verb.build.BuildVerb object at 0x77bdfa37fb60>>, mixin_verb=('build',))
[2.840s] Level 1:colcon.colcon_core.package_discovery:discover_packages(colcon_meta) check parameters
[2.840s] Level 1:colcon.colcon_core.package_discovery:discover_packages(recursive) check parameters
[2.840s] Level 1:colcon.colcon_core.package_discovery:discover_packages(ignore) check parameters
[2.840s] Level 1:colcon.colcon_core.package_discovery:discover_packages(path) check parameters
[2.840s] Level 1:colcon.colcon_core.package_discovery:discover_packages(colcon_meta) discover
[2.841s] Level 1:colcon.colcon_core.package_discovery:discover_packages(recursive) discover
[2.841s] INFO:colcon.colcon_core.package_discovery:Crawling recursively for packages in '/home/junge/ros2_ws'
[2.859s] Level 1:colcon.colcon_core.package_identification:_identify(.) by extensions ['ignore', 'ignore_ament_install']
[2.859s] Level 1:colcon.colcon_core.package_identification:_identify(.) by extension 'ignore'
[2.859s] Level 1:colcon.colcon_core.package_identification:_identify(.) by extension 'ignore_ament_install'
[2.859s] Level 1:colcon.colcon_core.package_identification:_identify(.) by extensions ['colcon_pkg']
[2.859s] Level 1:colcon.colcon_core.package_identification:_identify(.) by extension 'colcon_pkg'
[2.859s] Level 1:colcon.colcon_core.package_identification:_identify(.) by extensions ['colcon_meta']
[2.859s] Level 1:colcon.colcon_core.package_identification:_identify(.) by extension 'colcon_meta'
[2.859s] Level 1:colcon.colcon_core.package_identification:_identify(.) by extensions ['ros']
[2.859s] Level 1:colcon.colcon_core.package_identification:_identify(.) by extension 'ros'
[3.017s] Level 1:colcon.colcon_core.package_identification:_identify(.) by extensions ['cmake', 'python']
[3.017s] Level 1:colcon.colcon_core.package_identification:_identify(.) by extension 'cmake'
[3.017s] Level 1:colcon.colcon_core.package_identification:_identify(.) by extension 'python'
[3.017s] Level 1:colcon.colcon_core.package_identification:_identify(.) by extensions ['python_setup_py']
[3.017s] Level 1:colcon.colcon_core.package_identification:_identify(.) by extension 'python_setup_py'
[3.035s] Level 1:colcon.colcon_core.package_identification:_identify(build) by extensions ['ignore', 'ignore_ament_install']
[3.035s] Level 1:colcon.colcon_core.package_identification:_identify(build) by extension 'ignore'
[3.036s] Level 1:colcon.colcon_core.package_identification:_identify(build) ignored
[3.036s] Level 1:colcon.colcon_core.package_identification:_identify(install) by extensions ['ignore', 'ignore_ament_install']
[3.037s] Level 1:colcon.colcon_core.package_identification:_identify(install) by extension 'ignore'
[3.037s] Level 1:colcon.colcon_core.package_identification:_identify(install) ignored
[3.037s] Level 1:colcon.colcon_core.package_identification:_identify(log) by extensions ['ignore', 'ignore_ament_install']
[3.037s] Level 1:colcon.colcon_core.package_identification:_identify(log) by extension 'ignore'
[3.037s] Level 1:colcon.colcon_core.package_identification:_identify(log) ignored
[3.037s] Level 1:colcon.colcon_core.package_identification:_identify(src) by extensions ['ignore', 'ignore_ament_install']
[3.037s] Level 1:colcon.colcon_core.package_identification:_identify(src) by extension 'ignore'
[3.037s] Level 1:colcon.colcon_core.package_identification:_identify(src) by extension 'ignore_ament_install'
[3.038s] Level 1:colcon.colcon_core.package_identification:_identify(src) by extensions ['colcon_pkg']
[3.038s] Level 1:colcon.colcon_core.package_identification:_identify(src) by extension 'colcon_pkg'
[3.038s] Level 1:colcon.colcon_core.package_identification:_identify(src) by extensions ['colcon_meta']
[3.038s] Level 1:colcon.colcon_core.package_identification:_identify(src) by extension 'colcon_meta'
[3.038s] Level 1:colcon.colcon_core.package_identification:_identify(src) by extensions ['ros']
[3.038s] Level 1:colcon.colcon_core.package_identification:_identify(src) by extension 'ros'
[3.038s] Level 1:colcon.colcon_core.package_identification:_identify(src) by extensions ['cmake', 'python']
[3.038s] Level 1:colcon.colcon_core.package_identification:_identify(src) by extension 'cmake'
[3.038s] Level 1:colcon.colcon_core.package_identification:_identify(src) by extension 'python'
[3.039s] Level 1:colcon.colcon_core.package_identification:_identify(src) by extensions ['python_setup_py']
[3.039s] Level 1:colcon.colcon_core.package_identification:_identify(src) by extension 'python_setup_py'
[3.039s] Level 1:colcon.colcon_core.package_identification:_identify(src/my_py_pkg) by extensions ['ignore', 'ignore_ament_install']
[3.039s] Level 1:colcon.colcon_core.package_identification:_identify(src/my_py_pkg) by extension 'ignore'
[3.039s] Level 1:colcon.colcon_core.package_identification:_identify(src/my_py_pkg) by extension 'ignore_ament_install'
[3.039s] Level 1:colcon.colcon_core.package_identification:_identify(src/my_py_pkg) by extensions ['colcon_pkg']
[3.039s] Level 1:colcon.colcon_core.package_identification:_identify(src/my_py_pkg) by extension 'colcon_pkg'
[3.039s] Level 1:colcon.colcon_core.package_identification:_identify(src/my_py_pkg) by extensions ['colcon_meta']
[3.040s] Level 1:colcon.colcon_core.package_identification:_identify(src/my_py_pkg) by extension 'colcon_meta'
[3.040s] Level 1:colcon.colcon_core.package_identification:_identify(src/my_py_pkg) by extensions ['ros']
[3.040s] Level 1:colcon.colcon_core.package_identification:_identify(src/my_py_pkg) by extension 'ros'
[3.059s] DEBUG:colcon.colcon_core.package_identification:Package 'src/my_py_pkg' with type 'ros.ament_python' and name 'my_py_pkg'
[3.059s] Level 1:colcon.colcon_core.package_identification:_identify(src/my_robot_bringup) by extensions ['ignore', 'ignore_ament_install']
[3.060s] Level 1:colcon.colcon_core.package_identification:_identify(src/my_robot_bringup) by extension 'ignore'
[3.060s] Level 1:colcon.colcon_core.package_identification:_identify(src/my_robot_bringup) by extension 'ignore_ament_install'
[3.060s] Level 1:colcon.colcon_core.package_identification:_identify(src/my_robot_bringup) by extensions ['colcon_pkg']
[3.060s] Level 1:colcon.colcon_core.package_identification:_identify(src/my_robot_bringup) by extension 'colcon_pkg'
[3.060s] Level 1:colcon.colcon_core.package_identification:_identify(src/my_robot_bringup) by extensions ['colcon_meta']
[3.060s] Level 1:colcon.colcon_core.package_identification:_identify(src/my_robot_bringup) by extension 'colcon_meta'
[3.060s] Level 1:colcon.colcon_core.package_identification:_identify(src/my_robot_bringup) by extensions ['ros']
[3.060s] Level 1:colcon.colcon_core.package_identification:_identify(src/my_robot_bringup) by extension 'ros'
[3.062s] DEBUG:colcon.colcon_core.package_identification:Package 'src/my_robot_bringup' with type 'ros.ament_cmake' and name 'my_robot_bringup'
[3.073s] Level 1:colcon.colcon_core.package_identification:_identify(src/my_robot_interfaces) by extensions ['ignore', 'ignore_ament_install']
[3.074s] Level 1:colcon.colcon_core.package_identification:_identify(src/my_robot_interfaces) by extension 'ignore'
[3.074s] Level 1:colcon.colcon_core.package_identification:_identify(src/my_robot_interfaces) by extension 'ignore_ament_install'
[3.074s] Level 1:colcon.colcon_core.package_identification:_identify(src/my_robot_interfaces) by extensions ['colcon_pkg']
[3.074s] Level 1:colcon.colcon_core.package_identification:_identify(src/my_robot_interfaces) by extension 'colcon_pkg'
[3.074s] Level 1:colcon.colcon_core.package_identification:_identify(src/my_robot_interfaces) by extensions ['colcon_meta']
[3.074s] Level 1:colcon.colcon_core.package_identification:_identify(src/my_robot_interfaces) by extension 'colcon_meta'
[3.074s] Level 1:colcon.colcon_core.package_identification:_identify(src/my_robot_interfaces) by extensions ['ros']
[3.074s] Level 1:colcon.colcon_core.package_identification:_identify(src/my_robot_interfaces) by extension 'ros'
[3.076s] DEBUG:colcon.colcon_core.package_identification:Package 'src/my_robot_interfaces' with type 'ros.ament_cmake' and name 'my_robot_interfaces'
[3.076s] Level 1:colcon.colcon_core.package_discovery:discover_packages(recursive) using defaults
[3.076s] Level 1:colcon.colcon_core.package_discovery:discover_packages(ignore) discover
[3.076s] Level 1:colcon.colcon_core.package_discovery:discover_packages(ignore) using defaults
[3.076s] Level 1:colcon.colcon_core.package_discovery:discover_packages(path) discover
[3.076s] Level 1:colcon.colcon_core.package_discovery:discover_packages(path) using defaults
[3.340s] INFO:colcon.colcon_core.package_selection:Skipping not selected package 'my_robot_interfaces' in 'src/my_robot_interfaces'
[3.340s] INFO:colcon.colcon_core.package_selection:Skipping not selected package 'my_py_pkg' in 'src/my_py_pkg'
[3.341s] Level 1:colcon.colcon_core.package_discovery:discover_packages(prefix_path) check parameters
[3.341s] Level 1:colcon.colcon_core.package_discovery:discover_packages(prefix_path) discover
[3.396s] DEBUG:colcon.colcon_installed_package_information.package_discovery:Found 3 installed packages in /home/junge/ros2_ws/install
[3.404s] DEBUG:colcon.colcon_installed_package_information.package_discovery:Found 2 installed packages in /home/junge/install
[3.419s] DEBUG:colcon.colcon_installed_package_information.package_discovery:Found 285 installed packages in /opt/ros/jazzy
[3.421s] Level 1:colcon.colcon_core.package_discovery:discover_packages(prefix_path) using defaults
[3.575s] Level 5:colcon.colcon_core.verb:set package 'my_robot_bringup' build argument 'cmake_args' from command line to 'None'
[3.575s] Level 5:colcon.colcon_core.verb:set package 'my_robot_bringup' build argument 'cmake_target' from command line to 'None'
[3.576s] Level 5:colcon.colcon_core.verb:set package 'my_robot_bringup' build argument 'cmake_target_skip_unavailable' from command line to 'False'
[3.576s] Level 5:colcon.colcon_core.verb:set package 'my_robot_bringup' build argument 'cmake_clean_cache' from command line to 'False'
[3.576s] Level 5:colcon.colcon_core.verb:set package 'my_robot_bringup' build argument 'cmake_clean_first' from command line to 'False'
[3.576s] Level 5:colcon.colcon_core.verb:set package 'my_robot_bringup' build argument 'cmake_force_configure' from command line to 'False'
[3.576s] Level 5:colcon.colcon_core.verb:set package 'my_robot_bringup' build argument 'ament_cmake_args' from command line to 'None'
[3.576s] Level 5:colcon.colcon_core.verb:set package 'my_robot_bringup' build argument 'catkin_cmake_args' from command line to 'None'
[3.576s] Level 5:colcon.colcon_core.verb:set package 'my_robot_bringup' build argument 'catkin_skip_building_tests' from command line to 'False'
[3.577s] DEBUG:colcon.colcon_core.verb:Building package 'my_robot_bringup' with the following arguments: {'ament_cmake_args': None, 'build_base': '/home/junge/ros2_ws/build/my_robot_bringup', 'catkin_cmake_args': None, 'catkin_skip_building_tests': False, 'cmake_args': None, 'cmake_clean_cache': False, 'cmake_clean_first': False, 'cmake_force_configure': False, 'cmake_target': None, 'cmake_target_skip_unavailable': False, 'install_base': '/home/junge/ros2_ws/install/my_robot_bringup', 'merge_install': False, 'path': '/home/junge/ros2_ws/src/my_robot_bringup', 'symlink_install': False, 'test_result_base': None}
[3.577s] INFO:colcon.colcon_core.executor:Executing jobs using 'parallel' executor
[3.579s] DEBUG:colcon.colcon_parallel_executor.executor.parallel:run_until_complete
[3.579s] INFO:colcon.colcon_ros.task.ament_cmake.build:Building ROS package in '/home/junge/ros2_ws/src/my_robot_bringup' with build type 'ament_cmake'
[3.580s] INFO:colcon.colcon_cmake.task.cmake.build:Building CMake package in '/home/junge/ros2_ws/src/my_robot_bringup'
[3.618s] INFO:colcon.colcon_core.plugin_system:Skipping extension 'colcon_core.shell.bat': Not used on non-Windows systems
[3.619s] INFO:colcon.colcon_core.shell:Skip shell extension 'powershell' for command environment: Not usable outside of PowerShell
[3.619s] DEBUG:colcon.colcon_core.shell:Skip shell extension 'dsv' for command environment
[3.686s] DEBUG:colcon.colcon_core.event_handler.log_command:Invoking command in '/home/junge/ros2_ws/build/my_robot_bringup': AMENT_PREFIX_PATH=/home/junge/ros2_ws/install/my_py_pkg:/home/junge/ros2_ws/install/my_robot_bringup:/home/junge/ros2_ws/install/my_robot_interfaces:/home/junge/install/my_robot_bringup:/home/junge/install/my_py_pkg:/opt/ros/jazzy CMAKE_PREFIX_PATH=/home/junge/ros2_ws/install/my_robot_interfaces:/home/junge/ros2_ws/install/my_robot_bringup:/home/junge/install/my_robot_bringup:/opt/ros/jazzy/opt/gz_math_vendor:/opt/ros/jazzy/opt/gz_utils_vendor:/opt/ros/jazzy/opt/gz_cmake_vendor:/home/junge/ros2_ws/install/my_py_pkg:/home/junge/install/my_py_pkg:/opt/ros/jazzy DEBUGINFOD_URLS=https://debuginfod.ubuntu.com /usr/bin/cmake --build /home/junge/ros2_ws/build/my_robot_bringup -- -j4 -l4
[6.474s] DEBUG:colcon.colcon_core.event_handler.log_command:Invoked command in '/home/junge/ros2_ws/build/my_robot_bringup' returned '0': AMENT_PREFIX_PATH=/home/junge/ros2_ws/install/my_py_pkg:/home/junge/ros2_ws/install/my_robot_bringup:/home/junge/ros2_ws/install/my_robot_interfaces:/home/junge/install/my_robot_bringup:/home/junge/install/my_py_pkg:/opt/ros/jazzy CMAKE_PREFIX_PATH=/home/junge/ros2_ws/install/my_robot_interfaces:/home/junge/ros2_ws/install/my_robot_bringup:/home/junge/install/my_robot_bringup:/opt/ros/jazzy/opt/gz_math_vendor:/opt/ros/jazzy/opt/gz_utils_vendor:/opt/ros/jazzy/opt/gz_cmake_vendor:/home/junge/ros2_ws/install/my_py_pkg:/home/junge/install/my_py_pkg:/opt/ros/jazzy DEBUGINFOD_URLS=https://debuginfod.ubuntu.com /usr/bin/cmake --build /home/junge/ros2_ws/build/my_robot_bringup -- -j4 -l4
[6.541s] DEBUG:colcon.colcon_core.event_handler.log_command:Invoking command in '/home/junge/ros2_ws/build/my_robot_bringup': AMENT_PREFIX_PATH=/home/junge/ros2_ws/install/my_py_pkg:/home/junge/ros2_ws/install/my_robot_bringup:/home/junge/ros2_ws/install/my_robot_interfaces:/home/junge/install/my_robot_bringup:/home/junge/install/my_py_pkg:/opt/ros/jazzy CMAKE_PREFIX_PATH=/home/junge/ros2_ws/install/my_robot_interfaces:/home/junge/ros2_ws/install/my_robot_bringup:/home/junge/install/my_robot_bringup:/opt/ros/jazzy/opt/gz_math_vendor:/opt/ros/jazzy/opt/gz_utils_vendor:/opt/ros/jazzy/opt/gz_cmake_vendor:/home/junge/ros2_ws/install/my_py_pkg:/home/junge/install/my_py_pkg:/opt/ros/jazzy DEBUGINFOD_URLS=https://debuginfod.ubuntu.com /usr/bin/cmake --install /home/junge/ros2_ws/build/my_robot_bringup
[6.633s] Level 1:colcon.colcon_core.environment:create_environment_scripts_only(my_robot_bringup)
[6.635s] DEBUG:colcon.colcon_core.event_handler.log_command:Invoked command in '/home/junge/ros2_ws/build/my_robot_bringup' returned '0': AMENT_PREFIX_PATH=/home/junge/ros2_ws/install/my_py_pkg:/home/junge/ros2_ws/install/my_robot_bringup:/home/junge/ros2_ws/install/my_robot_interfaces:/home/junge/install/my_robot_bringup:/home/junge/install/my_py_pkg:/opt/ros/jazzy CMAKE_PREFIX_PATH=/home/junge/ros2_ws/install/my_robot_interfaces:/home/junge/ros2_ws/install/my_robot_bringup:/home/junge/install/my_robot_bringup:/opt/ros/jazzy/opt/gz_math_vendor:/opt/ros/jazzy/opt/gz_utils_vendor:/opt/ros/jazzy/opt/gz_cmake_vendor:/home/junge/ros2_ws/install/my_py_pkg:/home/junge/install/my_py_pkg:/opt/ros/jazzy DEBUGINFOD_URLS=https://debuginfod.ubuntu.com /usr/bin/cmake --install /home/junge/ros2_ws/build/my_robot_bringup
[6.661s] Level 1:colcon.colcon_core.environment:checking '/home/junge/ros2_ws/install/my_robot_bringup' for CMake module files
[6.664s] Level 1:colcon.colcon_core.environment:checking '/home/junge/ros2_ws/install/my_robot_bringup' for CMake config files
[6.688s] Level 1:colcon.colcon_core.shell:create_environment_hook('my_robot_bringup', 'cmake_prefix_path')
[6.689s] INFO:colcon.colcon_core.shell:Creating environment hook '/home/junge/ros2_ws/install/my_robot_bringup/share/my_robot_bringup/hook/cmake_prefix_path.ps1'
[6.690s] INFO:colcon.colcon_core.shell:Creating environment descriptor '/home/junge/ros2_ws/install/my_robot_bringup/share/my_robot_bringup/hook/cmake_prefix_path.dsv'
[6.691s] INFO:colcon.colcon_core.shell:Creating environment hook '/home/junge/ros2_ws/install/my_robot_bringup/share/my_robot_bringup/hook/cmake_prefix_path.sh'
[6.693s] Level 1:colcon.colcon_core.environment:checking '/home/junge/ros2_ws/install/my_robot_bringup/bin'
[6.693s] Level 1:colcon.colcon_core.environment:checking '/home/junge/ros2_ws/install/my_robot_bringup/lib/pkgconfig/my_robot_bringup.pc'
[6.694s] Level 1:colcon.colcon_core.environment:checking '/home/junge/ros2_ws/install/my_robot_bringup/lib/python3.12/site-packages'
[6.694s] Level 1:colcon.colcon_core.environment:checking '/home/junge/ros2_ws/install/my_robot_bringup/bin'
[6.695s] INFO:colcon.colcon_core.shell:Creating package script '/home/junge/ros2_ws/install/my_robot_bringup/share/my_robot_bringup/package.ps1'
[6.696s] INFO:colcon.colcon_core.shell:Creating package descriptor '/home/junge/ros2_ws/install/my_robot_bringup/share/my_robot_bringup/package.dsv'
[6.697s] INFO:colcon.colcon_core.shell:Creating package script '/home/junge/ros2_ws/install/my_robot_bringup/share/my_robot_bringup/package.sh'
[6.699s] INFO:colcon.colcon_core.shell:Creating package script '/home/junge/ros2_ws/install/my_robot_bringup/share/my_robot_bringup/package.bash'
[6.701s] INFO:colcon.colcon_core.shell:Creating package script '/home/junge/ros2_ws/install/my_robot_bringup/share/my_robot_bringup/package.zsh'
[6.702s] Level 1:colcon.colcon_core.environment:create_file_with_runtime_dependencies(/home/junge/ros2_ws/install/my_robot_bringup/share/colcon-core/packages/my_robot_bringup)
[6.717s] Level 1:colcon.colcon_core.environment:create_environment_scripts_only(my_robot_bringup)
[6.717s] Level 1:colcon.colcon_core.environment:checking '/home/junge/ros2_ws/install/my_robot_bringup' for CMake module files
[6.720s] Level 1:colcon.colcon_core.environment:checking '/home/junge/ros2_ws/install/my_robot_bringup' for CMake config files
[6.721s] Level 1:colcon.colcon_core.shell:create_environment_hook('my_robot_bringup', 'cmake_prefix_path')
[6.722s] INFO:colcon.colcon_core.shell:Creating environment hook '/home/junge/ros2_ws/install/my_robot_bringup/share/my_robot_bringup/hook/cmake_prefix_path.ps1'
[6.723s] INFO:colcon.colcon_core.shell:Creating environment descriptor '/home/junge/ros2_ws/install/my_robot_bringup/share/my_robot_bringup/hook/cmake_prefix_path.dsv'
[6.724s] INFO:colcon.colcon_core.shell:Creating environment hook '/home/junge/ros2_ws/install/my_robot_bringup/share/my_robot_bringup/hook/cmake_prefix_path.sh'
[6.725s] Level 1:colcon.colcon_core.environment:checking '/home/junge/ros2_ws/install/my_robot_bringup/bin'
[6.725s] Level 1:colcon.colcon_core.environment:checking '/home/junge/ros2_ws/install/my_robot_bringup/lib/pkgconfig/my_robot_bringup.pc'
[6.726s] Level 1:colcon.colcon_core.environment:checking '/home/junge/ros2_ws/install/my_robot_bringup/lib/python3.12/site-packages'
[6.726s] Level 1:colcon.colcon_core.environment:checking '/home/junge/ros2_ws/install/my_robot_bringup/bin'
[6.726s] INFO:colcon.colcon_core.shell:Creating package script '/home/junge/ros2_ws/install/my_robot_bringup/share/my_robot_bringup/package.ps1'
[6.728s] INFO:colcon.colcon_core.shell:Creating package descriptor '/home/junge/ros2_ws/install/my_robot_bringup/share/my_robot_bringup/package.dsv'
[6.729s] INFO:colcon.colcon_core.shell:Creating package script '/home/junge/ros2_ws/install/my_robot_bringup/share/my_robot_bringup/package.sh'
[6.731s] INFO:colcon.colcon_core.shell:Creating package script '/home/junge/ros2_ws/install/my_robot_bringup/share/my_robot_bringup/package.bash'
[6.733s] INFO:colcon.colcon_core.shell:Creating package script '/home/junge/ros2_ws/install/my_robot_bringup/share/my_robot_bringup/package.zsh'
[6.734s] Level 1:colcon.colcon_core.environment:create_file_with_runtime_dependencies(/home/junge/ros2_ws/install/my_robot_bringup/share/colcon-core/packages/my_robot_bringup)
[6.734s] DEBUG:colcon.colcon_parallel_executor.executor.parallel:closing loop
[6.738s] DEBUG:colcon.colcon_parallel_executor.executor.parallel:loop closed
[6.738s] DEBUG:colcon.colcon_parallel_executor.executor.parallel:run_until_complete finished with '0'
[6.738s] DEBUG:colcon.colcon_core.event_reactor:joining thread
[6.777s] INFO:colcon.colcon_core.plugin_system:Skipping extension 'colcon_notification.desktop_notification.terminal_notifier': Not used on non-Darwin systems
[6.777s] INFO:colcon.colcon_core.plugin_system:Skipping extension 'colcon_notification.desktop_notification.win32': Not used on non-Windows systems
[6.777s] INFO:colcon.colcon_notification.desktop_notification:Sending desktop notification using 'notify2'
[6.853s] DEBUG:colcon.colcon_core.event_reactor:joined thread
[6.854s] INFO:colcon.colcon_core.shell:Creating prefix script '/home/junge/ros2_ws/install/local_setup.ps1'
[6.857s] INFO:colcon.colcon_core.shell:Creating prefix util module '/home/junge/ros2_ws/install/_local_setup_util_ps1.py'
[6.862s] INFO:colcon.colcon_core.shell:Creating prefix chain script '/home/junge/ros2_ws/install/setup.ps1'
[6.866s] INFO:colcon.colcon_core.shell:Creating prefix script '/home/junge/ros2_ws/install/local_setup.sh'
[6.868s] INFO:colcon.colcon_core.shell:Creating prefix util module '/home/junge/ros2_ws/install/_local_setup_util_sh.py'
[6.869s] INFO:colcon.colcon_core.shell:Creating prefix chain script '/home/junge/ros2_ws/install/setup.sh'
[6.872s] INFO:colcon.colcon_core.shell:Creating prefix script '/home/junge/ros2_ws/install/local_setup.bash'
[6.873s] INFO:colcon.colcon_core.shell:Creating prefix chain script '/home/junge/ros2_ws/install/setup.bash'
[6.877s] INFO:colcon.colcon_core.shell:Creating prefix script '/home/junge/ros2_ws/install/local_setup.zsh'
[6.878s] INFO:colcon.colcon_core.shell:Creating prefix chain script '/home/junge/ros2_ws/install/setup.zsh'
