[0.387s] Invoking command in '/home/junge/ros2_ws/build/my_robot_bringup': AMENT_PREFIX_PATH=/home/junge/ros2_ws/install/my_py_pkg:/home/junge/ros2_ws/install/my_robot_bringup:/home/junge/ros2_ws/install/my_robot_interfaces:/home/junge/install/my_robot_bringup:/home/junge/install/my_py_pkg:/opt/ros/jazzy CMAKE_PREFIX_PATH=/home/junge/ros2_ws/install/my_robot_interfaces:/home/junge/ros2_ws/install/my_robot_bringup:/home/junge/install/my_robot_bringup:/opt/ros/jazzy/opt/gz_math_vendor:/opt/ros/jazzy/opt/gz_utils_vendor:/opt/ros/jazzy/opt/gz_cmake_vendor:/home/junge/ros2_ws/install/my_py_pkg:/home/junge/install/my_py_pkg:/opt/ros/jazzy DEBUGINFOD_URLS=https://debuginfod.ubuntu.com /usr/bin/cmake --build /home/junge/ros2_ws/build/my_robot_bringup -- -j4 -l4
[2.004s] Invoked command in '/home/junge/ros2_ws/build/my_robot_bringup' returned '0': AMENT_PREFIX_PATH=/home/junge/ros2_ws/install/my_py_pkg:/home/junge/ros2_ws/install/my_robot_bringup:/home/junge/ros2_ws/install/my_robot_interfaces:/home/junge/install/my_robot_bringup:/home/junge/install/my_py_pkg:/opt/ros/jazzy CMAKE_PREFIX_PATH=/home/junge/ros2_ws/install/my_robot_interfaces:/home/junge/ros2_ws/install/my_robot_bringup:/home/junge/install/my_robot_bringup:/opt/ros/jazzy/opt/gz_math_vendor:/opt/ros/jazzy/opt/gz_utils_vendor:/opt/ros/jazzy/opt/gz_cmake_vendor:/home/junge/ros2_ws/install/my_py_pkg:/home/junge/install/my_py_pkg:/opt/ros/jazzy DEBUGINFOD_URLS=https://debuginfod.ubuntu.com /usr/bin/cmake --build /home/junge/ros2_ws/build/my_robot_bringup -- -j4 -l4
[2.333s] Invoking command in '/home/junge/ros2_ws/build/my_robot_bringup': AMENT_PREFIX_PATH=/home/junge/ros2_ws/install/my_py_pkg:/home/junge/ros2_ws/install/my_robot_bringup:/home/junge/ros2_ws/install/my_robot_interfaces:/home/junge/install/my_robot_bringup:/home/junge/install/my_py_pkg:/opt/ros/jazzy CMAKE_PREFIX_PATH=/home/junge/ros2_ws/install/my_robot_interfaces:/home/junge/ros2_ws/install/my_robot_bringup:/home/junge/install/my_robot_bringup:/opt/ros/jazzy/opt/gz_math_vendor:/opt/ros/jazzy/opt/gz_utils_vendor:/opt/ros/jazzy/opt/gz_cmake_vendor:/home/junge/ros2_ws/install/my_py_pkg:/home/junge/install/my_py_pkg:/opt/ros/jazzy DEBUGINFOD_URLS=https://debuginfod.ubuntu.com /usr/bin/cmake --install /home/junge/ros2_ws/build/my_robot_bringup
[2.499s] -- Install configuration: ""
[2.507s] -- Up-to-date: /home/junge/ros2_ws/install/my_robot_bringup/share/my_robot_bringup//launch
[2.523s] -- Up-to-date: /home/junge/ros2_ws/install/my_robot_bringup/share/my_robot_bringup//launch/number_app_from_python.launch.xml
[2.523s] -- Up-to-date: /home/junge/ros2_ws/install/my_robot_bringup/share/my_robot_bringup//launch/number_app.launch.py
[2.524s] -- Installing: /home/junge/ros2_ws/install/my_robot_bringup/share/my_robot_bringup//launch/number_app.launch.xml
[2.525s] -- Up-to-date: /home/junge/ros2_ws/install/my_robot_bringup/share/ament_index/resource_index/package_run_dependencies/my_robot_bringup
[2.525s] -- Up-to-date: /home/junge/ros2_ws/install/my_robot_bringup/share/ament_index/resource_index/parent_prefix_path/my_robot_bringup
[2.526s] -- Up-to-date: /home/junge/ros2_ws/install/my_robot_bringup/share/my_robot_bringup/environment/ament_prefix_path.sh
[2.526s] -- Up-to-date: /home/junge/ros2_ws/install/my_robot_bringup/share/my_robot_bringup/environment/ament_prefix_path.dsv
[2.526s] -- Up-to-date: /home/junge/ros2_ws/install/my_robot_bringup/share/my_robot_bringup/environment/path.sh
[2.527s] -- Up-to-date: /home/junge/ros2_ws/install/my_robot_bringup/share/my_robot_bringup/environment/path.dsv
[2.527s] -- Up-to-date: /home/junge/ros2_ws/install/my_robot_bringup/share/my_robot_bringup/local_setup.bash
[2.527s] -- Up-to-date: /home/junge/ros2_ws/install/my_robot_bringup/share/my_robot_bringup/local_setup.sh
[2.528s] -- Up-to-date: /home/junge/ros2_ws/install/my_robot_bringup/share/my_robot_bringup/local_setup.zsh
[2.528s] -- Up-to-date: /home/junge/ros2_ws/install/my_robot_bringup/share/my_robot_bringup/local_setup.dsv
[2.528s] -- Installing: /home/junge/ros2_ws/install/my_robot_bringup/share/my_robot_bringup/package.dsv
[2.530s] -- Up-to-date: /home/junge/ros2_ws/install/my_robot_bringup/share/ament_index/resource_index/packages/my_robot_bringup
[2.531s] -- Up-to-date: /home/junge/ros2_ws/install/my_robot_bringup/share/my_robot_bringup/cmake/my_robot_bringupConfig.cmake
[2.531s] -- Up-to-date: /home/junge/ros2_ws/install/my_robot_bringup/share/my_robot_bringup/cmake/my_robot_bringupConfig-version.cmake
[2.531s] -- Up-to-date: /home/junge/ros2_ws/install/my_robot_bringup/share/my_robot_bringup/package.xml
[2.590s] Invoked command in '/home/junge/ros2_ws/build/my_robot_bringup' returned '0': AMENT_PREFIX_PATH=/home/junge/ros2_ws/install/my_py_pkg:/home/junge/ros2_ws/install/my_robot_bringup:/home/junge/ros2_ws/install/my_robot_interfaces:/home/junge/install/my_robot_bringup:/home/junge/install/my_py_pkg:/opt/ros/jazzy CMAKE_PREFIX_PATH=/home/junge/ros2_ws/install/my_robot_interfaces:/home/junge/ros2_ws/install/my_robot_bringup:/home/junge/install/my_robot_bringup:/opt/ros/jazzy/opt/gz_math_vendor:/opt/ros/jazzy/opt/gz_utils_vendor:/opt/ros/jazzy/opt/gz_cmake_vendor:/home/junge/ros2_ws/install/my_py_pkg:/home/junge/install/my_py_pkg:/opt/ros/jazzy DEBUGINFOD_URLS=https://debuginfod.ubuntu.com /usr/bin/cmake --install /home/junge/ros2_ws/build/my_robot_bringup
