[0.572s] DEBUG:colcon:Command line arguments: ['/usr/bin/colcon', 'build', '--packages-select', 'turtlesim_catch_them_all', '--symlink-install']
[0.572s] DEBUG:colcon:Parsed command line arguments: Namespace(log_base=None, log_level=None, verb_name='build', build_base='build', install_base='install', merge_install=False, symlink_install=True, test_result_base=None, continue_on_error=False, executor='parallel', parallel_workers=4, event_handlers=None, ignore_user_meta=False, metas=['./colcon.meta'], base_paths=['.'], packages_ignore=None, packages_ignore_regex=None, paths=None, packages_up_to=None, packages_up_to_regex=None, packages_above=None, packages_above_and_dependencies=None, packages_above_depth=None, packages_select_by_dep=None, packages_skip_by_dep=None, packages_skip_up_to=None, packages_select_build_failed=False, packages_skip_build_finished=False, packages_select_test_failures=False, packages_skip_test_passed=False, packages_select=['turtlesim_catch_them_all'], packages_skip=None, packages_select_regex=None, packages_skip_regex=None, packages_start=None, packages_end=None, allow_overriding=[], cmake_args=None, cmake_target=None, cmake_target_skip_unavailable=False, cmake_clean_cache=False, cmake_clean_first=False, cmake_force_configure=False, ament_cmake_args=None, catkin_cmake_args=None, catkin_skip_building_tests=False, mixin_files=None, mixin=None, verb_parser=<colcon_mixin.mixin.mixin_argument.MixinArgumentDecorator object at 0x7055d996fe00>, verb_extension=<colcon_core.verb.build.BuildVerb object at 0x7055d996fa70>, main=<bound method BuildVerb.main of <colcon_core.verb.build.BuildVerb object at 0x7055d996fa70>>, mixin_verb=('build',))
[0.900s] Level 1:colcon.colcon_core.package_discovery:discover_packages(colcon_meta) check parameters
[0.900s] Level 1:colcon.colcon_core.package_discovery:discover_packages(recursive) check parameters
[0.900s] Level 1:colcon.colcon_core.package_discovery:discover_packages(ignore) check parameters
[0.900s] Level 1:colcon.colcon_core.package_discovery:discover_packages(path) check parameters
[0.900s] Level 1:colcon.colcon_core.package_discovery:discover_packages(colcon_meta) discover
[0.900s] Level 1:colcon.colcon_core.package_discovery:discover_packages(recursive) discover
[0.900s] INFO:colcon.colcon_core.package_discovery:Crawling recursively for packages in '/home/junge/ros2_ws'
[0.900s] Level 1:colcon.colcon_core.package_identification:_identify(.) by extensions ['ignore', 'ignore_ament_install']
[0.901s] Level 1:colcon.colcon_core.package_identification:_identify(.) by extension 'ignore'
[0.901s] Level 1:colcon.colcon_core.package_identification:_identify(.) by extension 'ignore_ament_install'
[0.901s] Level 1:colcon.colcon_core.package_identification:_identify(.) by extensions ['colcon_pkg']
[0.901s] Level 1:colcon.colcon_core.package_identification:_identify(.) by extension 'colcon_pkg'
[0.901s] Level 1:colcon.colcon_core.package_identification:_identify(.) by extensions ['colcon_meta']
[0.901s] Level 1:colcon.colcon_core.package_identification:_identify(.) by extension 'colcon_meta'
[0.901s] Level 1:colcon.colcon_core.package_identification:_identify(.) by extensions ['ros']
[0.901s] Level 1:colcon.colcon_core.package_identification:_identify(.) by extension 'ros'
[1.019s] Level 1:colcon.colcon_core.package_identification:_identify(.) by extensions ['cmake', 'python']
[1.020s] Level 1:colcon.colcon_core.package_identification:_identify(.) by extension 'cmake'
[1.020s] Level 1:colcon.colcon_core.package_identification:_identify(.) by extension 'python'
[1.020s] Level 1:colcon.colcon_core.package_identification:_identify(.) by extensions ['python_setup_py']
[1.020s] Level 1:colcon.colcon_core.package_identification:_identify(.) by extension 'python_setup_py'
[1.020s] Level 1:colcon.colcon_core.package_identification:_identify(build) by extensions ['ignore', 'ignore_ament_install']
[1.020s] Level 1:colcon.colcon_core.package_identification:_identify(build) by extension 'ignore'
[1.020s] Level 1:colcon.colcon_core.package_identification:_identify(build) ignored
[1.027s] Level 1:colcon.colcon_core.package_identification:_identify(install) by extensions ['ignore', 'ignore_ament_install']
[1.027s] Level 1:colcon.colcon_core.package_identification:_identify(install) by extension 'ignore'
[1.027s] Level 1:colcon.colcon_core.package_identification:_identify(install) ignored
[1.028s] Level 1:colcon.colcon_core.package_identification:_identify(log) by extensions ['ignore', 'ignore_ament_install']
[1.028s] Level 1:colcon.colcon_core.package_identification:_identify(log) by extension 'ignore'
[1.028s] Level 1:colcon.colcon_core.package_identification:_identify(log) ignored
[1.028s] Level 1:colcon.colcon_core.package_identification:_identify(src) by extensions ['ignore', 'ignore_ament_install']
[1.028s] Level 1:colcon.colcon_core.package_identification:_identify(src) by extension 'ignore'
[1.028s] Level 1:colcon.colcon_core.package_identification:_identify(src) by extension 'ignore_ament_install'
[1.029s] Level 1:colcon.colcon_core.package_identification:_identify(src) by extensions ['colcon_pkg']
[1.029s] Level 1:colcon.colcon_core.package_identification:_identify(src) by extension 'colcon_pkg'
[1.029s] Level 1:colcon.colcon_core.package_identification:_identify(src) by extensions ['colcon_meta']
[1.029s] Level 1:colcon.colcon_core.package_identification:_identify(src) by extension 'colcon_meta'
[1.029s] Level 1:colcon.colcon_core.package_identification:_identify(src) by extensions ['ros']
[1.029s] Level 1:colcon.colcon_core.package_identification:_identify(src) by extension 'ros'
[1.029s] Level 1:colcon.colcon_core.package_identification:_identify(src) by extensions ['cmake', 'python']
[1.029s] Level 1:colcon.colcon_core.package_identification:_identify(src) by extension 'cmake'
[1.029s] Level 1:colcon.colcon_core.package_identification:_identify(src) by extension 'python'
[1.029s] Level 1:colcon.colcon_core.package_identification:_identify(src) by extensions ['python_setup_py']
[1.029s] Level 1:colcon.colcon_core.package_identification:_identify(src) by extension 'python_setup_py'
[1.030s] Level 1:colcon.colcon_core.package_identification:_identify(src/my_py_pkg) by extensions ['ignore', 'ignore_ament_install']
[1.030s] Level 1:colcon.colcon_core.package_identification:_identify(src/my_py_pkg) by extension 'ignore'
[1.030s] Level 1:colcon.colcon_core.package_identification:_identify(src/my_py_pkg) by extension 'ignore_ament_install'
[1.030s] Level 1:colcon.colcon_core.package_identification:_identify(src/my_py_pkg) by extensions ['colcon_pkg']
[1.030s] Level 1:colcon.colcon_core.package_identification:_identify(src/my_py_pkg) by extension 'colcon_pkg'
[1.030s] Level 1:colcon.colcon_core.package_identification:_identify(src/my_py_pkg) by extensions ['colcon_meta']
[1.030s] Level 1:colcon.colcon_core.package_identification:_identify(src/my_py_pkg) by extension 'colcon_meta'
[1.030s] Level 1:colcon.colcon_core.package_identification:_identify(src/my_py_pkg) by extensions ['ros']
[1.031s] Level 1:colcon.colcon_core.package_identification:_identify(src/my_py_pkg) by extension 'ros'
[1.038s] DEBUG:colcon.colcon_core.package_identification:Package 'src/my_py_pkg' with type 'ros.ament_python' and name 'my_py_pkg'
[1.038s] Level 1:colcon.colcon_core.package_identification:_identify(src/my_robot_bringup) by extensions ['ignore', 'ignore_ament_install']
[1.038s] Level 1:colcon.colcon_core.package_identification:_identify(src/my_robot_bringup) by extension 'ignore'
[1.038s] Level 1:colcon.colcon_core.package_identification:_identify(src/my_robot_bringup) by extension 'ignore_ament_install'
[1.039s] Level 1:colcon.colcon_core.package_identification:_identify(src/my_robot_bringup) by extensions ['colcon_pkg']
[1.039s] Level 1:colcon.colcon_core.package_identification:_identify(src/my_robot_bringup) by extension 'colcon_pkg'
[1.039s] Level 1:colcon.colcon_core.package_identification:_identify(src/my_robot_bringup) by extensions ['colcon_meta']
[1.039s] Level 1:colcon.colcon_core.package_identification:_identify(src/my_robot_bringup) by extension 'colcon_meta'
[1.039s] Level 1:colcon.colcon_core.package_identification:_identify(src/my_robot_bringup) by extensions ['ros']
[1.039s] Level 1:colcon.colcon_core.package_identification:_identify(src/my_robot_bringup) by extension 'ros'
[1.040s] DEBUG:colcon.colcon_core.package_identification:Package 'src/my_robot_bringup' with type 'ros.ament_cmake' and name 'my_robot_bringup'
[1.041s] Level 1:colcon.colcon_core.package_identification:_identify(src/my_robot_interfaces) by extensions ['ignore', 'ignore_ament_install']
[1.041s] Level 1:colcon.colcon_core.package_identification:_identify(src/my_robot_interfaces) by extension 'ignore'
[1.041s] Level 1:colcon.colcon_core.package_identification:_identify(src/my_robot_interfaces) by extension 'ignore_ament_install'
[1.042s] Level 1:colcon.colcon_core.package_identification:_identify(src/my_robot_interfaces) by extensions ['colcon_pkg']
[1.042s] Level 1:colcon.colcon_core.package_identification:_identify(src/my_robot_interfaces) by extension 'colcon_pkg'
[1.042s] Level 1:colcon.colcon_core.package_identification:_identify(src/my_robot_interfaces) by extensions ['colcon_meta']
[1.042s] Level 1:colcon.colcon_core.package_identification:_identify(src/my_robot_interfaces) by extension 'colcon_meta'
[1.042s] Level 1:colcon.colcon_core.package_identification:_identify(src/my_robot_interfaces) by extensions ['ros']
[1.042s] Level 1:colcon.colcon_core.package_identification:_identify(src/my_robot_interfaces) by extension 'ros'
[1.044s] DEBUG:colcon.colcon_core.package_identification:Package 'src/my_robot_interfaces' with type 'ros.ament_cmake' and name 'my_robot_interfaces'
[1.044s] Level 1:colcon.colcon_core.package_identification:_identify(src/turtlesim_catch_them_all) by extensions ['ignore', 'ignore_ament_install']
[1.044s] Level 1:colcon.colcon_core.package_identification:_identify(src/turtlesim_catch_them_all) by extension 'ignore'
[1.044s] Level 1:colcon.colcon_core.package_identification:_identify(src/turtlesim_catch_them_all) by extension 'ignore_ament_install'
[1.044s] Level 1:colcon.colcon_core.package_identification:_identify(src/turtlesim_catch_them_all) by extensions ['colcon_pkg']
[1.044s] Level 1:colcon.colcon_core.package_identification:_identify(src/turtlesim_catch_them_all) by extension 'colcon_pkg'
[1.044s] Level 1:colcon.colcon_core.package_identification:_identify(src/turtlesim_catch_them_all) by extensions ['colcon_meta']
[1.044s] Level 1:colcon.colcon_core.package_identification:_identify(src/turtlesim_catch_them_all) by extension 'colcon_meta'
[1.045s] Level 1:colcon.colcon_core.package_identification:_identify(src/turtlesim_catch_them_all) by extensions ['ros']
[1.045s] Level 1:colcon.colcon_core.package_identification:_identify(src/turtlesim_catch_them_all) by extension 'ros'
[1.046s] DEBUG:colcon.colcon_core.package_identification:Package 'src/turtlesim_catch_them_all' with type 'ros.ament_python' and name 'turtlesim_catch_them_all'
[1.046s] Level 1:colcon.colcon_core.package_discovery:discover_packages(recursive) using defaults
[1.047s] Level 1:colcon.colcon_core.package_discovery:discover_packages(ignore) discover
[1.047s] Level 1:colcon.colcon_core.package_discovery:discover_packages(ignore) using defaults
[1.047s] Level 1:colcon.colcon_core.package_discovery:discover_packages(path) discover
[1.047s] Level 1:colcon.colcon_core.package_discovery:discover_packages(path) using defaults
[1.103s] INFO:colcon.colcon_core.package_selection:Skipping not selected package 'my_robot_interfaces' in 'src/my_robot_interfaces'
[1.103s] INFO:colcon.colcon_core.package_selection:Skipping not selected package 'my_py_pkg' in 'src/my_py_pkg'
[1.103s] INFO:colcon.colcon_core.package_selection:Skipping not selected package 'my_robot_bringup' in 'src/my_robot_bringup'
[1.113s] Level 1:colcon.colcon_core.package_discovery:discover_packages(prefix_path) check parameters
[1.113s] Level 1:colcon.colcon_core.package_discovery:discover_packages(prefix_path) discover
[1.192s] DEBUG:colcon.colcon_installed_package_information.package_discovery:Found 3 installed packages in /home/junge/ros2_ws/install
[1.206s] DEBUG:colcon.colcon_installed_package_information.package_discovery:Found 2 installed packages in /home/junge/install
[1.219s] DEBUG:colcon.colcon_installed_package_information.package_discovery:Found 285 installed packages in /opt/ros/jazzy
[1.222s] Level 1:colcon.colcon_core.package_discovery:discover_packages(prefix_path) using defaults
[4.698s] Level 5:colcon.colcon_core.verb:set package 'turtlesim_catch_them_all' build argument 'cmake_args' from command line to 'None'
[4.698s] Level 5:colcon.colcon_core.verb:set package 'turtlesim_catch_them_all' build argument 'cmake_target' from command line to 'None'
[4.698s] Level 5:colcon.colcon_core.verb:set package 'turtlesim_catch_them_all' build argument 'cmake_target_skip_unavailable' from command line to 'False'
[4.698s] Level 5:colcon.colcon_core.verb:set package 'turtlesim_catch_them_all' build argument 'cmake_clean_cache' from command line to 'False'
[4.698s] Level 5:colcon.colcon_core.verb:set package 'turtlesim_catch_them_all' build argument 'cmake_clean_first' from command line to 'False'
[4.698s] Level 5:colcon.colcon_core.verb:set package 'turtlesim_catch_them_all' build argument 'cmake_force_configure' from command line to 'False'
[4.698s] Level 5:colcon.colcon_core.verb:set package 'turtlesim_catch_them_all' build argument 'ament_cmake_args' from command line to 'None'
[4.698s] Level 5:colcon.colcon_core.verb:set package 'turtlesim_catch_them_all' build argument 'catkin_cmake_args' from command line to 'None'
[4.698s] Level 5:colcon.colcon_core.verb:set package 'turtlesim_catch_them_all' build argument 'catkin_skip_building_tests' from command line to 'False'
[4.698s] DEBUG:colcon.colcon_core.verb:Building package 'turtlesim_catch_them_all' with the following arguments: {'ament_cmake_args': None, 'build_base': '/home/junge/ros2_ws/build/turtlesim_catch_them_all', 'catkin_cmake_args': None, 'catkin_skip_building_tests': False, 'cmake_args': None, 'cmake_clean_cache': False, 'cmake_clean_first': False, 'cmake_force_configure': False, 'cmake_target': None, 'cmake_target_skip_unavailable': False, 'install_base': '/home/junge/ros2_ws/install/turtlesim_catch_them_all', 'merge_install': False, 'path': '/home/junge/ros2_ws/src/turtlesim_catch_them_all', 'symlink_install': True, 'test_result_base': None}
[4.699s] INFO:colcon.colcon_core.executor:Executing jobs using 'parallel' executor
[4.701s] DEBUG:colcon.colcon_parallel_executor.executor.parallel:run_until_complete
[4.701s] INFO:colcon.colcon_ros.task.ament_python.build:Building ROS package in '/home/junge/ros2_ws/src/turtlesim_catch_them_all' with build type 'ament_python'
[4.701s] Level 1:colcon.colcon_core.shell:create_environment_hook('turtlesim_catch_them_all', 'ament_prefix_path')
[5.008s] INFO:colcon.colcon_core.plugin_system:Skipping extension 'colcon_core.shell.bat': Not used on non-Windows systems
[5.009s] INFO:colcon.colcon_core.shell:Creating environment hook '/home/junge/ros2_ws/install/turtlesim_catch_them_all/share/turtlesim_catch_them_all/hook/ament_prefix_path.ps1'
[5.033s] INFO:colcon.colcon_core.shell:Creating environment descriptor '/home/junge/ros2_ws/install/turtlesim_catch_them_all/share/turtlesim_catch_them_all/hook/ament_prefix_path.dsv'
[5.077s] INFO:colcon.colcon_core.shell:Creating environment hook '/home/junge/ros2_ws/install/turtlesim_catch_them_all/share/turtlesim_catch_them_all/hook/ament_prefix_path.sh'
[5.113s] INFO:colcon.colcon_core.shell:Skip shell extension 'powershell' for command environment: Not usable outside of PowerShell
[5.113s] DEBUG:colcon.colcon_core.shell:Skip shell extension 'dsv' for command environment
[6.125s] INFO:colcon.colcon_core.task.python.build:Building Python package in '/home/junge/ros2_ws/src/turtlesim_catch_them_all'
[6.125s] INFO:colcon.colcon_core.shell:Skip shell extension 'powershell' for command environment: Not usable outside of PowerShell
[6.126s] DEBUG:colcon.colcon_core.shell:Skip shell extension 'dsv' for command environment
[12.365s] DEBUG:colcon.colcon_core.event_handler.log_command:Invoking command in '/home/junge/ros2_ws/build/turtlesim_catch_them_all': DEBUGINFOD_URLS=https://debuginfod.ubuntu.com PYTHONPATH=/home/junge/ros2_ws/build/turtlesim_catch_them_all/prefix_override:/usr/lib/python3/dist-packages/colcon_core/task/python/colcon_distutils_commands:/home/junge/ros2_ws/install/turtlesim_catch_them_all/lib/python3.12/site-packages:${PYTHONPATH} /usr/bin/python3 -W ignore:setup.py install is deprecated -W ignore:easy_install command is deprecated setup.py develop --editable --build-directory /home/junge/ros2_ws/build/turtlesim_catch_them_all/build --no-deps symlink_data
[14.453s] Level 1:colcon.colcon_core.shell:create_environment_hook('turtlesim_catch_them_all', 'pythonpath_develop')
[14.453s] INFO:colcon.colcon_core.shell:Creating environment hook '/home/junge/ros2_ws/build/turtlesim_catch_them_all/share/turtlesim_catch_them_all/hook/pythonpath_develop.ps1'
[14.454s] DEBUG:colcon.colcon_core.event_handler.log_command:Invoked command in '/home/junge/ros2_ws/build/turtlesim_catch_them_all' returned '0': DEBUGINFOD_URLS=https://debuginfod.ubuntu.com PYTHONPATH=/home/junge/ros2_ws/build/turtlesim_catch_them_all/prefix_override:/usr/lib/python3/dist-packages/colcon_core/task/python/colcon_distutils_commands:/home/junge/ros2_ws/install/turtlesim_catch_them_all/lib/python3.12/site-packages:${PYTHONPATH} /usr/bin/python3 -W ignore:setup.py install is deprecated -W ignore:easy_install command is deprecated setup.py develop --editable --build-directory /home/junge/ros2_ws/build/turtlesim_catch_them_all/build --no-deps symlink_data
[14.485s] INFO:colcon.colcon_core.shell:Creating environment descriptor '/home/junge/ros2_ws/build/turtlesim_catch_them_all/share/turtlesim_catch_them_all/hook/pythonpath_develop.dsv'
[14.485s] INFO:colcon.colcon_core.shell:Creating environment hook '/home/junge/ros2_ws/build/turtlesim_catch_them_all/share/turtlesim_catch_them_all/hook/pythonpath_develop.sh'
[14.543s] Level 1:colcon.colcon_core.environment:checking '/home/junge/ros2_ws/install/turtlesim_catch_them_all' for CMake module files
[14.544s] Level 1:colcon.colcon_core.environment:checking '/home/junge/ros2_ws/install/turtlesim_catch_them_all' for CMake config files
[14.546s] Level 1:colcon.colcon_core.environment:checking '/home/junge/ros2_ws/install/turtlesim_catch_them_all/lib'
[14.547s] Level 1:colcon.colcon_core.environment:checking '/home/junge/ros2_ws/install/turtlesim_catch_them_all/bin'
[14.547s] Level 1:colcon.colcon_core.environment:checking '/home/junge/ros2_ws/install/turtlesim_catch_them_all/lib/pkgconfig/turtlesim_catch_them_all.pc'
[14.548s] Level 1:colcon.colcon_core.environment:checking '/home/junge/ros2_ws/install/turtlesim_catch_them_all/lib/python3.12/site-packages'
[14.548s] Level 1:colcon.colcon_core.shell:create_environment_hook('turtlesim_catch_them_all', 'pythonpath')
[14.549s] INFO:colcon.colcon_core.shell:Creating environment hook '/home/junge/ros2_ws/install/turtlesim_catch_them_all/share/turtlesim_catch_them_all/hook/pythonpath.ps1'
[14.549s] INFO:colcon.colcon_core.shell:Creating environment descriptor '/home/junge/ros2_ws/install/turtlesim_catch_them_all/share/turtlesim_catch_them_all/hook/pythonpath.dsv'
[14.550s] INFO:colcon.colcon_core.shell:Creating environment hook '/home/junge/ros2_ws/install/turtlesim_catch_them_all/share/turtlesim_catch_them_all/hook/pythonpath.sh'
[14.551s] Level 1:colcon.colcon_core.environment:checking '/home/junge/ros2_ws/install/turtlesim_catch_them_all/bin'
[14.551s] Level 1:colcon.colcon_core.environment:create_environment_scripts_only(turtlesim_catch_them_all)
[14.552s] INFO:colcon.colcon_core.shell:Creating package script '/home/junge/ros2_ws/install/turtlesim_catch_them_all/share/turtlesim_catch_them_all/package.ps1'
[14.567s] INFO:colcon.colcon_core.shell:Creating package descriptor '/home/junge/ros2_ws/install/turtlesim_catch_them_all/share/turtlesim_catch_them_all/package.dsv'
[14.589s] INFO:colcon.colcon_core.shell:Creating package script '/home/junge/ros2_ws/install/turtlesim_catch_them_all/share/turtlesim_catch_them_all/package.sh'
[14.591s] INFO:colcon.colcon_core.shell:Creating package script '/home/junge/ros2_ws/install/turtlesim_catch_them_all/share/turtlesim_catch_them_all/package.bash'
[14.593s] INFO:colcon.colcon_core.shell:Creating package script '/home/junge/ros2_ws/install/turtlesim_catch_them_all/share/turtlesim_catch_them_all/package.zsh'
[14.606s] Level 1:colcon.colcon_core.environment:create_file_with_runtime_dependencies(/home/junge/ros2_ws/install/turtlesim_catch_them_all/share/colcon-core/packages/turtlesim_catch_them_all)
[14.607s] DEBUG:colcon.colcon_parallel_executor.executor.parallel:closing loop
[14.607s] DEBUG:colcon.colcon_parallel_executor.executor.parallel:loop closed
[14.608s] DEBUG:colcon.colcon_parallel_executor.executor.parallel:run_until_complete finished with '0'
[14.608s] DEBUG:colcon.colcon_core.event_reactor:joining thread
[14.648s] INFO:colcon.colcon_core.plugin_system:Skipping extension 'colcon_notification.desktop_notification.terminal_notifier': Not used on non-Darwin systems
[14.648s] INFO:colcon.colcon_core.plugin_system:Skipping extension 'colcon_notification.desktop_notification.win32': Not used on non-Windows systems
[14.648s] INFO:colcon.colcon_notification.desktop_notification:Sending desktop notification using 'notify2'
[14.771s] DEBUG:colcon.colcon_core.event_reactor:joined thread
[14.771s] INFO:colcon.colcon_core.shell:Creating prefix script '/home/junge/ros2_ws/install/local_setup.ps1'
[14.780s] INFO:colcon.colcon_core.shell:Creating prefix util module '/home/junge/ros2_ws/install/_local_setup_util_ps1.py'
[14.789s] INFO:colcon.colcon_core.shell:Creating prefix chain script '/home/junge/ros2_ws/install/setup.ps1'
[14.803s] INFO:colcon.colcon_core.shell:Creating prefix script '/home/junge/ros2_ws/install/local_setup.sh'
[14.805s] INFO:colcon.colcon_core.shell:Creating prefix util module '/home/junge/ros2_ws/install/_local_setup_util_sh.py'
[14.807s] INFO:colcon.colcon_core.shell:Creating prefix chain script '/home/junge/ros2_ws/install/setup.sh'
[14.825s] INFO:colcon.colcon_core.shell:Creating prefix script '/home/junge/ros2_ws/install/local_setup.bash'
[14.827s] INFO:colcon.colcon_core.shell:Creating prefix chain script '/home/junge/ros2_ws/install/setup.bash'
[14.832s] INFO:colcon.colcon_core.shell:Creating prefix script '/home/junge/ros2_ws/install/local_setup.zsh'
[14.851s] INFO:colcon.colcon_core.shell:Creating prefix chain script '/home/junge/ros2_ws/install/setup.zsh'
