[0.105s] Invoking command in '/home/junge/ros2_ws/build/my_robot_bringup': AMENT_PREFIX_PATH=/home/junge/ros2_ws/install/my_py_pkg:/home/junge/ros2_ws/install/my_robot_bringup:/home/junge/ros2_ws/install/my_robot_interfaces:/home/junge/install/my_robot_bringup:/home/junge/install/my_py_pkg:/opt/ros/jazzy CMAKE_PREFIX_PATH=/home/junge/ros2_ws/install/my_robot_interfaces:/home/junge/ros2_ws/install/my_robot_bringup:/home/junge/install/my_robot_bringup:/opt/ros/jazzy/opt/gz_math_vendor:/opt/ros/jazzy/opt/gz_utils_vendor:/opt/ros/jazzy/opt/gz_cmake_vendor:/home/junge/ros2_ws/install/my_py_pkg:/home/junge/install/my_py_pkg:/opt/ros/jazzy DEBUGINFOD_URLS=https://debuginfod.ubuntu.com /usr/bin/cmake --build /home/junge/ros2_ws/build/my_robot_bringup -- -j4 -l4
[0.602s] -- Found ament_cmake: 2.5.4 (/opt/ros/jazzy/share/ament_cmake/cmake)
[2.389s] -- Configuring done (2.1s)
[2.680s] -- Generating done (0.1s)
[2.731s] -- Build files have been written to: /home/junge/ros2_ws/build/my_robot_bringup
[2.893s] Invoked command in '/home/junge/ros2_ws/build/my_robot_bringup' returned '0': AMENT_PREFIX_PATH=/home/junge/ros2_ws/install/my_py_pkg:/home/junge/ros2_ws/install/my_robot_bringup:/home/junge/ros2_ws/install/my_robot_interfaces:/home/junge/install/my_robot_bringup:/home/junge/install/my_py_pkg:/opt/ros/jazzy CMAKE_PREFIX_PATH=/home/junge/ros2_ws/install/my_robot_interfaces:/home/junge/ros2_ws/install/my_robot_bringup:/home/junge/install/my_robot_bringup:/opt/ros/jazzy/opt/gz_math_vendor:/opt/ros/jazzy/opt/gz_utils_vendor:/opt/ros/jazzy/opt/gz_cmake_vendor:/home/junge/ros2_ws/install/my_py_pkg:/home/junge/install/my_py_pkg:/opt/ros/jazzy DEBUGINFOD_URLS=https://debuginfod.ubuntu.com /usr/bin/cmake --build /home/junge/ros2_ws/build/my_robot_bringup -- -j4 -l4
[2.959s] Invoking command in '/home/junge/ros2_ws/build/my_robot_bringup': AMENT_PREFIX_PATH=/home/junge/ros2_ws/install/my_py_pkg:/home/junge/ros2_ws/install/my_robot_bringup:/home/junge/ros2_ws/install/my_robot_interfaces:/home/junge/install/my_robot_bringup:/home/junge/install/my_py_pkg:/opt/ros/jazzy CMAKE_PREFIX_PATH=/home/junge/ros2_ws/install/my_robot_interfaces:/home/junge/ros2_ws/install/my_robot_bringup:/home/junge/install/my_robot_bringup:/opt/ros/jazzy/opt/gz_math_vendor:/opt/ros/jazzy/opt/gz_utils_vendor:/opt/ros/jazzy/opt/gz_cmake_vendor:/home/junge/ros2_ws/install/my_py_pkg:/home/junge/install/my_py_pkg:/opt/ros/jazzy DEBUGINFOD_URLS=https://debuginfod.ubuntu.com /usr/bin/cmake --install /home/junge/ros2_ws/build/my_robot_bringup
[3.016s] -- Install configuration: ""
[3.016s] -- Up-to-date: /home/junge/ros2_ws/install/my_robot_bringup/share/my_robot_bringup//launch
[3.017s] -- Up-to-date: /home/junge/ros2_ws/install/my_robot_bringup/share/my_robot_bringup//launch/number_app_from_python.launch.xml
[3.017s] -- Up-to-date: /home/junge/ros2_ws/install/my_robot_bringup/share/my_robot_bringup//launch/number_app.launch.py
[3.017s] -- Installing: /home/junge/ros2_ws/install/my_robot_bringup/share/my_robot_bringup//launch/number_app.launch.xml
[3.039s] -- Installing: /home/junge/ros2_ws/install/my_robot_bringup/share/my_robot_bringup//config
[3.040s] -- Installing: /home/junge/ros2_ws/install/my_robot_bringup/share/my_robot_bringup//config/number_app.yaml
[3.040s] -- Up-to-date: /home/junge/ros2_ws/install/my_robot_bringup/share/ament_index/resource_index/package_run_dependencies/my_robot_bringup
[3.041s] -- Installing: /home/junge/ros2_ws/install/my_robot_bringup/share/ament_index/resource_index/parent_prefix_path/my_robot_bringup
[3.042s] -- Up-to-date: /home/junge/ros2_ws/install/my_robot_bringup/share/my_robot_bringup/environment/ament_prefix_path.sh
[3.042s] -- Up-to-date: /home/junge/ros2_ws/install/my_robot_bringup/share/my_robot_bringup/environment/ament_prefix_path.dsv
[3.043s] -- Up-to-date: /home/junge/ros2_ws/install/my_robot_bringup/share/my_robot_bringup/environment/path.sh
[3.043s] -- Up-to-date: /home/junge/ros2_ws/install/my_robot_bringup/share/my_robot_bringup/environment/path.dsv
[3.043s] -- Up-to-date: /home/junge/ros2_ws/install/my_robot_bringup/share/my_robot_bringup/local_setup.bash
[3.044s] -- Up-to-date: /home/junge/ros2_ws/install/my_robot_bringup/share/my_robot_bringup/local_setup.sh
[3.044s] -- Up-to-date: /home/junge/ros2_ws/install/my_robot_bringup/share/my_robot_bringup/local_setup.zsh
[3.045s] -- Up-to-date: /home/junge/ros2_ws/install/my_robot_bringup/share/my_robot_bringup/local_setup.dsv
[3.045s] -- Installing: /home/junge/ros2_ws/install/my_robot_bringup/share/my_robot_bringup/package.dsv
[3.045s] -- Up-to-date: /home/junge/ros2_ws/install/my_robot_bringup/share/ament_index/resource_index/packages/my_robot_bringup
[3.045s] -- Up-to-date: /home/junge/ros2_ws/install/my_robot_bringup/share/my_robot_bringup/cmake/my_robot_bringupConfig.cmake
[3.046s] -- Up-to-date: /home/junge/ros2_ws/install/my_robot_bringup/share/my_robot_bringup/cmake/my_robot_bringupConfig-version.cmake
[3.046s] -- Up-to-date: /home/junge/ros2_ws/install/my_robot_bringup/share/my_robot_bringup/package.xml
[3.054s] Invoked command in '/home/junge/ros2_ws/build/my_robot_bringup' returned '0': AMENT_PREFIX_PATH=/home/junge/ros2_ws/install/my_py_pkg:/home/junge/ros2_ws/install/my_robot_bringup:/home/junge/ros2_ws/install/my_robot_interfaces:/home/junge/install/my_robot_bringup:/home/junge/install/my_py_pkg:/opt/ros/jazzy CMAKE_PREFIX_PATH=/home/junge/ros2_ws/install/my_robot_interfaces:/home/junge/ros2_ws/install/my_robot_bringup:/home/junge/install/my_robot_bringup:/opt/ros/jazzy/opt/gz_math_vendor:/opt/ros/jazzy/opt/gz_utils_vendor:/opt/ros/jazzy/opt/gz_cmake_vendor:/home/junge/ros2_ws/install/my_py_pkg:/home/junge/install/my_py_pkg:/opt/ros/jazzy DEBUGINFOD_URLS=https://debuginfod.ubuntu.com /usr/bin/cmake --install /home/junge/ros2_ws/build/my_robot_bringup
