[5.860s] Invoking command in '/home/junge/ros2_ws/build/my_py_pkg': DEBUGINFOD_URLS=https://debuginfod.ubuntu.com PYTHONPATH=/home/junge/ros2_ws/build/my_py_pkg/prefix_override:/usr/lib/python3/dist-packages/colcon_core/task/python/colcon_distutils_commands:/home/junge/ros2_ws/install/my_py_pkg/lib/python3.12/site-packages:/home/junge/ros2_ws/install/my_robot_interfaces/lib/python3.12/site-packages:/home/junge/ros2_ws/build/my_py_pkg:/home/junge/ros2_ws/install/my_py_pkg/lib/python3.12/site-packages:/opt/ros/jazzy/lib/python3.12/site-packages /usr/bin/python3 -W ignore:setup.py install is deprecated -W ignore:easy_install command is deprecated setup.py develop --editable --build-directory /home/junge/ros2_ws/build/my_py_pkg/build --no-deps symlink_data
[7.361s] running develop
[8.476s] running egg_info
[8.545s] writing my_py_pkg.egg-info/PKG-INFO
[8.546s] writing dependency_links to my_py_pkg.egg-info/dependency_links.txt
[8.547s] writing entry points to my_py_pkg.egg-info/entry_points.txt
[8.549s] writing requirements to my_py_pkg.egg-info/requires.txt
[8.549s] writing top-level names to my_py_pkg.egg-info/top_level.txt
[8.788s] reading manifest file 'my_py_pkg.egg-info/SOURCES.txt'
[8.796s] writing manifest file 'my_py_pkg.egg-info/SOURCES.txt'
[8.901s] running build_ext
[8.902s] Creating /home/junge/ros2_ws/install/my_py_pkg/lib/python3.12/site-packages/my-py-pkg.egg-link (link to .)
[8.903s] Installing add_two_ints_client script to /home/junge/ros2_ws/install/my_py_pkg/lib/my_py_pkg
[8.904s] Installing add_two_ints_client_no_oop script to /home/junge/ros2_ws/install/my_py_pkg/lib/my_py_pkg
[8.905s] Installing add_two_ints_server script to /home/junge/ros2_ws/install/my_py_pkg/lib/my_py_pkg
[8.908s] Installing battery script to /home/junge/ros2_ws/install/my_py_pkg/lib/my_py_pkg
[8.908s] Installing hw_status_publisher script to /home/junge/ros2_ws/install/my_py_pkg/lib/my_py_pkg
[8.909s] Installing led_panel script to /home/junge/ros2_ws/install/my_py_pkg/lib/my_py_pkg
[8.910s] Installing number_counter script to /home/junge/ros2_ws/install/my_py_pkg/lib/my_py_pkg
[8.911s] Installing number_publisher script to /home/junge/ros2_ws/install/my_py_pkg/lib/my_py_pkg
[8.911s] Installing py_node script to /home/junge/ros2_ws/install/my_py_pkg/lib/my_py_pkg
[8.911s] Installing robot_news_station script to /home/junge/ros2_ws/install/my_py_pkg/lib/my_py_pkg
[8.912s] Installing smartphone script to /home/junge/ros2_ws/install/my_py_pkg/lib/my_py_pkg
[8.913s] 
[8.913s] Installed /home/junge/ros2_ws/build/my_py_pkg
[8.919s] running symlink_data
[9.011s] Invoked command in '/home/junge/ros2_ws/build/my_py_pkg' returned '0': DEBUGINFOD_URLS=https://debuginfod.ubuntu.com PYTHONPATH=/home/junge/ros2_ws/build/my_py_pkg/prefix_override:/usr/lib/python3/dist-packages/colcon_core/task/python/colcon_distutils_commands:/home/junge/ros2_ws/install/my_py_pkg/lib/python3.12/site-packages:/home/junge/ros2_ws/install/my_robot_interfaces/lib/python3.12/site-packages:/home/junge/ros2_ws/build/my_py_pkg:/home/junge/ros2_ws/install/my_py_pkg/lib/python3.12/site-packages:/opt/ros/jazzy/lib/python3.12/site-packages /usr/bin/python3 -W ignore:setup.py install is deprecated -W ignore:easy_install command is deprecated setup.py develop --editable --build-directory /home/junge/ros2_ws/build/my_py_pkg/build --no-deps symlink_data
