[0.531s] DEBUG:colcon:Command line arguments: ['/usr/bin/colcon', 'build', '--packages-select', 'my_robot_bringup']
[0.531s] DEBUG:colcon:Parsed command line arguments: Namespace(log_base=None, log_level=None, verb_name='build', build_base='build', install_base='install', merge_install=False, symlink_install=False, test_result_base=None, continue_on_error=False, executor='parallel', parallel_workers=4, event_handlers=None, ignore_user_meta=False, metas=['./colcon.meta'], base_paths=['.'], packages_ignore=None, packages_ignore_regex=None, paths=None, packages_up_to=None, packages_up_to_regex=None, packages_above=None, packages_above_and_dependencies=None, packages_above_depth=None, packages_select_by_dep=None, packages_skip_by_dep=None, packages_skip_up_to=None, packages_select_build_failed=False, packages_skip_build_finished=False, packages_select_test_failures=False, packages_skip_test_passed=False, packages_select=['my_robot_bringup'], packages_skip=None, packages_select_regex=None, packages_skip_regex=None, packages_start=None, packages_end=None, allow_overriding=[], cmake_args=None, cmake_target=None, cmake_target_skip_unavailable=False, cmake_clean_cache=False, cmake_clean_first=False, cmake_force_configure=False, ament_cmake_args=None, catkin_cmake_args=None, catkin_skip_building_tests=False, mixin_files=None, mixin=None, verb_parser=<colcon_mixin.mixin.mixin_argument.MixinArgumentDecorator object at 0x702f0d57fe60>, verb_extension=<colcon_core.verb.build.BuildVerb object at 0x702f0d57fa10>, main=<bound method BuildVerb.main of <colcon_core.verb.build.BuildVerb object at 0x702f0d57fa10>>, mixin_verb=('build',))
[0.689s] Level 1:colcon.colcon_core.package_discovery:discover_packages(colcon_meta) check parameters
[0.689s] Level 1:colcon.colcon_core.package_discovery:discover_packages(recursive) check parameters
[0.689s] Level 1:colcon.colcon_core.package_discovery:discover_packages(ignore) check parameters
[0.689s] Level 1:colcon.colcon_core.package_discovery:discover_packages(path) check parameters
[0.689s] Level 1:colcon.colcon_core.package_discovery:discover_packages(colcon_meta) discover
[0.689s] Level 1:colcon.colcon_core.package_discovery:discover_packages(recursive) discover
[0.689s] INFO:colcon.colcon_core.package_discovery:Crawling recursively for packages in '/home/junge/ros2_ws'
[0.689s] Level 1:colcon.colcon_core.package_identification:_identify(.) by extensions ['ignore', 'ignore_ament_install']
[0.690s] Level 1:colcon.colcon_core.package_identification:_identify(.) by extension 'ignore'
[0.690s] Level 1:colcon.colcon_core.package_identification:_identify(.) by extension 'ignore_ament_install'
[0.690s] Level 1:colcon.colcon_core.package_identification:_identify(.) by extensions ['colcon_pkg']
[0.690s] Level 1:colcon.colcon_core.package_identification:_identify(.) by extension 'colcon_pkg'
[0.690s] Level 1:colcon.colcon_core.package_identification:_identify(.) by extensions ['colcon_meta']
[0.690s] Level 1:colcon.colcon_core.package_identification:_identify(.) by extension 'colcon_meta'
[0.690s] Level 1:colcon.colcon_core.package_identification:_identify(.) by extensions ['ros']
[0.690s] Level 1:colcon.colcon_core.package_identification:_identify(.) by extension 'ros'
[0.794s] Level 1:colcon.colcon_core.package_identification:_identify(.) by extensions ['cmake', 'python']
[0.794s] Level 1:colcon.colcon_core.package_identification:_identify(.) by extension 'cmake'
[0.794s] Level 1:colcon.colcon_core.package_identification:_identify(.) by extension 'python'
[0.794s] Level 1:colcon.colcon_core.package_identification:_identify(.) by extensions ['python_setup_py']
[0.794s] Level 1:colcon.colcon_core.package_identification:_identify(.) by extension 'python_setup_py'
[0.794s] Level 1:colcon.colcon_core.package_identification:_identify(build) by extensions ['ignore', 'ignore_ament_install']
[0.795s] Level 1:colcon.colcon_core.package_identification:_identify(build) by extension 'ignore'
[0.795s] Level 1:colcon.colcon_core.package_identification:_identify(build) ignored
[0.795s] Level 1:colcon.colcon_core.package_identification:_identify(install) by extensions ['ignore', 'ignore_ament_install']
[0.795s] Level 1:colcon.colcon_core.package_identification:_identify(install) by extension 'ignore'
[0.795s] Level 1:colcon.colcon_core.package_identification:_identify(install) ignored
[0.796s] Level 1:colcon.colcon_core.package_identification:_identify(log) by extensions ['ignore', 'ignore_ament_install']
[0.796s] Level 1:colcon.colcon_core.package_identification:_identify(log) by extension 'ignore'
[0.796s] Level 1:colcon.colcon_core.package_identification:_identify(log) ignored
[0.797s] Level 1:colcon.colcon_core.package_identification:_identify(src) by extensions ['ignore', 'ignore_ament_install']
[0.797s] Level 1:colcon.colcon_core.package_identification:_identify(src) by extension 'ignore'
[0.797s] Level 1:colcon.colcon_core.package_identification:_identify(src) by extension 'ignore_ament_install'
[0.797s] Level 1:colcon.colcon_core.package_identification:_identify(src) by extensions ['colcon_pkg']
[0.797s] Level 1:colcon.colcon_core.package_identification:_identify(src) by extension 'colcon_pkg'
[0.797s] Level 1:colcon.colcon_core.package_identification:_identify(src) by extensions ['colcon_meta']
[0.797s] Level 1:colcon.colcon_core.package_identification:_identify(src) by extension 'colcon_meta'
[0.798s] Level 1:colcon.colcon_core.package_identification:_identify(src) by extensions ['ros']
[0.798s] Level 1:colcon.colcon_core.package_identification:_identify(src) by extension 'ros'
[0.798s] Level 1:colcon.colcon_core.package_identification:_identify(src) by extensions ['cmake', 'python']
[0.798s] Level 1:colcon.colcon_core.package_identification:_identify(src) by extension 'cmake'
[0.798s] Level 1:colcon.colcon_core.package_identification:_identify(src) by extension 'python'
[0.798s] Level 1:colcon.colcon_core.package_identification:_identify(src) by extensions ['python_setup_py']
[0.798s] Level 1:colcon.colcon_core.package_identification:_identify(src) by extension 'python_setup_py'
[0.799s] Level 1:colcon.colcon_core.package_identification:_identify(src/my_py_pkg) by extensions ['ignore', 'ignore_ament_install']
[0.799s] Level 1:colcon.colcon_core.package_identification:_identify(src/my_py_pkg) by extension 'ignore'
[0.799s] Level 1:colcon.colcon_core.package_identification:_identify(src/my_py_pkg) by extension 'ignore_ament_install'
[0.799s] Level 1:colcon.colcon_core.package_identification:_identify(src/my_py_pkg) by extensions ['colcon_pkg']
[0.799s] Level 1:colcon.colcon_core.package_identification:_identify(src/my_py_pkg) by extension 'colcon_pkg'
[0.799s] Level 1:colcon.colcon_core.package_identification:_identify(src/my_py_pkg) by extensions ['colcon_meta']
[0.800s] Level 1:colcon.colcon_core.package_identification:_identify(src/my_py_pkg) by extension 'colcon_meta'
[0.800s] Level 1:colcon.colcon_core.package_identification:_identify(src/my_py_pkg) by extensions ['ros']
[0.800s] Level 1:colcon.colcon_core.package_identification:_identify(src/my_py_pkg) by extension 'ros'
[0.806s] DEBUG:colcon.colcon_core.package_identification:Package 'src/my_py_pkg' with type 'ros.ament_python' and name 'my_py_pkg'
[0.807s] Level 1:colcon.colcon_core.package_identification:_identify(src/my_robot_bringup) by extensions ['ignore', 'ignore_ament_install']
[0.807s] Level 1:colcon.colcon_core.package_identification:_identify(src/my_robot_bringup) by extension 'ignore'
[0.807s] Level 1:colcon.colcon_core.package_identification:_identify(src/my_robot_bringup) by extension 'ignore_ament_install'
[0.807s] Level 1:colcon.colcon_core.package_identification:_identify(src/my_robot_bringup) by extensions ['colcon_pkg']
[0.808s] Level 1:colcon.colcon_core.package_identification:_identify(src/my_robot_bringup) by extension 'colcon_pkg'
[0.808s] Level 1:colcon.colcon_core.package_identification:_identify(src/my_robot_bringup) by extensions ['colcon_meta']
[0.808s] Level 1:colcon.colcon_core.package_identification:_identify(src/my_robot_bringup) by extension 'colcon_meta'
[0.808s] Level 1:colcon.colcon_core.package_identification:_identify(src/my_robot_bringup) by extensions ['ros']
[0.808s] Level 1:colcon.colcon_core.package_identification:_identify(src/my_robot_bringup) by extension 'ros'
[0.810s] DEBUG:colcon.colcon_core.package_identification:Package 'src/my_robot_bringup' with type 'ros.ament_cmake' and name 'my_robot_bringup'
[0.810s] Level 1:colcon.colcon_core.package_identification:_identify(src/my_robot_interfaces) by extensions ['ignore', 'ignore_ament_install']
[0.810s] Level 1:colcon.colcon_core.package_identification:_identify(src/my_robot_interfaces) by extension 'ignore'
[0.810s] Level 1:colcon.colcon_core.package_identification:_identify(src/my_robot_interfaces) by extension 'ignore_ament_install'
[0.811s] Level 1:colcon.colcon_core.package_identification:_identify(src/my_robot_interfaces) by extensions ['colcon_pkg']
[0.811s] Level 1:colcon.colcon_core.package_identification:_identify(src/my_robot_interfaces) by extension 'colcon_pkg'
[0.811s] Level 1:colcon.colcon_core.package_identification:_identify(src/my_robot_interfaces) by extensions ['colcon_meta']
[0.811s] Level 1:colcon.colcon_core.package_identification:_identify(src/my_robot_interfaces) by extension 'colcon_meta'
[0.811s] Level 1:colcon.colcon_core.package_identification:_identify(src/my_robot_interfaces) by extensions ['ros']
[0.811s] Level 1:colcon.colcon_core.package_identification:_identify(src/my_robot_interfaces) by extension 'ros'
[0.813s] DEBUG:colcon.colcon_core.package_identification:Package 'src/my_robot_interfaces' with type 'ros.ament_cmake' and name 'my_robot_interfaces'
[0.813s] Level 1:colcon.colcon_core.package_discovery:discover_packages(recursive) using defaults
[0.813s] Level 1:colcon.colcon_core.package_discovery:discover_packages(ignore) discover
[0.813s] Level 1:colcon.colcon_core.package_discovery:discover_packages(ignore) using defaults
[0.813s] Level 1:colcon.colcon_core.package_discovery:discover_packages(path) discover
[0.813s] Level 1:colcon.colcon_core.package_discovery:discover_packages(path) using defaults
[0.890s] INFO:colcon.colcon_core.package_selection:Skipping not selected package 'my_robot_interfaces' in 'src/my_robot_interfaces'
[0.890s] INFO:colcon.colcon_core.package_selection:Skipping not selected package 'my_py_pkg' in 'src/my_py_pkg'
[0.891s] Level 1:colcon.colcon_core.package_discovery:discover_packages(prefix_path) check parameters
[0.891s] Level 1:colcon.colcon_core.package_discovery:discover_packages(prefix_path) discover
[0.897s] DEBUG:colcon.colcon_installed_package_information.package_discovery:Found 3 installed packages in /home/junge/ros2_ws/install
[0.898s] DEBUG:colcon.colcon_installed_package_information.package_discovery:Found 2 installed packages in /home/junge/install
[0.905s] DEBUG:colcon.colcon_installed_package_information.package_discovery:Found 285 installed packages in /opt/ros/jazzy
[0.908s] Level 1:colcon.colcon_core.package_discovery:discover_packages(prefix_path) using defaults
[1.079s] Level 5:colcon.colcon_core.verb:set package 'my_robot_bringup' build argument 'cmake_args' from command line to 'None'
[1.080s] Level 5:colcon.colcon_core.verb:set package 'my_robot_bringup' build argument 'cmake_target' from command line to 'None'
[1.080s] Level 5:colcon.colcon_core.verb:set package 'my_robot_bringup' build argument 'cmake_target_skip_unavailable' from command line to 'False'
[1.080s] Level 5:colcon.colcon_core.verb:set package 'my_robot_bringup' build argument 'cmake_clean_cache' from command line to 'False'
[1.080s] Level 5:colcon.colcon_core.verb:set package 'my_robot_bringup' build argument 'cmake_clean_first' from command line to 'False'
[1.080s] Level 5:colcon.colcon_core.verb:set package 'my_robot_bringup' build argument 'cmake_force_configure' from command line to 'False'
[1.080s] Level 5:colcon.colcon_core.verb:set package 'my_robot_bringup' build argument 'ament_cmake_args' from command line to 'None'
[1.080s] Level 5:colcon.colcon_core.verb:set package 'my_robot_bringup' build argument 'catkin_cmake_args' from command line to 'None'
[1.080s] Level 5:colcon.colcon_core.verb:set package 'my_robot_bringup' build argument 'catkin_skip_building_tests' from command line to 'False'
[1.080s] DEBUG:colcon.colcon_core.verb:Building package 'my_robot_bringup' with the following arguments: {'ament_cmake_args': None, 'build_base': '/home/junge/ros2_ws/build/my_robot_bringup', 'catkin_cmake_args': None, 'catkin_skip_building_tests': False, 'cmake_args': None, 'cmake_clean_cache': False, 'cmake_clean_first': False, 'cmake_force_configure': False, 'cmake_target': None, 'cmake_target_skip_unavailable': False, 'install_base': '/home/junge/ros2_ws/install/my_robot_bringup', 'merge_install': False, 'path': '/home/junge/ros2_ws/src/my_robot_bringup', 'symlink_install': False, 'test_result_base': None}
[1.080s] INFO:colcon.colcon_core.executor:Executing jobs using 'parallel' executor
[1.082s] DEBUG:colcon.colcon_parallel_executor.executor.parallel:run_until_complete
[1.082s] INFO:colcon.colcon_ros.task.ament_cmake.build:Building ROS package in '/home/junge/ros2_ws/src/my_robot_bringup' with build type 'ament_cmake'
[1.083s] INFO:colcon.colcon_cmake.task.cmake.build:Building CMake package in '/home/junge/ros2_ws/src/my_robot_bringup'
[1.088s] INFO:colcon.colcon_core.plugin_system:Skipping extension 'colcon_core.shell.bat': Not used on non-Windows systems
[1.089s] INFO:colcon.colcon_core.shell:Skip shell extension 'powershell' for command environment: Not usable outside of PowerShell
[1.089s] DEBUG:colcon.colcon_core.shell:Skip shell extension 'dsv' for command environment
[1.313s] DEBUG:colcon.colcon_core.event_handler.log_command:Invoking command in '/home/junge/ros2_ws/build/my_robot_bringup': AMENT_PREFIX_PATH=/home/junge/ros2_ws/install/my_py_pkg:/home/junge/ros2_ws/install/my_robot_bringup:/home/junge/ros2_ws/install/my_robot_interfaces:/home/junge/install/my_robot_bringup:/home/junge/install/my_py_pkg:/opt/ros/jazzy CMAKE_PREFIX_PATH=/home/junge/ros2_ws/install/my_robot_interfaces:/home/junge/ros2_ws/install/my_robot_bringup:/home/junge/install/my_robot_bringup:/opt/ros/jazzy/opt/gz_math_vendor:/opt/ros/jazzy/opt/gz_utils_vendor:/opt/ros/jazzy/opt/gz_cmake_vendor:/home/junge/ros2_ws/install/my_py_pkg:/home/junge/install/my_py_pkg:/opt/ros/jazzy DEBUGINFOD_URLS=https://debuginfod.ubuntu.com /usr/bin/cmake --build /home/junge/ros2_ws/build/my_robot_bringup -- -j4 -l4
[2.355s] DEBUG:colcon.colcon_core.event_handler.log_command:Invoked command in '/home/junge/ros2_ws/build/my_robot_bringup' returned '0': AMENT_PREFIX_PATH=/home/junge/ros2_ws/install/my_py_pkg:/home/junge/ros2_ws/install/my_robot_bringup:/home/junge/ros2_ws/install/my_robot_interfaces:/home/junge/install/my_robot_bringup:/home/junge/install/my_py_pkg:/opt/ros/jazzy CMAKE_PREFIX_PATH=/home/junge/ros2_ws/install/my_robot_interfaces:/home/junge/ros2_ws/install/my_robot_bringup:/home/junge/install/my_robot_bringup:/opt/ros/jazzy/opt/gz_math_vendor:/opt/ros/jazzy/opt/gz_utils_vendor:/opt/ros/jazzy/opt/gz_cmake_vendor:/home/junge/ros2_ws/install/my_py_pkg:/home/junge/install/my_py_pkg:/opt/ros/jazzy DEBUGINFOD_URLS=https://debuginfod.ubuntu.com /usr/bin/cmake --build /home/junge/ros2_ws/build/my_robot_bringup -- -j4 -l4
[2.485s] DEBUG:colcon.colcon_core.event_handler.log_command:Invoking command in '/home/junge/ros2_ws/build/my_robot_bringup': AMENT_PREFIX_PATH=/home/junge/ros2_ws/install/my_py_pkg:/home/junge/ros2_ws/install/my_robot_bringup:/home/junge/ros2_ws/install/my_robot_interfaces:/home/junge/install/my_robot_bringup:/home/junge/install/my_py_pkg:/opt/ros/jazzy CMAKE_PREFIX_PATH=/home/junge/ros2_ws/install/my_robot_interfaces:/home/junge/ros2_ws/install/my_robot_bringup:/home/junge/install/my_robot_bringup:/opt/ros/jazzy/opt/gz_math_vendor:/opt/ros/jazzy/opt/gz_utils_vendor:/opt/ros/jazzy/opt/gz_cmake_vendor:/home/junge/ros2_ws/install/my_py_pkg:/home/junge/install/my_py_pkg:/opt/ros/jazzy DEBUGINFOD_URLS=https://debuginfod.ubuntu.com /usr/bin/cmake --install /home/junge/ros2_ws/build/my_robot_bringup
[2.822s] Level 1:colcon.colcon_core.environment:create_environment_scripts_only(my_robot_bringup)
[2.823s] DEBUG:colcon.colcon_core.event_handler.log_command:Invoked command in '/home/junge/ros2_ws/build/my_robot_bringup' returned '0': AMENT_PREFIX_PATH=/home/junge/ros2_ws/install/my_py_pkg:/home/junge/ros2_ws/install/my_robot_bringup:/home/junge/ros2_ws/install/my_robot_interfaces:/home/junge/install/my_robot_bringup:/home/junge/install/my_py_pkg:/opt/ros/jazzy CMAKE_PREFIX_PATH=/home/junge/ros2_ws/install/my_robot_interfaces:/home/junge/ros2_ws/install/my_robot_bringup:/home/junge/install/my_robot_bringup:/opt/ros/jazzy/opt/gz_math_vendor:/opt/ros/jazzy/opt/gz_utils_vendor:/opt/ros/jazzy/opt/gz_cmake_vendor:/home/junge/ros2_ws/install/my_py_pkg:/home/junge/install/my_py_pkg:/opt/ros/jazzy DEBUGINFOD_URLS=https://debuginfod.ubuntu.com /usr/bin/cmake --install /home/junge/ros2_ws/build/my_robot_bringup
[2.830s] Level 1:colcon.colcon_core.environment:checking '/home/junge/ros2_ws/install/my_robot_bringup' for CMake module files
[2.849s] Level 1:colcon.colcon_core.environment:checking '/home/junge/ros2_ws/install/my_robot_bringup' for CMake config files
[2.872s] Level 1:colcon.colcon_core.shell:create_environment_hook('my_robot_bringup', 'cmake_prefix_path')
[2.873s] INFO:colcon.colcon_core.shell:Creating environment hook '/home/junge/ros2_ws/install/my_robot_bringup/share/my_robot_bringup/hook/cmake_prefix_path.ps1'
[2.875s] INFO:colcon.colcon_core.shell:Creating environment descriptor '/home/junge/ros2_ws/install/my_robot_bringup/share/my_robot_bringup/hook/cmake_prefix_path.dsv'
[2.876s] INFO:colcon.colcon_core.shell:Creating environment hook '/home/junge/ros2_ws/install/my_robot_bringup/share/my_robot_bringup/hook/cmake_prefix_path.sh'
[2.878s] Level 1:colcon.colcon_core.environment:checking '/home/junge/ros2_ws/install/my_robot_bringup/bin'
[2.878s] Level 1:colcon.colcon_core.environment:checking '/home/junge/ros2_ws/install/my_robot_bringup/lib/pkgconfig/my_robot_bringup.pc'
[2.878s] Level 1:colcon.colcon_core.environment:checking '/home/junge/ros2_ws/install/my_robot_bringup/lib/python3.12/site-packages'
[2.879s] Level 1:colcon.colcon_core.environment:checking '/home/junge/ros2_ws/install/my_robot_bringup/bin'
[2.879s] INFO:colcon.colcon_core.shell:Creating package script '/home/junge/ros2_ws/install/my_robot_bringup/share/my_robot_bringup/package.ps1'
[2.881s] INFO:colcon.colcon_core.shell:Creating package descriptor '/home/junge/ros2_ws/install/my_robot_bringup/share/my_robot_bringup/package.dsv'
[2.883s] INFO:colcon.colcon_core.shell:Creating package script '/home/junge/ros2_ws/install/my_robot_bringup/share/my_robot_bringup/package.sh'
[2.885s] INFO:colcon.colcon_core.shell:Creating package script '/home/junge/ros2_ws/install/my_robot_bringup/share/my_robot_bringup/package.bash'
[2.889s] INFO:colcon.colcon_core.shell:Creating package script '/home/junge/ros2_ws/install/my_robot_bringup/share/my_robot_bringup/package.zsh'
[2.892s] Level 1:colcon.colcon_core.environment:create_file_with_runtime_dependencies(/home/junge/ros2_ws/install/my_robot_bringup/share/colcon-core/packages/my_robot_bringup)
[2.896s] Level 1:colcon.colcon_core.environment:create_environment_scripts_only(my_robot_bringup)
[2.896s] Level 1:colcon.colcon_core.environment:checking '/home/junge/ros2_ws/install/my_robot_bringup' for CMake module files
[2.898s] Level 1:colcon.colcon_core.environment:checking '/home/junge/ros2_ws/install/my_robot_bringup' for CMake config files
[2.899s] Level 1:colcon.colcon_core.shell:create_environment_hook('my_robot_bringup', 'cmake_prefix_path')
[2.899s] INFO:colcon.colcon_core.shell:Creating environment hook '/home/junge/ros2_ws/install/my_robot_bringup/share/my_robot_bringup/hook/cmake_prefix_path.ps1'
[2.900s] INFO:colcon.colcon_core.shell:Creating environment descriptor '/home/junge/ros2_ws/install/my_robot_bringup/share/my_robot_bringup/hook/cmake_prefix_path.dsv'
[2.905s] INFO:colcon.colcon_core.shell:Creating environment hook '/home/junge/ros2_ws/install/my_robot_bringup/share/my_robot_bringup/hook/cmake_prefix_path.sh'
[2.907s] Level 1:colcon.colcon_core.environment:checking '/home/junge/ros2_ws/install/my_robot_bringup/bin'
[2.907s] Level 1:colcon.colcon_core.environment:checking '/home/junge/ros2_ws/install/my_robot_bringup/lib/pkgconfig/my_robot_bringup.pc'
[2.908s] Level 1:colcon.colcon_core.environment:checking '/home/junge/ros2_ws/install/my_robot_bringup/lib/python3.12/site-packages'
[2.909s] Level 1:colcon.colcon_core.environment:checking '/home/junge/ros2_ws/install/my_robot_bringup/bin'
[2.909s] INFO:colcon.colcon_core.shell:Creating package script '/home/junge/ros2_ws/install/my_robot_bringup/share/my_robot_bringup/package.ps1'
[2.911s] INFO:colcon.colcon_core.shell:Creating package descriptor '/home/junge/ros2_ws/install/my_robot_bringup/share/my_robot_bringup/package.dsv'
[2.912s] INFO:colcon.colcon_core.shell:Creating package script '/home/junge/ros2_ws/install/my_robot_bringup/share/my_robot_bringup/package.sh'
[2.913s] INFO:colcon.colcon_core.shell:Creating package script '/home/junge/ros2_ws/install/my_robot_bringup/share/my_robot_bringup/package.bash'
[2.913s] INFO:colcon.colcon_core.shell:Creating package script '/home/junge/ros2_ws/install/my_robot_bringup/share/my_robot_bringup/package.zsh'
[2.915s] Level 1:colcon.colcon_core.environment:create_file_with_runtime_dependencies(/home/junge/ros2_ws/install/my_robot_bringup/share/colcon-core/packages/my_robot_bringup)
[2.915s] DEBUG:colcon.colcon_parallel_executor.executor.parallel:closing loop
[2.916s] DEBUG:colcon.colcon_parallel_executor.executor.parallel:loop closed
[2.916s] DEBUG:colcon.colcon_parallel_executor.executor.parallel:run_until_complete finished with '0'
[2.917s] DEBUG:colcon.colcon_core.event_reactor:joining thread
[2.967s] INFO:colcon.colcon_core.plugin_system:Skipping extension 'colcon_notification.desktop_notification.terminal_notifier': Not used on non-Darwin systems
[2.968s] INFO:colcon.colcon_core.plugin_system:Skipping extension 'colcon_notification.desktop_notification.win32': Not used on non-Windows systems
[2.968s] INFO:colcon.colcon_notification.desktop_notification:Sending desktop notification using 'notify2'
[3.082s] DEBUG:colcon.colcon_core.event_reactor:joined thread
[3.083s] INFO:colcon.colcon_core.shell:Creating prefix script '/home/junge/ros2_ws/install/local_setup.ps1'
[3.087s] INFO:colcon.colcon_core.shell:Creating prefix util module '/home/junge/ros2_ws/install/_local_setup_util_ps1.py'
[3.095s] INFO:colcon.colcon_core.shell:Creating prefix chain script '/home/junge/ros2_ws/install/setup.ps1'
[3.098s] INFO:colcon.colcon_core.shell:Creating prefix script '/home/junge/ros2_ws/install/local_setup.sh'
[3.099s] INFO:colcon.colcon_core.shell:Creating prefix util module '/home/junge/ros2_ws/install/_local_setup_util_sh.py'
[3.103s] INFO:colcon.colcon_core.shell:Creating prefix chain script '/home/junge/ros2_ws/install/setup.sh'
[3.110s] INFO:colcon.colcon_core.shell:Creating prefix script '/home/junge/ros2_ws/install/local_setup.bash'
[3.112s] INFO:colcon.colcon_core.shell:Creating prefix chain script '/home/junge/ros2_ws/install/setup.bash'
[3.121s] INFO:colcon.colcon_core.shell:Creating prefix script '/home/junge/ros2_ws/install/local_setup.zsh'
[3.127s] INFO:colcon.colcon_core.shell:Creating prefix chain script '/home/junge/ros2_ws/install/setup.zsh'
