[6.233s] Invoking command in '/home/junge/ros2_ws/build/my_py_pkg': CMAKE_PREFIX_PATH=/home/junge/ros2_ws/install/my_robot_interfaces:/home/junge/install/my_robot_bringup:/home/junge/ros2_ws/install/my_robot_bringup:/opt/ros/jazzy/opt/gz_math_vendor:/opt/ros/jazzy/opt/gz_utils_vendor:/opt/ros/jazzy/opt/gz_cmake_vendor DEBUGINFOD_URLS=https://debuginfod.ubuntu.com PYTHONPATH=/home/junge/ros2_ws/build/my_py_pkg/prefix_override:/usr/lib/python3/dist-packages/colcon_core/task/python/colcon_distutils_commands:/home/junge/ros2_ws/install/my_py_pkg/lib/python3.12/site-packages:/home/junge/ros2_ws/install/my_robot_interfaces/lib/python3.12/site-packages:/home/junge/build/my_py_pkg:/home/junge/install/my_py_pkg/lib/python3.12/site-packages:/home/junge/ros2_ws/build/my_py_pkg:/home/junge/ros2_ws/install/my_py_pkg/lib/python3.12/site-packages:/opt/ros/jazzy/lib/python3.12/site-packages /usr/bin/python3 -W ignore:setup.py install is deprecated -W ignore:easy_install command is deprecated setup.py develop --uninstall --editable --build-directory /home/junge/ros2_ws/build/my_py_pkg/build
[8.110s] running develop
[9.821s] Removing /home/junge/ros2_ws/install/my_py_pkg/lib/python3.12/site-packages/my-py-pkg.egg-link (link to .)
[9.979s] Invoked command in '/home/junge/ros2_ws/build/my_py_pkg' returned '0': CMAKE_PREFIX_PATH=/home/junge/ros2_ws/install/my_robot_interfaces:/home/junge/install/my_robot_bringup:/home/junge/ros2_ws/install/my_robot_bringup:/opt/ros/jazzy/opt/gz_math_vendor:/opt/ros/jazzy/opt/gz_utils_vendor:/opt/ros/jazzy/opt/gz_cmake_vendor DEBUGINFOD_URLS=https://debuginfod.ubuntu.com PYTHONPATH=/home/junge/ros2_ws/build/my_py_pkg/prefix_override:/usr/lib/python3/dist-packages/colcon_core/task/python/colcon_distutils_commands:/home/junge/ros2_ws/install/my_py_pkg/lib/python3.12/site-packages:/home/junge/ros2_ws/install/my_robot_interfaces/lib/python3.12/site-packages:/home/junge/build/my_py_pkg:/home/junge/install/my_py_pkg/lib/python3.12/site-packages:/home/junge/ros2_ws/build/my_py_pkg:/home/junge/ros2_ws/install/my_py_pkg/lib/python3.12/site-packages:/opt/ros/jazzy/lib/python3.12/site-packages /usr/bin/python3 -W ignore:setup.py install is deprecated -W ignore:easy_install command is deprecated setup.py develop --uninstall --editable --build-directory /home/junge/ros2_ws/build/my_py_pkg/build
[9.990s] Invoking command in '/home/junge/ros2_ws/src/my_py_pkg': CMAKE_PREFIX_PATH=/home/junge/ros2_ws/install/my_robot_interfaces:/home/junge/install/my_robot_bringup:/home/junge/ros2_ws/install/my_robot_bringup:/opt/ros/jazzy/opt/gz_math_vendor:/opt/ros/jazzy/opt/gz_utils_vendor:/opt/ros/jazzy/opt/gz_cmake_vendor DEBUGINFOD_URLS=https://debuginfod.ubuntu.com PYTHONPATH=/home/junge/ros2_ws/build/my_py_pkg/prefix_override:/usr/lib/python3/dist-packages/colcon_core/task/python/colcon_distutils_commands:/home/junge/ros2_ws/install/my_py_pkg/lib/python3.12/site-packages:/home/junge/ros2_ws/install/my_robot_interfaces/lib/python3.12/site-packages:/home/junge/build/my_py_pkg:/home/junge/install/my_py_pkg/lib/python3.12/site-packages:/home/junge/ros2_ws/build/my_py_pkg:/home/junge/ros2_ws/install/my_py_pkg/lib/python3.12/site-packages:/opt/ros/jazzy/lib/python3.12/site-packages /usr/bin/python3 -W ignore:setup.py install is deprecated -W ignore:easy_install command is deprecated setup.py egg_info --egg-base ../../build/my_py_pkg build --build-base /home/junge/ros2_ws/build/my_py_pkg/build install --record /home/junge/ros2_ws/build/my_py_pkg/install.log --single-version-externally-managed install_data --force
[12.624s] running egg_info
[12.841s] writing ../../build/my_py_pkg/my_py_pkg.egg-info/PKG-INFO
[12.842s] writing dependency_links to ../../build/my_py_pkg/my_py_pkg.egg-info/dependency_links.txt
[12.847s] writing entry points to ../../build/my_py_pkg/my_py_pkg.egg-info/entry_points.txt
[12.847s] writing requirements to ../../build/my_py_pkg/my_py_pkg.egg-info/requires.txt
[12.848s] writing top-level names to ../../build/my_py_pkg/my_py_pkg.egg-info/top_level.txt
[13.225s] reading manifest file '../../build/my_py_pkg/my_py_pkg.egg-info/SOURCES.txt'
[13.247s] writing manifest file '../../build/my_py_pkg/my_py_pkg.egg-info/SOURCES.txt'
[13.248s] running build
[13.248s] running build_py
[13.254s] copying my_py_pkg/led_panel.py -> /home/junge/ros2_ws/build/my_py_pkg/build/lib/my_py_pkg
[13.255s] copying my_py_pkg/number_publisher.py -> /home/junge/ros2_ws/build/my_py_pkg/build/lib/my_py_pkg
[13.263s] copying my_py_pkg/robot_news_station.py -> /home/junge/ros2_ws/build/my_py_pkg/build/lib/my_py_pkg
[13.272s] copying my_py_pkg/battery.py -> /home/junge/ros2_ws/build/my_py_pkg/build/lib/my_py_pkg
[13.274s] running install
[13.319s] running install_lib
[13.518s] creating /home/junge/ros2_ws/install/my_py_pkg/lib/python3.12/site-packages/my_py_pkg
[13.519s] copying /home/junge/ros2_ws/build/my_py_pkg/build/lib/my_py_pkg/led_panel.py -> /home/junge/ros2_ws/install/my_py_pkg/lib/python3.12/site-packages/my_py_pkg
[13.536s] copying /home/junge/ros2_ws/build/my_py_pkg/build/lib/my_py_pkg/smartphone.py -> /home/junge/ros2_ws/install/my_py_pkg/lib/python3.12/site-packages/my_py_pkg
[13.560s] copying /home/junge/ros2_ws/build/my_py_pkg/build/lib/my_py_pkg/add_two_ints_server.py -> /home/junge/ros2_ws/install/my_py_pkg/lib/python3.12/site-packages/my_py_pkg
[13.563s] copying /home/junge/ros2_ws/build/my_py_pkg/build/lib/my_py_pkg/number_publisher.py -> /home/junge/ros2_ws/install/my_py_pkg/lib/python3.12/site-packages/my_py_pkg
[13.575s] copying /home/junge/ros2_ws/build/my_py_pkg/build/lib/my_py_pkg/robot_news_station.py -> /home/junge/ros2_ws/install/my_py_pkg/lib/python3.12/site-packages/my_py_pkg
[13.577s] copying /home/junge/ros2_ws/build/my_py_pkg/build/lib/my_py_pkg/battery.py -> /home/junge/ros2_ws/install/my_py_pkg/lib/python3.12/site-packages/my_py_pkg
[13.578s] copying /home/junge/ros2_ws/build/my_py_pkg/build/lib/my_py_pkg/hardware_status_publisher.py -> /home/junge/ros2_ws/install/my_py_pkg/lib/python3.12/site-packages/my_py_pkg
[13.587s] copying /home/junge/ros2_ws/build/my_py_pkg/build/lib/my_py_pkg/__init__.py -> /home/junge/ros2_ws/install/my_py_pkg/lib/python3.12/site-packages/my_py_pkg
[13.595s] copying /home/junge/ros2_ws/build/my_py_pkg/build/lib/my_py_pkg/my_first_node.py -> /home/junge/ros2_ws/install/my_py_pkg/lib/python3.12/site-packages/my_py_pkg
[13.596s] copying /home/junge/ros2_ws/build/my_py_pkg/build/lib/my_py_pkg/template_python_node.py -> /home/junge/ros2_ws/install/my_py_pkg/lib/python3.12/site-packages/my_py_pkg
[13.596s] copying /home/junge/ros2_ws/build/my_py_pkg/build/lib/my_py_pkg/number_counter.py -> /home/junge/ros2_ws/install/my_py_pkg/lib/python3.12/site-packages/my_py_pkg
[13.618s] copying /home/junge/ros2_ws/build/my_py_pkg/build/lib/my_py_pkg/add_two_ints_client.py -> /home/junge/ros2_ws/install/my_py_pkg/lib/python3.12/site-packages/my_py_pkg
[13.635s] copying /home/junge/ros2_ws/build/my_py_pkg/build/lib/my_py_pkg/add_two_ints_client_no_oop.py -> /home/junge/ros2_ws/install/my_py_pkg/lib/python3.12/site-packages/my_py_pkg
[13.643s] byte-compiling /home/junge/ros2_ws/install/my_py_pkg/lib/python3.12/site-packages/my_py_pkg/led_panel.py to led_panel.cpython-312.pyc
[13.648s] byte-compiling /home/junge/ros2_ws/install/my_py_pkg/lib/python3.12/site-packages/my_py_pkg/smartphone.py to smartphone.cpython-312.pyc
[13.659s] byte-compiling /home/junge/ros2_ws/install/my_py_pkg/lib/python3.12/site-packages/my_py_pkg/add_two_ints_server.py to add_two_ints_server.cpython-312.pyc
[13.663s] byte-compiling /home/junge/ros2_ws/install/my_py_pkg/lib/python3.12/site-packages/my_py_pkg/number_publisher.py to number_publisher.cpython-312.pyc
[13.674s] byte-compiling /home/junge/ros2_ws/install/my_py_pkg/lib/python3.12/site-packages/my_py_pkg/robot_news_station.py to robot_news_station.cpython-312.pyc
[13.685s] byte-compiling /home/junge/ros2_ws/install/my_py_pkg/lib/python3.12/site-packages/my_py_pkg/battery.py to battery.cpython-312.pyc
[13.689s] byte-compiling /home/junge/ros2_ws/install/my_py_pkg/lib/python3.12/site-packages/my_py_pkg/hardware_status_publisher.py to hardware_status_publisher.cpython-312.pyc
[13.704s] byte-compiling /home/junge/ros2_ws/install/my_py_pkg/lib/python3.12/site-packages/my_py_pkg/__init__.py to __init__.cpython-312.pyc
[13.704s] byte-compiling /home/junge/ros2_ws/install/my_py_pkg/lib/python3.12/site-packages/my_py_pkg/my_first_node.py to my_first_node.cpython-312.pyc
[13.704s] byte-compiling /home/junge/ros2_ws/install/my_py_pkg/lib/python3.12/site-packages/my_py_pkg/template_python_node.py to template_python_node.cpython-312.pyc
[13.708s] byte-compiling /home/junge/ros2_ws/install/my_py_pkg/lib/python3.12/site-packages/my_py_pkg/number_counter.py to number_counter.cpython-312.pyc
[13.708s] byte-compiling /home/junge/ros2_ws/install/my_py_pkg/lib/python3.12/site-packages/my_py_pkg/add_two_ints_client.py to add_two_ints_client.cpython-312.pyc
[13.710s] byte-compiling /home/junge/ros2_ws/install/my_py_pkg/lib/python3.12/site-packages/my_py_pkg/add_two_ints_client_no_oop.py to add_two_ints_client_no_oop.cpython-312.pyc
[13.716s] running install_data
[13.716s] copying resource/my_py_pkg -> /home/junge/ros2_ws/install/my_py_pkg/share/ament_index/resource_index/packages
[13.719s] copying package.xml -> /home/junge/ros2_ws/install/my_py_pkg/share/my_py_pkg
[13.722s] running install_egg_info
[13.813s] Copying ../../build/my_py_pkg/my_py_pkg.egg-info to /home/junge/ros2_ws/install/my_py_pkg/lib/python3.12/site-packages/my_py_pkg-0.0.0-py3.12.egg-info
[13.828s] running install_scripts
[14.925s] Installing add_two_ints_client script to /home/junge/ros2_ws/install/my_py_pkg/lib/my_py_pkg
[14.927s] Installing add_two_ints_client_no_oop script to /home/junge/ros2_ws/install/my_py_pkg/lib/my_py_pkg
[14.927s] Installing add_two_ints_server script to /home/junge/ros2_ws/install/my_py_pkg/lib/my_py_pkg
[14.928s] Installing battery script to /home/junge/ros2_ws/install/my_py_pkg/lib/my_py_pkg
[14.928s] Installing hw_status_publisher script to /home/junge/ros2_ws/install/my_py_pkg/lib/my_py_pkg
[14.928s] Installing led_panel script to /home/junge/ros2_ws/install/my_py_pkg/lib/my_py_pkg
[14.929s] Installing number_counter script to /home/junge/ros2_ws/install/my_py_pkg/lib/my_py_pkg
[14.929s] Installing number_publisher script to /home/junge/ros2_ws/install/my_py_pkg/lib/my_py_pkg
[14.930s] Installing py_node script to /home/junge/ros2_ws/install/my_py_pkg/lib/my_py_pkg
[14.930s] Installing robot_news_station script to /home/junge/ros2_ws/install/my_py_pkg/lib/my_py_pkg
[14.931s] Installing smartphone script to /home/junge/ros2_ws/install/my_py_pkg/lib/my_py_pkg
[14.932s] writing list of installed files to '/home/junge/ros2_ws/build/my_py_pkg/install.log'
[15.004s] Invoked command in '/home/junge/ros2_ws/src/my_py_pkg' returned '0': CMAKE_PREFIX_PATH=/home/junge/ros2_ws/install/my_robot_interfaces:/home/junge/install/my_robot_bringup:/home/junge/ros2_ws/install/my_robot_bringup:/opt/ros/jazzy/opt/gz_math_vendor:/opt/ros/jazzy/opt/gz_utils_vendor:/opt/ros/jazzy/opt/gz_cmake_vendor DEBUGINFOD_URLS=https://debuginfod.ubuntu.com PYTHONPATH=/home/junge/ros2_ws/build/my_py_pkg/prefix_override:/usr/lib/python3/dist-packages/colcon_core/task/python/colcon_distutils_commands:/home/junge/ros2_ws/install/my_py_pkg/lib/python3.12/site-packages:/home/junge/ros2_ws/install/my_robot_interfaces/lib/python3.12/site-packages:/home/junge/build/my_py_pkg:/home/junge/install/my_py_pkg/lib/python3.12/site-packages:/home/junge/ros2_ws/build/my_py_pkg:/home/junge/ros2_ws/install/my_py_pkg/lib/python3.12/site-packages:/opt/ros/jazzy/lib/python3.12/site-packages /usr/bin/python3 -W ignore:setup.py install is deprecated -W ignore:easy_install command is deprecated setup.py egg_info --egg-base ../../build/my_py_pkg build --build-base /home/junge/ros2_ws/build/my_py_pkg/build install --record /home/junge/ros2_ws/build/my_py_pkg/install.log --single-version-externally-managed install_data --force
