[7.663s] Invoking command in '/home/junge/ros2_ws/build/turtlesim_catch_them_all': DEBUGINFOD_URLS=https://debuginfod.ubuntu.com PYTHONPATH=/home/junge/ros2_ws/build/turtlesim_catch_them_all/prefix_override:/usr/lib/python3/dist-packages/colcon_core/task/python/colcon_distutils_commands:/home/junge/ros2_ws/install/turtlesim_catch_them_all/lib/python3.12/site-packages:${PYTHONPATH} /usr/bin/python3 -W ignore:setup.py install is deprecated -W ignore:easy_install command is deprecated setup.py develop --editable --build-directory /home/junge/ros2_ws/build/turtlesim_catch_them_all/build --no-deps symlink_data
[8.732s] running develop
[9.443s] running egg_info
[9.443s] creating turtlesim_catch_them_all.egg-info
[9.497s] writing turtlesim_catch_them_all.egg-info/PKG-INFO
[9.497s] writing dependency_links to turtlesim_catch_them_all.egg-info/dependency_links.txt
[9.498s] writing entry points to turtlesim_catch_them_all.egg-info/entry_points.txt
[9.499s] writing requirements to turtlesim_catch_them_all.egg-info/requires.txt
[9.499s] writing top-level names to turtlesim_catch_them_all.egg-info/top_level.txt
[9.499s] writing manifest file 'turtlesim_catch_them_all.egg-info/SOURCES.txt'
[9.619s] reading manifest file 'turtlesim_catch_them_all.egg-info/SOURCES.txt'
[9.621s] writing manifest file 'turtlesim_catch_them_all.egg-info/SOURCES.txt'
[9.678s] running build_ext
[9.679s] Creating /home/junge/ros2_ws/install/turtlesim_catch_them_all/lib/python3.12/site-packages/turtlesim-catch-them-all.egg-link (link to .)
[9.681s] Installing controller script to /home/junge/ros2_ws/install/turtlesim_catch_them_all/lib/turtlesim_catch_them_all
[9.682s] 
[9.682s] Installed /home/junge/ros2_ws/build/turtlesim_catch_them_all
[9.682s] running symlink_data
[9.682s] creating /home/junge/ros2_ws/install/turtlesim_catch_them_all/share/ament_index
[9.682s] creating /home/junge/ros2_ws/install/turtlesim_catch_them_all/share/ament_index/resource_index
[9.683s] creating /home/junge/ros2_ws/install/turtlesim_catch_them_all/share/ament_index/resource_index/packages
[9.683s] symbolically linking /home/junge/ros2_ws/build/turtlesim_catch_them_all/resource/turtlesim_catch_them_all -> /home/junge/ros2_ws/install/turtlesim_catch_them_all/share/ament_index/resource_index/packages
[9.683s] symbolically linking /home/junge/ros2_ws/build/turtlesim_catch_them_all/package.xml -> /home/junge/ros2_ws/install/turtlesim_catch_them_all/share/turtlesim_catch_them_all
[9.752s] Invoked command in '/home/junge/ros2_ws/build/turtlesim_catch_them_all' returned '0': DEBUGINFOD_URLS=https://debuginfod.ubuntu.com PYTHONPATH=/home/junge/ros2_ws/build/turtlesim_catch_them_all/prefix_override:/usr/lib/python3/dist-packages/colcon_core/task/python/colcon_distutils_commands:/home/junge/ros2_ws/install/turtlesim_catch_them_all/lib/python3.12/site-packages:${PYTHONPATH} /usr/bin/python3 -W ignore:setup.py install is deprecated -W ignore:easy_install command is deprecated setup.py develop --editable --build-directory /home/junge/ros2_ws/build/turtlesim_catch_them_all/build --no-deps symlink_data
