[2.735s] Invoking command in '/home/junge/ros2_ws/src/my_py_pkg': DEBUGINFOD_URLS=https://debuginfod.ubuntu.com PYTHONPATH=/home/junge/ros2_ws/build/my_py_pkg/prefix_override:/usr/lib/python3/dist-packages/colcon_core/task/python/colcon_distutils_commands:/home/junge/ros2_ws/install/my_py_pkg/lib/python3.12/site-packages:${PYTHONPATH} /usr/bin/python3 -W ignore:setup.py install is deprecated -W ignore:easy_install command is deprecated setup.py egg_info --egg-base ../../build/my_py_pkg build --build-base /home/junge/ros2_ws/build/my_py_pkg/build install --record /home/junge/ros2_ws/build/my_py_pkg/install.log --single-version-externally-managed install_data
[3.760s] running egg_info
[3.825s] writing ../../build/my_py_pkg/my_py_pkg.egg-info/PKG-INFO
[3.825s] writing dependency_links to ../../build/my_py_pkg/my_py_pkg.egg-info/dependency_links.txt
[3.826s] writing entry points to ../../build/my_py_pkg/my_py_pkg.egg-info/entry_points.txt
[3.827s] writing requirements to ../../build/my_py_pkg/my_py_pkg.egg-info/requires.txt
[3.828s] writing top-level names to ../../build/my_py_pkg/my_py_pkg.egg-info/top_level.txt
[3.956s] reading manifest file '../../build/my_py_pkg/my_py_pkg.egg-info/SOURCES.txt'
[3.959s] writing manifest file '../../build/my_py_pkg/my_py_pkg.egg-info/SOURCES.txt'
[3.959s] running build
[3.959s] running build_py
[3.960s] copying my_py_pkg/hardware_status_publisher.py -> /home/junge/ros2_ws/build/my_py_pkg/build/lib/my_py_pkg
[3.961s] running install
[3.983s] running install_lib
[4.048s] copying /home/junge/ros2_ws/build/my_py_pkg/build/lib/my_py_pkg/hardware_status_publisher.py -> /home/junge/ros2_ws/install/my_py_pkg/lib/python3.12/site-packages/my_py_pkg
[4.051s] byte-compiling /home/junge/ros2_ws/install/my_py_pkg/lib/python3.12/site-packages/my_py_pkg/hardware_status_publisher.py to hardware_status_publisher.cpython-312.pyc
[4.053s] running install_data
[4.054s] copying package.xml -> /home/junge/ros2_ws/install/my_py_pkg/share/my_py_pkg
[4.055s] running install_egg_info
[4.122s] removing '/home/junge/ros2_ws/install/my_py_pkg/lib/python3.12/site-packages/my_py_pkg-0.0.0-py3.12.egg-info' (and everything under it)
[4.125s] Copying ../../build/my_py_pkg/my_py_pkg.egg-info to /home/junge/ros2_ws/install/my_py_pkg/lib/python3.12/site-packages/my_py_pkg-0.0.0-py3.12.egg-info
[4.130s] running install_scripts
[4.658s] Installing add_two_ints_client script to /home/junge/ros2_ws/install/my_py_pkg/lib/my_py_pkg
[4.658s] Installing add_two_ints_client_no_oop script to /home/junge/ros2_ws/install/my_py_pkg/lib/my_py_pkg
[4.659s] Installing add_two_ints_server script to /home/junge/ros2_ws/install/my_py_pkg/lib/my_py_pkg
[4.659s] Installing hw_status_publisher script to /home/junge/ros2_ws/install/my_py_pkg/lib/my_py_pkg
[4.659s] Installing number_counter script to /home/junge/ros2_ws/install/my_py_pkg/lib/my_py_pkg
[4.660s] Installing number_publisher script to /home/junge/ros2_ws/install/my_py_pkg/lib/my_py_pkg
[4.660s] Installing py_node script to /home/junge/ros2_ws/install/my_py_pkg/lib/my_py_pkg
[4.661s] Installing robot_news_station script to /home/junge/ros2_ws/install/my_py_pkg/lib/my_py_pkg
[4.661s] Installing smartphone script to /home/junge/ros2_ws/install/my_py_pkg/lib/my_py_pkg
[4.663s] writing list of installed files to '/home/junge/ros2_ws/build/my_py_pkg/install.log'
[4.740s] Invoked command in '/home/junge/ros2_ws/src/my_py_pkg' returned '0': DEBUGINFOD_URLS=https://debuginfod.ubuntu.com PYTHONPATH=/home/junge/ros2_ws/build/my_py_pkg/prefix_override:/usr/lib/python3/dist-packages/colcon_core/task/python/colcon_distutils_commands:/home/junge/ros2_ws/install/my_py_pkg/lib/python3.12/site-packages:${PYTHONPATH} /usr/bin/python3 -W ignore:setup.py install is deprecated -W ignore:easy_install command is deprecated setup.py egg_info --egg-base ../../build/my_py_pkg build --build-base /home/junge/ros2_ws/build/my_py_pkg/build install --record /home/junge/ros2_ws/build/my_py_pkg/install.log --single-version-externally-managed install_data
