[3.218s] Invoking command in '/home/junge/ros2_ws/src/my_py_pkg': CMAKE_PREFIX_PATH=/home/junge/ros2_ws/install/my_robot_interfaces:/home/junge/ros2_ws/install/my_robot_bringup:/home/junge/install/my_robot_bringup:/opt/ros/jazzy/opt/gz_math_vendor:/opt/ros/jazzy/opt/gz_utils_vendor:/opt/ros/jazzy/opt/gz_cmake_vendor DEBUGINFOD_URLS=https://debuginfod.ubuntu.com PYTHONPATH=/home/junge/ros2_ws/build/my_py_pkg/prefix_override:/usr/lib/python3/dist-packages/colcon_core/task/python/colcon_distutils_commands:/home/junge/ros2_ws/install/my_py_pkg/lib/python3.12/site-packages:/home/junge/ros2_ws/install/my_robot_interfaces/lib/python3.12/site-packages:/home/junge/ros2_ws/install/my_py_pkg/lib/python3.12/site-packages:/home/junge/build/my_py_pkg:/home/junge/install/my_py_pkg/lib/python3.12/site-packages:/opt/ros/jazzy/lib/python3.12/site-packages /usr/bin/python3 -W ignore:setup.py install is deprecated -W ignore:easy_install command is deprecated setup.py egg_info --egg-base ../../build/my_py_pkg build --build-base /home/junge/ros2_ws/build/my_py_pkg/build install --record /home/junge/ros2_ws/build/my_py_pkg/install.log --single-version-externally-managed install_data
[4.314s] running egg_info
[4.400s] writing ../../build/my_py_pkg/my_py_pkg.egg-info/PKG-INFO
[4.400s] writing dependency_links to ../../build/my_py_pkg/my_py_pkg.egg-info/dependency_links.txt
[4.400s] writing entry points to ../../build/my_py_pkg/my_py_pkg.egg-info/entry_points.txt
[4.401s] writing requirements to ../../build/my_py_pkg/my_py_pkg.egg-info/requires.txt
[4.401s] writing top-level names to ../../build/my_py_pkg/my_py_pkg.egg-info/top_level.txt
[4.544s] reading manifest file '../../build/my_py_pkg/my_py_pkg.egg-info/SOURCES.txt'
[4.547s] writing manifest file '../../build/my_py_pkg/my_py_pkg.egg-info/SOURCES.txt'
[4.547s] running build
[4.547s] running build_py
[4.548s] copying my_py_pkg/number_publisher.py -> /home/junge/ros2_ws/build/my_py_pkg/build/lib/my_py_pkg
[4.551s] running install
[4.571s] running install_lib
[4.634s] copying /home/junge/ros2_ws/build/my_py_pkg/build/lib/my_py_pkg/number_publisher.py -> /home/junge/ros2_ws/install/my_py_pkg/lib/python3.12/site-packages/my_py_pkg
[4.637s] byte-compiling /home/junge/ros2_ws/install/my_py_pkg/lib/python3.12/site-packages/my_py_pkg/number_publisher.py to number_publisher.cpython-312.pyc
[4.640s] running install_data
[4.640s] running install_egg_info
[4.712s] removing '/home/junge/ros2_ws/install/my_py_pkg/lib/python3.12/site-packages/my_py_pkg-0.0.0-py3.12.egg-info' (and everything under it)
[4.712s] Copying ../../build/my_py_pkg/my_py_pkg.egg-info to /home/junge/ros2_ws/install/my_py_pkg/lib/python3.12/site-packages/my_py_pkg-0.0.0-py3.12.egg-info
[4.715s] running install_scripts
[5.243s] Installing add_two_ints_client script to /home/junge/ros2_ws/install/my_py_pkg/lib/my_py_pkg
[5.244s] Installing add_two_ints_client_no_oop script to /home/junge/ros2_ws/install/my_py_pkg/lib/my_py_pkg
[5.244s] Installing add_two_ints_server script to /home/junge/ros2_ws/install/my_py_pkg/lib/my_py_pkg
[5.247s] Installing battery script to /home/junge/ros2_ws/install/my_py_pkg/lib/my_py_pkg
[5.247s] Installing hw_status_publisher script to /home/junge/ros2_ws/install/my_py_pkg/lib/my_py_pkg
[5.248s] Installing led_panel script to /home/junge/ros2_ws/install/my_py_pkg/lib/my_py_pkg
[5.249s] Installing number_counter script to /home/junge/ros2_ws/install/my_py_pkg/lib/my_py_pkg
[5.249s] Installing number_publisher script to /home/junge/ros2_ws/install/my_py_pkg/lib/my_py_pkg
[5.249s] Installing py_node script to /home/junge/ros2_ws/install/my_py_pkg/lib/my_py_pkg
[5.250s] Installing robot_news_station script to /home/junge/ros2_ws/install/my_py_pkg/lib/my_py_pkg
[5.251s] Installing smartphone script to /home/junge/ros2_ws/install/my_py_pkg/lib/my_py_pkg
[5.252s] writing list of installed files to '/home/junge/ros2_ws/build/my_py_pkg/install.log'
[5.346s] Invoked command in '/home/junge/ros2_ws/src/my_py_pkg' returned '0': CMAKE_PREFIX_PATH=/home/junge/ros2_ws/install/my_robot_interfaces:/home/junge/ros2_ws/install/my_robot_bringup:/home/junge/install/my_robot_bringup:/opt/ros/jazzy/opt/gz_math_vendor:/opt/ros/jazzy/opt/gz_utils_vendor:/opt/ros/jazzy/opt/gz_cmake_vendor DEBUGINFOD_URLS=https://debuginfod.ubuntu.com PYTHONPATH=/home/junge/ros2_ws/build/my_py_pkg/prefix_override:/usr/lib/python3/dist-packages/colcon_core/task/python/colcon_distutils_commands:/home/junge/ros2_ws/install/my_py_pkg/lib/python3.12/site-packages:/home/junge/ros2_ws/install/my_robot_interfaces/lib/python3.12/site-packages:/home/junge/ros2_ws/install/my_py_pkg/lib/python3.12/site-packages:/home/junge/build/my_py_pkg:/home/junge/install/my_py_pkg/lib/python3.12/site-packages:/opt/ros/jazzy/lib/python3.12/site-packages /usr/bin/python3 -W ignore:setup.py install is deprecated -W ignore:easy_install command is deprecated setup.py egg_info --egg-base ../../build/my_py_pkg build --build-base /home/junge/ros2_ws/build/my_py_pkg/build install --record /home/junge/ros2_ws/build/my_py_pkg/install.log --single-version-externally-managed install_data
