[2.299s] Invoking command in '/home/junge/ros2_ws/src/my_py_pkg': DEBUGINFOD_URLS=https://debuginfod.ubuntu.com PYTHONPATH=/home/junge/ros2_ws/build/my_py_pkg/prefix_override:/usr/lib/python3/dist-packages/colcon_core/task/python/colcon_distutils_commands:/home/junge/ros2_ws/install/my_py_pkg/lib/python3.12/site-packages:${PYTHONPATH} /usr/bin/python3 -W ignore:setup.py install is deprecated -W ignore:easy_install command is deprecated setup.py egg_info --egg-base ../../build/my_py_pkg build --build-base /home/junge/ros2_ws/build/my_py_pkg/build install --record /home/junge/ros2_ws/build/my_py_pkg/install.log --single-version-externally-managed install_data
[3.088s] running egg_info
[3.089s] creating ../../build/my_py_pkg/my_py_pkg.egg-info
[3.153s] writing ../../build/my_py_pkg/my_py_pkg.egg-info/PKG-INFO
[3.153s] writing dependency_links to ../../build/my_py_pkg/my_py_pkg.egg-info/dependency_links.txt
[3.154s] writing entry points to ../../build/my_py_pkg/my_py_pkg.egg-info/entry_points.txt
[3.154s] writing requirements to ../../build/my_py_pkg/my_py_pkg.egg-info/requires.txt
[3.154s] writing top-level names to ../../build/my_py_pkg/my_py_pkg.egg-info/top_level.txt
[3.155s] writing manifest file '../../build/my_py_pkg/my_py_pkg.egg-info/SOURCES.txt'
[3.260s] reading manifest file '../../build/my_py_pkg/my_py_pkg.egg-info/SOURCES.txt'
[3.261s] writing manifest file '../../build/my_py_pkg/my_py_pkg.egg-info/SOURCES.txt'
[3.262s] running build
[3.262s] running build_py
[3.262s] creating /home/junge/ros2_ws/build/my_py_pkg/build
[3.263s] creating /home/junge/ros2_ws/build/my_py_pkg/build/lib
[3.263s] creating /home/junge/ros2_ws/build/my_py_pkg/build/lib/my_py_pkg
[3.263s] copying my_py_pkg/smartphone.py -> /home/junge/ros2_ws/build/my_py_pkg/build/lib/my_py_pkg
[3.263s] copying my_py_pkg/add_two_ints_server.py -> /home/junge/ros2_ws/build/my_py_pkg/build/lib/my_py_pkg
[3.264s] copying my_py_pkg/number_publisher.py -> /home/junge/ros2_ws/build/my_py_pkg/build/lib/my_py_pkg
[3.264s] copying my_py_pkg/robot_news_station.py -> /home/junge/ros2_ws/build/my_py_pkg/build/lib/my_py_pkg
[3.264s] copying my_py_pkg/__init__.py -> /home/junge/ros2_ws/build/my_py_pkg/build/lib/my_py_pkg
[3.265s] copying my_py_pkg/my_first_node.py -> /home/junge/ros2_ws/build/my_py_pkg/build/lib/my_py_pkg
[3.265s] copying my_py_pkg/template_python_node.py -> /home/junge/ros2_ws/build/my_py_pkg/build/lib/my_py_pkg
[3.266s] copying my_py_pkg/number_counter.py -> /home/junge/ros2_ws/build/my_py_pkg/build/lib/my_py_pkg
[3.266s] copying my_py_pkg/add_two_ints_client.py -> /home/junge/ros2_ws/build/my_py_pkg/build/lib/my_py_pkg
[3.267s] copying my_py_pkg/add_two_ints_client_no_oop.py -> /home/junge/ros2_ws/build/my_py_pkg/build/lib/my_py_pkg
[3.267s] running install
[3.285s] running install_lib
[3.339s] creating /home/junge/ros2_ws/install/my_py_pkg/lib/python3.12/site-packages/my_py_pkg
[3.339s] copying /home/junge/ros2_ws/build/my_py_pkg/build/lib/my_py_pkg/smartphone.py -> /home/junge/ros2_ws/install/my_py_pkg/lib/python3.12/site-packages/my_py_pkg
[3.339s] copying /home/junge/ros2_ws/build/my_py_pkg/build/lib/my_py_pkg/add_two_ints_server.py -> /home/junge/ros2_ws/install/my_py_pkg/lib/python3.12/site-packages/my_py_pkg
[3.340s] copying /home/junge/ros2_ws/build/my_py_pkg/build/lib/my_py_pkg/number_publisher.py -> /home/junge/ros2_ws/install/my_py_pkg/lib/python3.12/site-packages/my_py_pkg
[3.340s] copying /home/junge/ros2_ws/build/my_py_pkg/build/lib/my_py_pkg/robot_news_station.py -> /home/junge/ros2_ws/install/my_py_pkg/lib/python3.12/site-packages/my_py_pkg
[3.340s] copying /home/junge/ros2_ws/build/my_py_pkg/build/lib/my_py_pkg/__init__.py -> /home/junge/ros2_ws/install/my_py_pkg/lib/python3.12/site-packages/my_py_pkg
[3.341s] copying /home/junge/ros2_ws/build/my_py_pkg/build/lib/my_py_pkg/my_first_node.py -> /home/junge/ros2_ws/install/my_py_pkg/lib/python3.12/site-packages/my_py_pkg
[3.342s] copying /home/junge/ros2_ws/build/my_py_pkg/build/lib/my_py_pkg/template_python_node.py -> /home/junge/ros2_ws/install/my_py_pkg/lib/python3.12/site-packages/my_py_pkg
[3.342s] copying /home/junge/ros2_ws/build/my_py_pkg/build/lib/my_py_pkg/number_counter.py -> /home/junge/ros2_ws/install/my_py_pkg/lib/python3.12/site-packages/my_py_pkg
[3.342s] copying /home/junge/ros2_ws/build/my_py_pkg/build/lib/my_py_pkg/add_two_ints_client.py -> /home/junge/ros2_ws/install/my_py_pkg/lib/python3.12/site-packages/my_py_pkg
[3.343s] copying /home/junge/ros2_ws/build/my_py_pkg/build/lib/my_py_pkg/add_two_ints_client_no_oop.py -> /home/junge/ros2_ws/install/my_py_pkg/lib/python3.12/site-packages/my_py_pkg
[3.344s] byte-compiling /home/junge/ros2_ws/install/my_py_pkg/lib/python3.12/site-packages/my_py_pkg/smartphone.py to smartphone.cpython-312.pyc
[3.345s] byte-compiling /home/junge/ros2_ws/install/my_py_pkg/lib/python3.12/site-packages/my_py_pkg/add_two_ints_server.py to add_two_ints_server.cpython-312.pyc
[3.346s] byte-compiling /home/junge/ros2_ws/install/my_py_pkg/lib/python3.12/site-packages/my_py_pkg/number_publisher.py to number_publisher.cpython-312.pyc
[3.347s] byte-compiling /home/junge/ros2_ws/install/my_py_pkg/lib/python3.12/site-packages/my_py_pkg/robot_news_station.py to robot_news_station.cpython-312.pyc
[3.347s] byte-compiling /home/junge/ros2_ws/install/my_py_pkg/lib/python3.12/site-packages/my_py_pkg/__init__.py to __init__.cpython-312.pyc
[3.348s] byte-compiling /home/junge/ros2_ws/install/my_py_pkg/lib/python3.12/site-packages/my_py_pkg/my_first_node.py to my_first_node.cpython-312.pyc
[3.349s] byte-compiling /home/junge/ros2_ws/install/my_py_pkg/lib/python3.12/site-packages/my_py_pkg/template_python_node.py to template_python_node.cpython-312.pyc
[3.350s] byte-compiling /home/junge/ros2_ws/install/my_py_pkg/lib/python3.12/site-packages/my_py_pkg/number_counter.py to number_counter.cpython-312.pyc
[3.351s] byte-compiling /home/junge/ros2_ws/install/my_py_pkg/lib/python3.12/site-packages/my_py_pkg/add_two_ints_client.py to add_two_ints_client.cpython-312.pyc
[3.352s] byte-compiling /home/junge/ros2_ws/install/my_py_pkg/lib/python3.12/site-packages/my_py_pkg/add_two_ints_client_no_oop.py to add_two_ints_client_no_oop.cpython-312.pyc
[3.352s] running install_data
[3.353s] creating /home/junge/ros2_ws/install/my_py_pkg/share/ament_index
[3.353s] creating /home/junge/ros2_ws/install/my_py_pkg/share/ament_index/resource_index
[3.353s] creating /home/junge/ros2_ws/install/my_py_pkg/share/ament_index/resource_index/packages
[3.353s] copying resource/my_py_pkg -> /home/junge/ros2_ws/install/my_py_pkg/share/ament_index/resource_index/packages
[3.354s] copying package.xml -> /home/junge/ros2_ws/install/my_py_pkg/share/my_py_pkg
[3.354s] running install_egg_info
[3.407s] Copying ../../build/my_py_pkg/my_py_pkg.egg-info to /home/junge/ros2_ws/install/my_py_pkg/lib/python3.12/site-packages/my_py_pkg-0.0.0-py3.12.egg-info
[3.411s] running install_scripts
[3.826s] Installing add_two_ints_client script to /home/junge/ros2_ws/install/my_py_pkg/lib/my_py_pkg
[3.826s] Installing add_two_ints_client_no_oop script to /home/junge/ros2_ws/install/my_py_pkg/lib/my_py_pkg
[3.827s] Installing add_two_ints_server script to /home/junge/ros2_ws/install/my_py_pkg/lib/my_py_pkg
[3.828s] Installing number_counter script to /home/junge/ros2_ws/install/my_py_pkg/lib/my_py_pkg
[3.828s] Installing number_publisher script to /home/junge/ros2_ws/install/my_py_pkg/lib/my_py_pkg
[3.828s] Installing py_node script to /home/junge/ros2_ws/install/my_py_pkg/lib/my_py_pkg
[3.829s] Installing robot_news_station script to /home/junge/ros2_ws/install/my_py_pkg/lib/my_py_pkg
[3.829s] Installing smartphone script to /home/junge/ros2_ws/install/my_py_pkg/lib/my_py_pkg
[3.829s] writing list of installed files to '/home/junge/ros2_ws/build/my_py_pkg/install.log'
[3.908s] Invoked command in '/home/junge/ros2_ws/src/my_py_pkg' returned '0': DEBUGINFOD_URLS=https://debuginfod.ubuntu.com PYTHONPATH=/home/junge/ros2_ws/build/my_py_pkg/prefix_override:/usr/lib/python3/dist-packages/colcon_core/task/python/colcon_distutils_commands:/home/junge/ros2_ws/install/my_py_pkg/lib/python3.12/site-packages:${PYTHONPATH} /usr/bin/python3 -W ignore:setup.py install is deprecated -W ignore:easy_install command is deprecated setup.py egg_info --egg-base ../../build/my_py_pkg build --build-base /home/junge/ros2_ws/build/my_py_pkg/build install --record /home/junge/ros2_ws/build/my_py_pkg/install.log --single-version-externally-managed install_data
