[0.035s] Invoking command in '/home/junge/ros2_ws/build/my_robot_interfaces': CMAKE_PREFIX_PATH=${CMAKE_PREFIX_PATH}:/home/junge/ros2_ws/install/my_py_pkg:/opt/ros/jazzy DEBUGINFOD_URLS=https://debuginfod.ubuntu.com /usr/bin/cmake /home/junge/ros2_ws/src/my_robot_interfaces -DCMAKE_INSTALL_PREFIX=/home/junge/ros2_ws/install/my_robot_interfaces
[1.340s] -- The C compiler identification is GNU 13.3.0
[4.527s] -- The CXX compiler identification is GNU 13.3.0
[4.865s] -- Detecting C compiler ABI info
[5.943s] -- Detecting C compiler ABI info - done
[5.971s] -- Check for working C compiler: /usr/bin/cc - skipped
[5.972s] -- Detecting C compile features
[6.018s] -- Detecting C compile features - done
[6.150s] -- Detecting CXX compiler ABI info
[6.857s] -- Detecting CXX compiler ABI info - done
[6.888s] -- Check for working CXX compiler: /usr/bin/c++ - skipped
[6.890s] -- Detecting CXX compile features
[6.892s] -- Detecting CXX compile features - done
[7.577s] -- Found ament_cmake: 2.5.4 (/opt/ros/jazzy/share/ament_cmake/cmake)
[8.382s] -- Found Python3: /usr/bin/python3 (found version "3.12.3") found components: Interpreter 
[8.997s] -- Found rosidl_default_generators: 1.6.0 (/opt/ros/jazzy/share/rosidl_default_generators/cmake)
[9.093s] -- Using all available rosidl_typesupport_c: rosidl_typesupport_fastrtps_c;rosidl_typesupport_introspection_c
[10.022s] -- Using all available rosidl_typesupport_cpp: rosidl_typesupport_fastrtps_cpp;rosidl_typesupport_introspection_cpp
[11.058s] -- Found rosidl_adapter: 4.6.5 (/opt/ros/jazzy/share/rosidl_adapter/cmake)
[13.462s] -- Found ament_cmake_ros: 0.12.0 (/opt/ros/jazzy/share/ament_cmake_ros/cmake)
[15.374s] -- Using all available rosidl_typesupport_c: rosidl_typesupport_fastrtps_c;rosidl_typesupport_introspection_c
[17.892s] -- Using all available rosidl_typesupport_cpp: rosidl_typesupport_fastrtps_cpp;rosidl_typesupport_introspection_cpp
[18.089s] -- Found python_cmake_module: 0.11.1 (/opt/ros/jazzy/share/python_cmake_module/cmake)
[18.755s] -- Found PythonExtra: /usr/bin/python3  
[20.450s] -- Found Python3: /usr/bin/python3 (found version "3.12.3") found components: Interpreter Development NumPy Development.Module Development.Embed 
[21.309s] -- Configuring done (21.2s)
[21.446s] -- Generating done (0.1s)
[21.481s] -- Build files have been written to: /home/junge/ros2_ws/build/my_robot_interfaces
[21.513s] Invoked command in '/home/junge/ros2_ws/build/my_robot_interfaces' returned '0': CMAKE_PREFIX_PATH=${CMAKE_PREFIX_PATH}:/home/junge/ros2_ws/install/my_py_pkg:/opt/ros/jazzy DEBUGINFOD_URLS=https://debuginfod.ubuntu.com /usr/bin/cmake /home/junge/ros2_ws/src/my_robot_interfaces -DCMAKE_INSTALL_PREFIX=/home/junge/ros2_ws/install/my_robot_interfaces
[21.517s] Invoking command in '/home/junge/ros2_ws/build/my_robot_interfaces': CMAKE_PREFIX_PATH=${CMAKE_PREFIX_PATH}:/home/junge/ros2_ws/install/my_py_pkg:/opt/ros/jazzy DEBUGINFOD_URLS=https://debuginfod.ubuntu.com /usr/bin/cmake --build /home/junge/ros2_ws/build/my_robot_interfaces -- -j4 -l4
[21.974s] [  2%] [34m[1mGenerating type hashes for ROS interfaces[0m
[22.071s] [  2%] Built target ament_cmake_python_copy_my_robot_interfaces
[22.716s] [  2%] Built target my_robot_interfaces__rosidl_generator_type_description
[22.828s] [  5%] [34m[1mGenerating C code for ROS interfaces[0m
[22.844s] running egg_info
[22.848s] creating my_robot_interfaces.egg-info
[22.917s] writing my_robot_interfaces.egg-info/PKG-INFO
[22.918s] writing dependency_links to my_robot_interfaces.egg-info/dependency_links.txt
[22.918s] writing top-level names to my_robot_interfaces.egg-info/top_level.txt
[22.918s] writing manifest file 'my_robot_interfaces.egg-info/SOURCES.txt'
[22.929s] [  8%] [34m[1mGenerating C++ code for ROS interfaces[0m
[23.085s] reading manifest file 'my_robot_interfaces.egg-info/SOURCES.txt'
[23.086s] writing manifest file 'my_robot_interfaces.egg-info/SOURCES.txt'
[23.207s] [  8%] Built target ament_cmake_python_build_my_robot_interfaces_egg
[24.484s] [  8%] Built target my_robot_interfaces__cpp
[24.716s] [ 11%] [32mBuilding C object CMakeFiles/my_robot_interfaces__rosidl_generator_c.dir/rosidl_generator_c/my_robot_interfaces/msg/detail/hardware_status__description.c.o[0m
[24.718s] [ 14%] [32mBuilding C object CMakeFiles/my_robot_interfaces__rosidl_generator_c.dir/rosidl_generator_c/my_robot_interfaces/msg/detail/hardware_status__functions.c.o[0m
[24.733s] [ 17%] [32mBuilding C object CMakeFiles/my_robot_interfaces__rosidl_generator_c.dir/rosidl_generator_c/my_robot_interfaces/msg/detail/hardware_status__type_support.c.o[0m
[25.402s] [ 20%] [32m[1mLinking C shared library libmy_robot_interfaces__rosidl_generator_c.so[0m
[25.661s] [ 20%] Built target my_robot_interfaces__rosidl_generator_c
[25.948s] [ 23%] [34m[1mGenerating C++ introspection for ROS interfaces[0m
[25.965s] [ 26%] [34m[1mGenerating C++ type support dispatch for ROS interfaces[0m
[25.994s] [ 29%] [34m[1mGenerating C++ type support for eProsima Fast-RTPS[0m
[26.072s] [ 32%] [34m[1mGenerating C type support for eProsima Fast-RTPS[0m
[27.628s] [ 35%] [32mBuilding CXX object CMakeFiles/my_robot_interfaces__rosidl_typesupport_cpp.dir/rosidl_typesupport_cpp/my_robot_interfaces/msg/hardware_status__type_support.cpp.o[0m
[27.871s] [ 38%] [32mBuilding CXX object CMakeFiles/my_robot_interfaces__rosidl_typesupport_introspection_cpp.dir/rosidl_typesupport_introspection_cpp/my_robot_interfaces/msg/detail/hardware_status__type_support.cpp.o[0m
[27.877s] [ 41%] [32mBuilding CXX object CMakeFiles/my_robot_interfaces__rosidl_typesupport_fastrtps_cpp.dir/rosidl_typesupport_fastrtps_cpp/my_robot_interfaces/msg/detail/dds_fastrtps/hardware_status__type_support.cpp.o[0m
[27.999s] [ 44%] [32mBuilding CXX object CMakeFiles/my_robot_interfaces__rosidl_typesupport_fastrtps_c.dir/rosidl_typesupport_fastrtps_c/my_robot_interfaces/msg/detail/hardware_status__type_support_c.cpp.o[0m
[30.387s] [ 47%] [32m[1mLinking CXX shared library libmy_robot_interfaces__rosidl_typesupport_cpp.so[0m
[30.683s] [ 50%] [32m[1mLinking CXX shared library libmy_robot_interfaces__rosidl_typesupport_introspection_cpp.so[0m
[30.923s] [ 50%] Built target my_robot_interfaces__rosidl_typesupport_cpp
[31.015s] [ 52%] [34m[1mGenerating C introspection for ROS interfaces[0m
[31.232s] [ 52%] Built target my_robot_interfaces__rosidl_typesupport_introspection_cpp
[31.479s] [ 55%] [34m[1mGenerating C type support dispatch for ROS interfaces[0m
[31.540s] [ 58%] [32m[1mLinking CXX shared library libmy_robot_interfaces__rosidl_typesupport_fastrtps_cpp.so[0m
[31.595s] [ 61%] [32m[1mLinking CXX shared library libmy_robot_interfaces__rosidl_typesupport_fastrtps_c.so[0m
[32.333s] [ 61%] Built target my_robot_interfaces__rosidl_typesupport_fastrtps_c
[32.429s] [ 61%] Built target my_robot_interfaces__rosidl_typesupport_fastrtps_cpp
[32.503s] [ 64%] [32mBuilding C object CMakeFiles/my_robot_interfaces__rosidl_typesupport_introspection_c.dir/rosidl_typesupport_introspection_c/my_robot_interfaces/msg/detail/hardware_status__type_support.c.o[0m
[32.670s] [ 67%] [32mBuilding CXX object CMakeFiles/my_robot_interfaces__rosidl_typesupport_c.dir/rosidl_typesupport_c/my_robot_interfaces/msg/hardware_status__type_support.cpp.o[0m
[32.809s] [ 70%] [32m[1mLinking C shared library libmy_robot_interfaces__rosidl_typesupport_introspection_c.so[0m
[33.058s] [ 70%] Built target my_robot_interfaces__rosidl_typesupport_introspection_c
[33.061s] [ 73%] [32m[1mLinking CXX shared library libmy_robot_interfaces__rosidl_typesupport_c.so[0m
[33.296s] [ 73%] Built target my_robot_interfaces__rosidl_typesupport_c
[33.458s] [ 73%] Built target my_robot_interfaces
[33.592s] [ 76%] [34m[1mGenerating Python code for ROS interfaces[0m
[34.862s] [ 76%] Built target my_robot_interfaces__py
[35.002s] [ 79%] [32mBuilding C object CMakeFiles/my_robot_interfaces__rosidl_generator_py.dir/rosidl_generator_py/my_robot_interfaces/msg/_hardware_status_s.c.o[0m
[36.218s] [ 82%] [32m[1mLinking C shared library libmy_robot_interfaces__rosidl_generator_py.so[0m
[36.602s] [ 82%] Built target my_robot_interfaces__rosidl_generator_py
[37.181s] [ 85%] [32mBuilding C object CMakeFiles/my_robot_interfaces_s__rosidl_typesupport_fastrtps_c.dir/rosidl_generator_py/my_robot_interfaces/_my_robot_interfaces_s.ep.rosidl_typesupport_fastrtps_c.c.o[0m
[37.204s] [ 88%] [32mBuilding C object CMakeFiles/my_robot_interfaces_s__rosidl_typesupport_introspection_c.dir/rosidl_generator_py/my_robot_interfaces/_my_robot_interfaces_s.ep.rosidl_typesupport_introspection_c.c.o[0m
[37.205s] [ 91%] [32mBuilding C object CMakeFiles/my_robot_interfaces_s__rosidl_typesupport_c.dir/rosidl_generator_py/my_robot_interfaces/_my_robot_interfaces_s.ep.rosidl_typesupport_c.c.o[0m
[38.206s] [ 94%] [32m[1mLinking C shared module rosidl_generator_py/my_robot_interfaces/my_robot_interfaces_s__rosidl_typesupport_c.so[0m
[38.209s] [ 97%] [32m[1mLinking C shared module rosidl_generator_py/my_robot_interfaces/my_robot_interfaces_s__rosidl_typesupport_introspection_c.so[0m
[38.243s] [100%] [32m[1mLinking C shared module rosidl_generator_py/my_robot_interfaces/my_robot_interfaces_s__rosidl_typesupport_fastrtps_c.so[0m
[38.825s] [100%] Built target my_robot_interfaces_s__rosidl_typesupport_c
[38.869s] [100%] Built target my_robot_interfaces_s__rosidl_typesupport_introspection_c
[38.886s] [100%] Built target my_robot_interfaces_s__rosidl_typesupport_fastrtps_c
[38.957s] Invoked command in '/home/junge/ros2_ws/build/my_robot_interfaces' returned '0': CMAKE_PREFIX_PATH=${CMAKE_PREFIX_PATH}:/home/junge/ros2_ws/install/my_py_pkg:/opt/ros/jazzy DEBUGINFOD_URLS=https://debuginfod.ubuntu.com /usr/bin/cmake --build /home/junge/ros2_ws/build/my_robot_interfaces -- -j4 -l4
[39.015s] Invoking command in '/home/junge/ros2_ws/build/my_robot_interfaces': CMAKE_PREFIX_PATH=${CMAKE_PREFIX_PATH}:/home/junge/ros2_ws/install/my_py_pkg:/opt/ros/jazzy DEBUGINFOD_URLS=https://debuginfod.ubuntu.com /usr/bin/cmake --install /home/junge/ros2_ws/build/my_robot_interfaces
[39.089s] -- Install configuration: ""
[39.089s] -- Installing: /home/junge/ros2_ws/install/my_robot_interfaces/share/ament_index/resource_index/rosidl_interfaces/my_robot_interfaces
[39.089s] -- Installing: /home/junge/ros2_ws/install/my_robot_interfaces/share/my_robot_interfaces/msg/HardwareStatus.json
[39.091s] -- Installing: /home/junge/ros2_ws/install/my_robot_interfaces/include/my_robot_interfaces/my_robot_interfaces
[39.092s] -- Installing: /home/junge/ros2_ws/install/my_robot_interfaces/include/my_robot_interfaces/my_robot_interfaces/msg
[39.092s] -- Installing: /home/junge/ros2_ws/install/my_robot_interfaces/include/my_robot_interfaces/my_robot_interfaces/msg/hardware_status.h
[39.092s] -- Installing: /home/junge/ros2_ws/install/my_robot_interfaces/include/my_robot_interfaces/my_robot_interfaces/msg/rosidl_generator_c__visibility_control.h
[39.092s] -- Installing: /home/junge/ros2_ws/install/my_robot_interfaces/include/my_robot_interfaces/my_robot_interfaces/msg/detail
[39.092s] -- Installing: /home/junge/ros2_ws/install/my_robot_interfaces/include/my_robot_interfaces/my_robot_interfaces/msg/detail/hardware_status__functions.h
[39.093s] -- Installing: /home/junge/ros2_ws/install/my_robot_interfaces/include/my_robot_interfaces/my_robot_interfaces/msg/detail/hardware_status__type_support.c
[39.093s] -- Installing: /home/junge/ros2_ws/install/my_robot_interfaces/include/my_robot_interfaces/my_robot_interfaces/msg/detail/hardware_status__functions.c
[39.094s] -- Installing: /home/junge/ros2_ws/install/my_robot_interfaces/include/my_robot_interfaces/my_robot_interfaces/msg/detail/hardware_status__type_support.h
[39.094s] -- Installing: /home/junge/ros2_ws/install/my_robot_interfaces/include/my_robot_interfaces/my_robot_interfaces/msg/detail/hardware_status__description.c
[39.094s] -- Installing: /home/junge/ros2_ws/install/my_robot_interfaces/include/my_robot_interfaces/my_robot_interfaces/msg/detail/hardware_status__struct.h
[39.095s] -- Installing: /home/junge/ros2_ws/install/my_robot_interfaces/share/my_robot_interfaces/environment/library_path.sh
[39.096s] -- Installing: /home/junge/ros2_ws/install/my_robot_interfaces/share/my_robot_interfaces/environment/library_path.dsv
[39.100s] -- Installing: /home/junge/ros2_ws/install/my_robot_interfaces/lib/libmy_robot_interfaces__rosidl_generator_c.so
[39.100s] -- Set non-toolchain portion of runtime path of "/home/junge/ros2_ws/install/my_robot_interfaces/lib/libmy_robot_interfaces__rosidl_generator_c.so" to ""
[39.101s] -- Up-to-date: /home/junge/ros2_ws/install/my_robot_interfaces/include/my_robot_interfaces/my_robot_interfaces
[39.101s] -- Up-to-date: /home/junge/ros2_ws/install/my_robot_interfaces/include/my_robot_interfaces/my_robot_interfaces/msg
[39.101s] -- Installing: /home/junge/ros2_ws/install/my_robot_interfaces/include/my_robot_interfaces/my_robot_interfaces/msg/rosidl_typesupport_fastrtps_c__visibility_control.h
[39.101s] -- Up-to-date: /home/junge/ros2_ws/install/my_robot_interfaces/include/my_robot_interfaces/my_robot_interfaces/msg/detail
[39.101s] -- Installing: /home/junge/ros2_ws/install/my_robot_interfaces/include/my_robot_interfaces/my_robot_interfaces/msg/detail/hardware_status__rosidl_typesupport_fastrtps_c.h
[39.102s] -- Installing: /home/junge/ros2_ws/install/my_robot_interfaces/lib/libmy_robot_interfaces__rosidl_typesupport_fastrtps_c.so
[39.105s] -- Set non-toolchain portion of runtime path of "/home/junge/ros2_ws/install/my_robot_interfaces/lib/libmy_robot_interfaces__rosidl_typesupport_fastrtps_c.so" to ""
[39.105s] -- Up-to-date: /home/junge/ros2_ws/install/my_robot_interfaces/include/my_robot_interfaces/my_robot_interfaces
[39.105s] -- Up-to-date: /home/junge/ros2_ws/install/my_robot_interfaces/include/my_robot_interfaces/my_robot_interfaces/msg
[39.105s] -- Installing: /home/junge/ros2_ws/install/my_robot_interfaces/include/my_robot_interfaces/my_robot_interfaces/msg/rosidl_typesupport_introspection_c__visibility_control.h
[39.106s] -- Up-to-date: /home/junge/ros2_ws/install/my_robot_interfaces/include/my_robot_interfaces/my_robot_interfaces/msg/detail
[39.106s] -- Installing: /home/junge/ros2_ws/install/my_robot_interfaces/include/my_robot_interfaces/my_robot_interfaces/msg/detail/hardware_status__rosidl_typesupport_introspection_c.h
[39.106s] -- Installing: /home/junge/ros2_ws/install/my_robot_interfaces/include/my_robot_interfaces/my_robot_interfaces/msg/detail/hardware_status__type_support.c
[39.107s] -- Installing: /home/junge/ros2_ws/install/my_robot_interfaces/lib/libmy_robot_interfaces__rosidl_typesupport_introspection_c.so
[39.110s] -- Set non-toolchain portion of runtime path of "/home/junge/ros2_ws/install/my_robot_interfaces/lib/libmy_robot_interfaces__rosidl_typesupport_introspection_c.so" to ""
[39.110s] -- Installing: /home/junge/ros2_ws/install/my_robot_interfaces/lib/libmy_robot_interfaces__rosidl_typesupport_c.so
[39.114s] -- Set non-toolchain portion of runtime path of "/home/junge/ros2_ws/install/my_robot_interfaces/lib/libmy_robot_interfaces__rosidl_typesupport_c.so" to ""
[39.114s] -- Up-to-date: /home/junge/ros2_ws/install/my_robot_interfaces/include/my_robot_interfaces/my_robot_interfaces
[39.114s] -- Up-to-date: /home/junge/ros2_ws/install/my_robot_interfaces/include/my_robot_interfaces/my_robot_interfaces/msg
[39.115s] -- Installing: /home/junge/ros2_ws/install/my_robot_interfaces/include/my_robot_interfaces/my_robot_interfaces/msg/hardware_status.hpp
[39.115s] -- Up-to-date: /home/junge/ros2_ws/install/my_robot_interfaces/include/my_robot_interfaces/my_robot_interfaces/msg/detail
[39.116s] -- Installing: /home/junge/ros2_ws/install/my_robot_interfaces/include/my_robot_interfaces/my_robot_interfaces/msg/detail/hardware_status__builder.hpp
[39.116s] -- Installing: /home/junge/ros2_ws/install/my_robot_interfaces/include/my_robot_interfaces/my_robot_interfaces/msg/detail/hardware_status__type_support.hpp
[39.117s] -- Installing: /home/junge/ros2_ws/install/my_robot_interfaces/include/my_robot_interfaces/my_robot_interfaces/msg/detail/hardware_status__traits.hpp
[39.117s] -- Installing: /home/junge/ros2_ws/install/my_robot_interfaces/include/my_robot_interfaces/my_robot_interfaces/msg/detail/hardware_status__struct.hpp
[39.118s] -- Installing: /home/junge/ros2_ws/install/my_robot_interfaces/include/my_robot_interfaces/my_robot_interfaces/msg/rosidl_generator_cpp__visibility_control.hpp
[39.119s] -- Up-to-date: /home/junge/ros2_ws/install/my_robot_interfaces/include/my_robot_interfaces/my_robot_interfaces
[39.119s] -- Up-to-date: /home/junge/ros2_ws/install/my_robot_interfaces/include/my_robot_interfaces/my_robot_interfaces/msg
[39.119s] -- Installing: /home/junge/ros2_ws/install/my_robot_interfaces/include/my_robot_interfaces/my_robot_interfaces/msg/rosidl_typesupport_fastrtps_cpp__visibility_control.h
[39.120s] -- Up-to-date: /home/junge/ros2_ws/install/my_robot_interfaces/include/my_robot_interfaces/my_robot_interfaces/msg/detail
[39.120s] -- Installing: /home/junge/ros2_ws/install/my_robot_interfaces/include/my_robot_interfaces/my_robot_interfaces/msg/detail/hardware_status__rosidl_typesupport_fastrtps_cpp.hpp
[39.121s] -- Installing: /home/junge/ros2_ws/install/my_robot_interfaces/include/my_robot_interfaces/my_robot_interfaces/msg/detail/dds_fastrtps
[39.122s] -- Installing: /home/junge/ros2_ws/install/my_robot_interfaces/lib/libmy_robot_interfaces__rosidl_typesupport_fastrtps_cpp.so
[39.126s] -- Set non-toolchain portion of runtime path of "/home/junge/ros2_ws/install/my_robot_interfaces/lib/libmy_robot_interfaces__rosidl_typesupport_fastrtps_cpp.so" to ""
[39.127s] -- Up-to-date: /home/junge/ros2_ws/install/my_robot_interfaces/include/my_robot_interfaces/my_robot_interfaces
[39.128s] -- Up-to-date: /home/junge/ros2_ws/install/my_robot_interfaces/include/my_robot_interfaces/my_robot_interfaces/msg
[39.128s] -- Up-to-date: /home/junge/ros2_ws/install/my_robot_interfaces/include/my_robot_interfaces/my_robot_interfaces/msg/detail
[39.128s] -- Installing: /home/junge/ros2_ws/install/my_robot_interfaces/include/my_robot_interfaces/my_robot_interfaces/msg/detail/hardware_status__type_support.cpp
[39.129s] -- Installing: /home/junge/ros2_ws/install/my_robot_interfaces/include/my_robot_interfaces/my_robot_interfaces/msg/detail/hardware_status__rosidl_typesupport_introspection_cpp.hpp
[39.130s] -- Installing: /home/junge/ros2_ws/install/my_robot_interfaces/lib/libmy_robot_interfaces__rosidl_typesupport_introspection_cpp.so
[39.139s] -- Set non-toolchain portion of runtime path of "/home/junge/ros2_ws/install/my_robot_interfaces/lib/libmy_robot_interfaces__rosidl_typesupport_introspection_cpp.so" to ""
[39.139s] -- Installing: /home/junge/ros2_ws/install/my_robot_interfaces/lib/libmy_robot_interfaces__rosidl_typesupport_cpp.so
[39.141s] -- Set non-toolchain portion of runtime path of "/home/junge/ros2_ws/install/my_robot_interfaces/lib/libmy_robot_interfaces__rosidl_typesupport_cpp.so" to ""
[39.142s] -- Installing: /home/junge/ros2_ws/install/my_robot_interfaces/share/my_robot_interfaces/environment/pythonpath.sh
[39.142s] -- Installing: /home/junge/ros2_ws/install/my_robot_interfaces/share/my_robot_interfaces/environment/pythonpath.dsv
[39.143s] -- Installing: /home/junge/ros2_ws/install/my_robot_interfaces/lib/python3.12/site-packages/my_robot_interfaces-0.0.0-py3.12.egg-info
[39.144s] -- Installing: /home/junge/ros2_ws/install/my_robot_interfaces/lib/python3.12/site-packages/my_robot_interfaces-0.0.0-py3.12.egg-info/SOURCES.txt
[39.144s] -- Installing: /home/junge/ros2_ws/install/my_robot_interfaces/lib/python3.12/site-packages/my_robot_interfaces-0.0.0-py3.12.egg-info/PKG-INFO
[39.144s] -- Installing: /home/junge/ros2_ws/install/my_robot_interfaces/lib/python3.12/site-packages/my_robot_interfaces-0.0.0-py3.12.egg-info/top_level.txt
[39.145s] -- Installing: /home/junge/ros2_ws/install/my_robot_interfaces/lib/python3.12/site-packages/my_robot_interfaces-0.0.0-py3.12.egg-info/dependency_links.txt
[39.145s] -- Installing: /home/junge/ros2_ws/install/my_robot_interfaces/lib/python3.12/site-packages/my_robot_interfaces
[39.145s] -- Installing: /home/junge/ros2_ws/install/my_robot_interfaces/lib/python3.12/site-packages/my_robot_interfaces/msg
[39.145s] -- Installing: /home/junge/ros2_ws/install/my_robot_interfaces/lib/python3.12/site-packages/my_robot_interfaces/msg/_hardware_status_s.c
[39.148s] -- Installing: /home/junge/ros2_ws/install/my_robot_interfaces/lib/python3.12/site-packages/my_robot_interfaces/msg/__init__.py
[39.148s] -- Installing: /home/junge/ros2_ws/install/my_robot_interfaces/lib/python3.12/site-packages/my_robot_interfaces/msg/_hardware_status.py
[39.148s] -- Installing: /home/junge/ros2_ws/install/my_robot_interfaces/lib/python3.12/site-packages/my_robot_interfaces/my_robot_interfaces_s__rosidl_typesupport_introspection_c.so
[39.149s] -- Installing: /home/junge/ros2_ws/install/my_robot_interfaces/lib/python3.12/site-packages/my_robot_interfaces/_my_robot_interfaces_s.ep.rosidl_typesupport_introspection_c.c
[39.149s] -- Installing: /home/junge/ros2_ws/install/my_robot_interfaces/lib/python3.12/site-packages/my_robot_interfaces/_my_robot_interfaces_s.ep.rosidl_typesupport_c.c
[39.152s] -- Installing: /home/junge/ros2_ws/install/my_robot_interfaces/lib/python3.12/site-packages/my_robot_interfaces/my_robot_interfaces_s__rosidl_typesupport_c.so
[39.152s] -- Installing: /home/junge/ros2_ws/install/my_robot_interfaces/lib/python3.12/site-packages/my_robot_interfaces/__init__.py
[39.152s] -- Installing: /home/junge/ros2_ws/install/my_robot_interfaces/lib/python3.12/site-packages/my_robot_interfaces/my_robot_interfaces_s__rosidl_typesupport_fastrtps_c.so
[39.153s] -- Installing: /home/junge/ros2_ws/install/my_robot_interfaces/lib/python3.12/site-packages/my_robot_interfaces/_my_robot_interfaces_s.ep.rosidl_typesupport_fastrtps_c.c
[39.370s] Listing '/home/junge/ros2_ws/install/my_robot_interfaces/lib/python3.12/site-packages/my_robot_interfaces'...
[39.371s] Compiling '/home/junge/ros2_ws/install/my_robot_interfaces/lib/python3.12/site-packages/my_robot_interfaces/__init__.py'...
[39.371s] Listing '/home/junge/ros2_ws/install/my_robot_interfaces/lib/python3.12/site-packages/my_robot_interfaces/msg'...
[39.371s] Compiling '/home/junge/ros2_ws/install/my_robot_interfaces/lib/python3.12/site-packages/my_robot_interfaces/msg/__init__.py'...
[39.371s] Compiling '/home/junge/ros2_ws/install/my_robot_interfaces/lib/python3.12/site-packages/my_robot_interfaces/msg/_hardware_status.py'...
[39.387s] -- Installing: /home/junge/ros2_ws/install/my_robot_interfaces/lib/python3.12/site-packages/my_robot_interfaces/my_robot_interfaces_s__rosidl_typesupport_fastrtps_c.so
[39.389s] -- Set non-toolchain portion of runtime path of "/home/junge/ros2_ws/install/my_robot_interfaces/lib/python3.12/site-packages/my_robot_interfaces/my_robot_interfaces_s__rosidl_typesupport_fastrtps_c.so" to ""
[39.391s] -- Installing: /home/junge/ros2_ws/install/my_robot_interfaces/lib/python3.12/site-packages/my_robot_interfaces/my_robot_interfaces_s__rosidl_typesupport_introspection_c.so
[39.392s] -- Set non-toolchain portion of runtime path of "/home/junge/ros2_ws/install/my_robot_interfaces/lib/python3.12/site-packages/my_robot_interfaces/my_robot_interfaces_s__rosidl_typesupport_introspection_c.so" to ""
[39.394s] -- Installing: /home/junge/ros2_ws/install/my_robot_interfaces/lib/python3.12/site-packages/my_robot_interfaces/my_robot_interfaces_s__rosidl_typesupport_c.so
[39.397s] -- Set non-toolchain portion of runtime path of "/home/junge/ros2_ws/install/my_robot_interfaces/lib/python3.12/site-packages/my_robot_interfaces/my_robot_interfaces_s__rosidl_typesupport_c.so" to ""
[39.398s] -- Installing: /home/junge/ros2_ws/install/my_robot_interfaces/lib/libmy_robot_interfaces__rosidl_generator_py.so
[39.401s] -- Set non-toolchain portion of runtime path of "/home/junge/ros2_ws/install/my_robot_interfaces/lib/libmy_robot_interfaces__rosidl_generator_py.so" to ""
[39.402s] -- Installing: /home/junge/ros2_ws/install/my_robot_interfaces/share/my_robot_interfaces/msg/HardwareStatus.idl
[39.403s] -- Installing: /home/junge/ros2_ws/install/my_robot_interfaces/share/my_robot_interfaces/msg/HardwareStatus.msg
[39.404s] -- Installing: /home/junge/ros2_ws/install/my_robot_interfaces/share/ament_index/resource_index/package_run_dependencies/my_robot_interfaces
[39.405s] -- Installing: /home/junge/ros2_ws/install/my_robot_interfaces/share/ament_index/resource_index/parent_prefix_path/my_robot_interfaces
[39.405s] -- Installing: /home/junge/ros2_ws/install/my_robot_interfaces/share/my_robot_interfaces/environment/ament_prefix_path.sh
[39.406s] -- Installing: /home/junge/ros2_ws/install/my_robot_interfaces/share/my_robot_interfaces/environment/ament_prefix_path.dsv
[39.406s] -- Installing: /home/junge/ros2_ws/install/my_robot_interfaces/share/my_robot_interfaces/environment/path.sh
[39.407s] -- Installing: /home/junge/ros2_ws/install/my_robot_interfaces/share/my_robot_interfaces/environment/path.dsv
[39.408s] -- Installing: /home/junge/ros2_ws/install/my_robot_interfaces/share/my_robot_interfaces/local_setup.bash
[39.408s] -- Installing: /home/junge/ros2_ws/install/my_robot_interfaces/share/my_robot_interfaces/local_setup.sh
[39.409s] -- Installing: /home/junge/ros2_ws/install/my_robot_interfaces/share/my_robot_interfaces/local_setup.zsh
[39.409s] -- Installing: /home/junge/ros2_ws/install/my_robot_interfaces/share/my_robot_interfaces/local_setup.dsv
[39.410s] -- Installing: /home/junge/ros2_ws/install/my_robot_interfaces/share/my_robot_interfaces/package.dsv
[39.411s] -- Installing: /home/junge/ros2_ws/install/my_robot_interfaces/share/ament_index/resource_index/packages/my_robot_interfaces
[39.412s] -- Installing: /home/junge/ros2_ws/install/my_robot_interfaces/share/my_robot_interfaces/cmake/export_my_robot_interfaces__rosidl_generator_cExport.cmake
[39.413s] -- Installing: /home/junge/ros2_ws/install/my_robot_interfaces/share/my_robot_interfaces/cmake/export_my_robot_interfaces__rosidl_generator_cExport-noconfig.cmake
[39.414s] -- Installing: /home/junge/ros2_ws/install/my_robot_interfaces/share/my_robot_interfaces/cmake/export_my_robot_interfaces__rosidl_typesupport_fastrtps_cExport.cmake
[39.415s] -- Installing: /home/junge/ros2_ws/install/my_robot_interfaces/share/my_robot_interfaces/cmake/export_my_robot_interfaces__rosidl_typesupport_fastrtps_cExport-noconfig.cmake
[39.415s] -- Installing: /home/junge/ros2_ws/install/my_robot_interfaces/share/my_robot_interfaces/cmake/my_robot_interfaces__rosidl_typesupport_introspection_cExport.cmake
[39.416s] -- Installing: /home/junge/ros2_ws/install/my_robot_interfaces/share/my_robot_interfaces/cmake/my_robot_interfaces__rosidl_typesupport_introspection_cExport-noconfig.cmake
[39.416s] -- Installing: /home/junge/ros2_ws/install/my_robot_interfaces/share/my_robot_interfaces/cmake/my_robot_interfaces__rosidl_typesupport_cExport.cmake
[39.417s] -- Installing: /home/junge/ros2_ws/install/my_robot_interfaces/share/my_robot_interfaces/cmake/my_robot_interfaces__rosidl_typesupport_cExport-noconfig.cmake
[39.417s] -- Installing: /home/junge/ros2_ws/install/my_robot_interfaces/share/my_robot_interfaces/cmake/export_my_robot_interfaces__rosidl_generator_cppExport.cmake
[39.418s] -- Installing: /home/junge/ros2_ws/install/my_robot_interfaces/share/my_robot_interfaces/cmake/export_my_robot_interfaces__rosidl_typesupport_fastrtps_cppExport.cmake
[39.419s] -- Installing: /home/junge/ros2_ws/install/my_robot_interfaces/share/my_robot_interfaces/cmake/export_my_robot_interfaces__rosidl_typesupport_fastrtps_cppExport-noconfig.cmake
[39.419s] -- Installing: /home/junge/ros2_ws/install/my_robot_interfaces/share/my_robot_interfaces/cmake/my_robot_interfaces__rosidl_typesupport_introspection_cppExport.cmake
[39.420s] -- Installing: /home/junge/ros2_ws/install/my_robot_interfaces/share/my_robot_interfaces/cmake/my_robot_interfaces__rosidl_typesupport_introspection_cppExport-noconfig.cmake
[39.420s] -- Installing: /home/junge/ros2_ws/install/my_robot_interfaces/share/my_robot_interfaces/cmake/my_robot_interfaces__rosidl_typesupport_cppExport.cmake
[39.421s] -- Installing: /home/junge/ros2_ws/install/my_robot_interfaces/share/my_robot_interfaces/cmake/my_robot_interfaces__rosidl_typesupport_cppExport-noconfig.cmake
[39.422s] -- Installing: /home/junge/ros2_ws/install/my_robot_interfaces/share/my_robot_interfaces/cmake/export_my_robot_interfaces__rosidl_generator_pyExport.cmake
[39.422s] -- Installing: /home/junge/ros2_ws/install/my_robot_interfaces/share/my_robot_interfaces/cmake/export_my_robot_interfaces__rosidl_generator_pyExport-noconfig.cmake
[39.423s] -- Installing: /home/junge/ros2_ws/install/my_robot_interfaces/share/my_robot_interfaces/cmake/rosidl_cmake-extras.cmake
[39.423s] -- Installing: /home/junge/ros2_ws/install/my_robot_interfaces/share/my_robot_interfaces/cmake/ament_cmake_export_include_directories-extras.cmake
[39.424s] -- Installing: /home/junge/ros2_ws/install/my_robot_interfaces/share/my_robot_interfaces/cmake/ament_cmake_export_libraries-extras.cmake
[39.424s] -- Installing: /home/junge/ros2_ws/install/my_robot_interfaces/share/my_robot_interfaces/cmake/ament_cmake_export_targets-extras.cmake
[39.425s] -- Installing: /home/junge/ros2_ws/install/my_robot_interfaces/share/my_robot_interfaces/cmake/rosidl_cmake_export_typesupport_targets-extras.cmake
[39.425s] -- Installing: /home/junge/ros2_ws/install/my_robot_interfaces/share/my_robot_interfaces/cmake/ament_cmake_export_dependencies-extras.cmake
[39.426s] -- Installing: /home/junge/ros2_ws/install/my_robot_interfaces/share/my_robot_interfaces/cmake/rosidl_cmake_export_typesupport_libraries-extras.cmake
[39.427s] -- Installing: /home/junge/ros2_ws/install/my_robot_interfaces/share/my_robot_interfaces/cmake/my_robot_interfacesConfig.cmake
[39.428s] -- Installing: /home/junge/ros2_ws/install/my_robot_interfaces/share/my_robot_interfaces/cmake/my_robot_interfacesConfig-version.cmake
[39.430s] -- Installing: /home/junge/ros2_ws/install/my_robot_interfaces/share/my_robot_interfaces/package.xml
[39.449s] Invoked command in '/home/junge/ros2_ws/build/my_robot_interfaces' returned '0': CMAKE_PREFIX_PATH=${CMAKE_PREFIX_PATH}:/home/junge/ros2_ws/install/my_py_pkg:/opt/ros/jazzy DEBUGINFOD_URLS=https://debuginfod.ubuntu.com /usr/bin/cmake --install /home/junge/ros2_ws/build/my_robot_interfaces
