[2.562s] Invoking command in '/home/junge/ros2_ws/build/my_py_pkg': DEBUGINFOD_URLS=https://debuginfod.ubuntu.com PYTHONPATH=/home/junge/ros2_ws/build/my_py_pkg/prefix_override:/usr/lib/python3/dist-packages/colcon_core/task/python/colcon_distutils_commands:/home/junge/ros2_ws/install/my_py_pkg/lib/python3.12/site-packages:/home/junge/ros2_ws/install/my_robot_interfaces/lib/python3.12/site-packages:/home/junge/ros2_ws/build/my_py_pkg:/home/junge/ros2_ws/install/my_py_pkg/lib/python3.12/site-packages:/opt/ros/jazzy/lib/python3.12/site-packages /usr/bin/python3 -W ignore:setup.py install is deprecated -W ignore:easy_install command is deprecated setup.py develop --editable --build-directory /home/junge/ros2_ws/build/my_py_pkg/build --no-deps symlink_data
[3.555s] running develop
[4.151s] running egg_info
[4.200s] writing my_py_pkg.egg-info/PKG-INFO
[4.201s] writing dependency_links to my_py_pkg.egg-info/dependency_links.txt
[4.202s] writing entry points to my_py_pkg.egg-info/entry_points.txt
[4.202s] writing requirements to my_py_pkg.egg-info/requires.txt
[4.203s] writing top-level names to my_py_pkg.egg-info/top_level.txt
[4.310s] reading manifest file 'my_py_pkg.egg-info/SOURCES.txt'
[4.313s] writing manifest file 'my_py_pkg.egg-info/SOURCES.txt'
[4.375s] running build_ext
[4.375s] Creating /home/junge/ros2_ws/install/my_py_pkg/lib/python3.12/site-packages/my-py-pkg.egg-link (link to .)
[4.378s] Installing add_two_ints_client script to /home/junge/ros2_ws/install/my_py_pkg/lib/my_py_pkg
[4.378s] Installing add_two_ints_client_no_oop script to /home/junge/ros2_ws/install/my_py_pkg/lib/my_py_pkg
[4.378s] Installing add_two_ints_server script to /home/junge/ros2_ws/install/my_py_pkg/lib/my_py_pkg
[4.378s] Installing battery script to /home/junge/ros2_ws/install/my_py_pkg/lib/my_py_pkg
[4.378s] Installing hw_status_publisher script to /home/junge/ros2_ws/install/my_py_pkg/lib/my_py_pkg
[4.379s] Installing led_panel script to /home/junge/ros2_ws/install/my_py_pkg/lib/my_py_pkg
[4.379s] Installing number_counter script to /home/junge/ros2_ws/install/my_py_pkg/lib/my_py_pkg
[4.380s] Installing number_publisher script to /home/junge/ros2_ws/install/my_py_pkg/lib/my_py_pkg
[4.380s] Installing py_node script to /home/junge/ros2_ws/install/my_py_pkg/lib/my_py_pkg
[4.381s] Installing robot_news_station script to /home/junge/ros2_ws/install/my_py_pkg/lib/my_py_pkg
[4.381s] Installing smartphone script to /home/junge/ros2_ws/install/my_py_pkg/lib/my_py_pkg
[4.382s] 
[4.382s] Installed /home/junge/ros2_ws/build/my_py_pkg
[4.382s] running symlink_data
[4.454s] Invoked command in '/home/junge/ros2_ws/build/my_py_pkg' returned '0': DEBUGINFOD_URLS=https://debuginfod.ubuntu.com PYTHONPATH=/home/junge/ros2_ws/build/my_py_pkg/prefix_override:/usr/lib/python3/dist-packages/colcon_core/task/python/colcon_distutils_commands:/home/junge/ros2_ws/install/my_py_pkg/lib/python3.12/site-packages:/home/junge/ros2_ws/install/my_robot_interfaces/lib/python3.12/site-packages:/home/junge/ros2_ws/build/my_py_pkg:/home/junge/ros2_ws/install/my_py_pkg/lib/python3.12/site-packages:/opt/ros/jazzy/lib/python3.12/site-packages /usr/bin/python3 -W ignore:setup.py install is deprecated -W ignore:easy_install command is deprecated setup.py develop --editable --build-directory /home/junge/ros2_ws/build/my_py_pkg/build --no-deps symlink_data
